<?xml version="1.0" encoding="UTF-8"?>
<robot generator="Robot 6.1 (Python 3.11.4 on win32)" generated="20230726 00:20:04.544" rpa="false" schemaversion="4">
<suite id="s1" name="Tests" source="C:\Users\Admin\PycharmProjects\SauceDemoAssignment\tests">
<suite id="s1-s1" name="Cart Tests" source="C:\Users\Admin\PycharmProjects\SauceDemoAssignment\tests\cart_tests.robot">
<test id="s1-s1-t1" name="Verify a product can be added to the cart" line="14">
<kw name="Setup Test For Cart" library="app_keywords" type="SETUP">
<kw name="Open Application" library="app_keywords">
<kw name="Open Browser" library="SeleniumLibrary">
<arg>${BASE_URL}</arg>
<arg>${BROWSER}</arg>
<doc>Opens a new browser instance to the optional ``url``.</doc>
<msg timestamp="20230726 00:20:04.805" level="INFO">Opening browser 'Chrome' to base url 'https://www.saucedemo.com/'.</msg>
<status status="PASS" starttime="20230726 00:20:04.804" endtime="20230726 00:20:11.115"/>
</kw>
<kw name="Maximize Browser Window" library="SeleniumLibrary">
<doc>Maximizes current browser window.</doc>
<status status="PASS" starttime="20230726 00:20:11.116" endtime="20230726 00:20:11.267"/>
</kw>
<status status="PASS" starttime="20230726 00:20:04.804" endtime="20230726 00:20:11.267"/>
</kw>
<kw name="Login" library="app_keywords">
<arg>${standard_user}</arg>
<arg>${password}</arg>
<kw name="Input Text" library="SeleniumLibrary">
<arg>${username_locator}</arg>
<arg>${username}</arg>
<doc>Types the given ``text`` into the text field identified by ``locator``.</doc>
<msg timestamp="20230726 00:20:11.269" level="INFO">Typing text 'standard_user' into text field '//input[@data-test="username"]'.</msg>
<status status="PASS" starttime="20230726 00:20:11.268" endtime="20230726 00:20:11.470"/>
</kw>
<kw name="Input Text" library="SeleniumLibrary">
<arg>${password_locator}</arg>
<arg>${password}</arg>
<doc>Types the given ``text`` into the text field identified by ``locator``.</doc>
<msg timestamp="20230726 00:20:11.471" level="INFO">Typing text 'secret_sauce' into text field '//input[@data-test="password"]'.</msg>
<status status="PASS" starttime="20230726 00:20:11.470" endtime="20230726 00:20:11.562"/>
</kw>
<kw name="Click Button" library="SeleniumLibrary">
<arg>${login_button_locator}</arg>
<doc>Clicks the button identified by ``locator``.</doc>
<msg timestamp="20230726 00:20:11.563" level="INFO">Clicking button '//input[@data-test="login-button"]'.</msg>
<status status="PASS" starttime="20230726 00:20:11.563" endtime="20230726 00:20:11.681"/>
</kw>
<status status="PASS" starttime="20230726 00:20:11.267" endtime="20230726 00:20:11.681"/>
</kw>
<status status="PASS" starttime="20230726 00:20:04.803" endtime="20230726 00:20:11.681"/>
</kw>
<kw name="Log Message" library="app_keywords">
<arg>Test adding a product to the cart started</arg>
<kw name="Get Current Date" library="DateTime">
<var>${timestamp}</var>
<arg>result_format=%Y-%m-%d %H:%M:%S</arg>
<doc>Returns current local or UTC time with an optional increment.</doc>
<msg timestamp="20230726 00:20:11.683" level="INFO">${timestamp} = 2023-07-26 00:20:11</msg>
<status status="PASS" starttime="20230726 00:20:11.682" endtime="20230726 00:20:11.683"/>
</kw>
<kw name="Log" library="BuiltIn">
<arg>${timestamp} - ${level} - ${message}</arg>
<doc>Logs the given message with the given level.</doc>
<msg timestamp="20230726 00:20:11.684" level="INFO">2023-07-26 00:20:11 - INFO - Test adding a product to the cart started</msg>
<status status="PASS" starttime="20230726 00:20:11.684" endtime="20230726 00:20:11.684"/>
</kw>
<kw name="Run Keyword And Return Status" library="BuiltIn">
<var>${status}</var>
<arg>Write Log To File</arg>
<arg>C:/Users/Admin/PycharmProjects/SauceDemoAssignment/utils/log.txt</arg>
<arg>${timestamp} - ${level} - ${message}</arg>
<doc>Runs the given keyword with given arguments and returns the status as a Boolean value.</doc>
<kw name="Write Log To File" library="app_keywords">
<arg>C:/Users/Admin/PycharmProjects/SauceDemoAssignment/utils/log.txt</arg>
<arg>${timestamp} - ${level} - ${message}</arg>
<kw name="Append To File" library="OperatingSystem">
<arg>${file_path}</arg>
<arg>${message}\n</arg>
<doc>Appends the given content to the specified file.</doc>
<msg timestamp="20230726 00:20:11.789" level="INFO" html="true">Appended to file '&lt;a href="file://C:\Users\Admin\PycharmProjects\SauceDemoAssignment\utils\log.txt"&gt;C:\Users\Admin\PycharmProjects\SauceDemoAssignment\utils\log.txt&lt;/a&gt;'.</msg>
<status status="PASS" starttime="20230726 00:20:11.686" endtime="20230726 00:20:11.790"/>
</kw>
<status status="PASS" starttime="20230726 00:20:11.685" endtime="20230726 00:20:11.790"/>
</kw>
<msg timestamp="20230726 00:20:11.790" level="INFO">${status} = True</msg>
<status status="PASS" starttime="20230726 00:20:11.684" endtime="20230726 00:20:11.790"/>
</kw>
<kw name="Run Keyword If" library="BuiltIn">
<arg>'${status}'=='FAIL'</arg>
<arg>Log</arg>
<arg>Writing log to file failed</arg>
<doc>Runs the given keyword with the given arguments, if ``condition`` is true.</doc>
<status status="PASS" starttime="20230726 00:20:11.790" endtime="20230726 00:20:11.791"/>
</kw>
<status status="PASS" starttime="20230726 00:20:11.682" endtime="20230726 00:20:11.791"/>
</kw>
<kw name="Wait Until Page Contains Element" library="SeleniumLibrary">
<arg>${product_1}</arg>
<arg>timeout=10s</arg>
<doc>Waits until the element ``locator`` appears on the current page.</doc>
<status status="PASS" starttime="20230726 00:20:11.792" endtime="20230726 00:20:11.813"/>
</kw>
<kw name="Select Product" library="app_keywords">
<arg>${product_1}</arg>
<kw name="Wait Until Element Is Visible" library="SeleniumLibrary">
<arg>${product_locator}</arg>
<doc>Waits until the element ``locator`` is visible.</doc>
<status status="PASS" starttime="20230726 00:20:11.815" endtime="20230726 00:20:11.846"/>
</kw>
<kw name="Click Element" library="SeleniumLibrary">
<arg>${product_locator}</arg>
<doc>Click the element identified by ``locator``.</doc>
<msg timestamp="20230726 00:20:11.846" level="INFO">Clicking element '//div[normalize-space()="Sauce Labs Backpack"]'.</msg>
<status status="PASS" starttime="20230726 00:20:11.846" endtime="20230726 00:20:11.902"/>
</kw>
<status status="PASS" starttime="20230726 00:20:11.814" endtime="20230726 00:20:11.902"/>
</kw>
<kw name="Add Product To Cart" library="app_keywords">
<arg>${Add_to_cart_product_1}</arg>
<kw name="Wait Until Element Is Visible" library="SeleniumLibrary">
<arg>${add_to_cart_button_locator}</arg>
<doc>Waits until the element ``locator`` is visible.</doc>
<status status="PASS" starttime="20230726 00:20:11.903" endtime="20230726 00:20:11.947"/>
</kw>
<kw name="Click Element" library="SeleniumLibrary">
<arg>${add_to_cart_button_locator}</arg>
<doc>Click the element identified by ``locator``.</doc>
<msg timestamp="20230726 00:20:11.948" level="INFO">Clicking element '//button[@id="add-to-cart-sauce-labs-backpack"]'.</msg>
<status status="PASS" starttime="20230726 00:20:11.947" endtime="20230726 00:20:11.996"/>
</kw>
<status status="PASS" starttime="20230726 00:20:11.902" endtime="20230726 00:20:11.996"/>
</kw>
<kw name="Get Cart Count" library="app_keywords">
<var>${cart_count}</var>
<kw name="Get Text" library="SeleniumLibrary">
<var>${cart_count}</var>
<arg>${cart_count_locator}</arg>
<doc>Returns the text value of the element identified by ``locator``.</doc>
<msg timestamp="20230726 00:20:12.024" level="INFO">${cart_count} = 1</msg>
<status status="PASS" starttime="20230726 00:20:11.997" endtime="20230726 00:20:12.024"/>
</kw>
<msg timestamp="20230726 00:20:12.024" level="INFO">${cart_count} = 1</msg>
<status status="PASS" starttime="20230726 00:20:11.996" endtime="20230726 00:20:12.024"/>
</kw>
<kw name="Should Be Equal As Integers" library="BuiltIn">
<arg>${cart_count}</arg>
<arg>1</arg>
<doc>Fails if objects are unequal after converting them to integers.</doc>
<status status="PASS" starttime="20230726 00:20:12.024" endtime="20230726 00:20:12.026"/>
</kw>
<kw name="Log Message" library="app_keywords">
<arg>Test adding a product to the cart finished</arg>
<kw name="Get Current Date" library="DateTime">
<var>${timestamp}</var>
<arg>result_format=%Y-%m-%d %H:%M:%S</arg>
<doc>Returns current local or UTC time with an optional increment.</doc>
<msg timestamp="20230726 00:20:12.026" level="INFO">${timestamp} = 2023-07-26 00:20:12</msg>
<status status="PASS" starttime="20230726 00:20:12.026" endtime="20230726 00:20:12.026"/>
</kw>
<kw name="Log" library="BuiltIn">
<arg>${timestamp} - ${level} - ${message}</arg>
<doc>Logs the given message with the given level.</doc>
<msg timestamp="20230726 00:20:12.027" level="INFO">2023-07-26 00:20:12 - INFO - Test adding a product to the cart finished</msg>
<status status="PASS" starttime="20230726 00:20:12.026" endtime="20230726 00:20:12.027"/>
</kw>
<kw name="Run Keyword And Return Status" library="BuiltIn">
<var>${status}</var>
<arg>Write Log To File</arg>
<arg>C:/Users/Admin/PycharmProjects/SauceDemoAssignment/utils/log.txt</arg>
<arg>${timestamp} - ${level} - ${message}</arg>
<doc>Runs the given keyword with given arguments and returns the status as a Boolean value.</doc>
<kw name="Write Log To File" library="app_keywords">
<arg>C:/Users/Admin/PycharmProjects/SauceDemoAssignment/utils/log.txt</arg>
<arg>${timestamp} - ${level} - ${message}</arg>
<kw name="Append To File" library="OperatingSystem">
<arg>${file_path}</arg>
<arg>${message}\n</arg>
<doc>Appends the given content to the specified file.</doc>
<msg timestamp="20230726 00:20:12.028" level="INFO" html="true">Appended to file '&lt;a href="file://C:\Users\Admin\PycharmProjects\SauceDemoAssignment\utils\log.txt"&gt;C:\Users\Admin\PycharmProjects\SauceDemoAssignment\utils\log.txt&lt;/a&gt;'.</msg>
<status status="PASS" starttime="20230726 00:20:12.028" endtime="20230726 00:20:12.029"/>
</kw>
<status status="PASS" starttime="20230726 00:20:12.027" endtime="20230726 00:20:12.029"/>
</kw>
<msg timestamp="20230726 00:20:12.029" level="INFO">${status} = True</msg>
<status status="PASS" starttime="20230726 00:20:12.027" endtime="20230726 00:20:12.029"/>
</kw>
<kw name="Run Keyword If" library="BuiltIn">
<arg>'${status}'=='FAIL'</arg>
<arg>Log</arg>
<arg>Writing log to file failed</arg>
<doc>Runs the given keyword with the given arguments, if ``condition`` is true.</doc>
<status status="PASS" starttime="20230726 00:20:12.029" endtime="20230726 00:20:12.029"/>
</kw>
<status status="PASS" starttime="20230726 00:20:12.026" endtime="20230726 00:20:12.029"/>
</kw>
<kw name="Run Keywords" library="BuiltIn" type="TEARDOWN">
<arg>Capture Screenshot If Failed</arg>
<arg>AND</arg>
<arg>Close Application</arg>
<doc>Executes all the given keywords in a sequence.</doc>
<kw name="Capture Screenshot If Failed" library="app_keywords">
<kw name="Run Keyword If Test Failed" library="BuiltIn">
<arg>Capture Page Screenshot</arg>
<arg>filename=screenshots/${SUITE NAME}_${TEST NAME}_fail.png</arg>
<doc>Runs the given keyword with the given arguments, if the test failed.</doc>
<status status="PASS" starttime="20230726 00:20:12.030" endtime="20230726 00:20:12.031"/>
</kw>
<status status="PASS" starttime="20230726 00:20:12.030" endtime="20230726 00:20:12.031"/>
</kw>
<kw name="Close Application" library="app_keywords">
<kw name="Close Browser" library="SeleniumLibrary">
<doc>Closes the current browser.</doc>
<status status="PASS" starttime="20230726 00:20:12.031" endtime="20230726 00:20:14.383"/>
</kw>
<status status="PASS" starttime="20230726 00:20:12.031" endtime="20230726 00:20:14.383"/>
</kw>
<status status="PASS" starttime="20230726 00:20:12.030" endtime="20230726 00:20:14.384"/>
</kw>
<doc>Test adding a product to the cart (TC101.1).</doc>
<tag>cart</tag>
<tag>TC101.1</tag>
<tag>TS101</tag>
<status status="PASS" starttime="20230726 00:20:04.803" endtime="20230726 00:20:14.384"/>
</test>
<test id="s1-s1-t2" name="Verify a product can be removed from the cart" line="25">
<kw name="Setup Test For Cart" library="app_keywords" type="SETUP">
<kw name="Open Application" library="app_keywords">
<kw name="Open Browser" library="SeleniumLibrary">
<arg>${BASE_URL}</arg>
<arg>${BROWSER}</arg>
<doc>Opens a new browser instance to the optional ``url``.</doc>
<msg timestamp="20230726 00:20:14.393" level="INFO">Opening browser 'Chrome' to base url 'https://www.saucedemo.com/'.</msg>
<status status="PASS" starttime="20230726 00:20:14.391" endtime="20230726 00:20:21.358"/>
</kw>
<kw name="Maximize Browser Window" library="SeleniumLibrary">
<doc>Maximizes current browser window.</doc>
<status status="PASS" starttime="20230726 00:20:21.358" endtime="20230726 00:20:21.475"/>
</kw>
<status status="PASS" starttime="20230726 00:20:14.390" endtime="20230726 00:20:21.475"/>
</kw>
<kw name="Login" library="app_keywords">
<arg>${standard_user}</arg>
<arg>${password}</arg>
<kw name="Input Text" library="SeleniumLibrary">
<arg>${username_locator}</arg>
<arg>${username}</arg>
<doc>Types the given ``text`` into the text field identified by ``locator``.</doc>
<msg timestamp="20230726 00:20:21.476" level="INFO">Typing text 'standard_user' into text field '//input[@data-test="username"]'.</msg>
<status status="PASS" starttime="20230726 00:20:21.475" endtime="20230726 00:20:21.628"/>
</kw>
<kw name="Input Text" library="SeleniumLibrary">
<arg>${password_locator}</arg>
<arg>${password}</arg>
<doc>Types the given ``text`` into the text field identified by ``locator``.</doc>
<msg timestamp="20230726 00:20:21.629" level="INFO">Typing text 'secret_sauce' into text field '//input[@data-test="password"]'.</msg>
<status status="PASS" starttime="20230726 00:20:21.628" endtime="20230726 00:20:21.757"/>
</kw>
<kw name="Click Button" library="SeleniumLibrary">
<arg>${login_button_locator}</arg>
<doc>Clicks the button identified by ``locator``.</doc>
<msg timestamp="20230726 00:20:21.763" level="INFO">Clicking button '//input[@data-test="login-button"]'.</msg>
<status status="PASS" starttime="20230726 00:20:21.759" endtime="20230726 00:20:21.905"/>
</kw>
<status status="PASS" starttime="20230726 00:20:21.475" endtime="20230726 00:20:21.905"/>
</kw>
<status status="PASS" starttime="20230726 00:20:14.389" endtime="20230726 00:20:21.905"/>
</kw>
<kw name="Log Message" library="app_keywords">
<arg>Test removing a product from the cart started</arg>
<kw name="Get Current Date" library="DateTime">
<var>${timestamp}</var>
<arg>result_format=%Y-%m-%d %H:%M:%S</arg>
<doc>Returns current local or UTC time with an optional increment.</doc>
<msg timestamp="20230726 00:20:21.906" level="INFO">${timestamp} = 2023-07-26 00:20:21</msg>
<status status="PASS" starttime="20230726 00:20:21.906" endtime="20230726 00:20:21.907"/>
</kw>
<kw name="Log" library="BuiltIn">
<arg>${timestamp} - ${level} - ${message}</arg>
<doc>Logs the given message with the given level.</doc>
<msg timestamp="20230726 00:20:21.907" level="INFO">2023-07-26 00:20:21 - INFO - Test removing a product from the cart started</msg>
<status status="PASS" starttime="20230726 00:20:21.907" endtime="20230726 00:20:21.907"/>
</kw>
<kw name="Run Keyword And Return Status" library="BuiltIn">
<var>${status}</var>
<arg>Write Log To File</arg>
<arg>C:/Users/Admin/PycharmProjects/SauceDemoAssignment/utils/log.txt</arg>
<arg>${timestamp} - ${level} - ${message}</arg>
<doc>Runs the given keyword with given arguments and returns the status as a Boolean value.</doc>
<kw name="Write Log To File" library="app_keywords">
<arg>C:/Users/Admin/PycharmProjects/SauceDemoAssignment/utils/log.txt</arg>
<arg>${timestamp} - ${level} - ${message}</arg>
<kw name="Append To File" library="OperatingSystem">
<arg>${file_path}</arg>
<arg>${message}\n</arg>
<doc>Appends the given content to the specified file.</doc>
<msg timestamp="20230726 00:20:21.909" level="INFO" html="true">Appended to file '&lt;a href="file://C:\Users\Admin\PycharmProjects\SauceDemoAssignment\utils\log.txt"&gt;C:\Users\Admin\PycharmProjects\SauceDemoAssignment\utils\log.txt&lt;/a&gt;'.</msg>
<status status="PASS" starttime="20230726 00:20:21.908" endtime="20230726 00:20:21.909"/>
</kw>
<status status="PASS" starttime="20230726 00:20:21.907" endtime="20230726 00:20:21.909"/>
</kw>
<msg timestamp="20230726 00:20:21.909" level="INFO">${status} = True</msg>
<status status="PASS" starttime="20230726 00:20:21.907" endtime="20230726 00:20:21.909"/>
</kw>
<kw name="Run Keyword If" library="BuiltIn">
<arg>'${status}'=='FAIL'</arg>
<arg>Log</arg>
<arg>Writing log to file failed</arg>
<doc>Runs the given keyword with the given arguments, if ``condition`` is true.</doc>
<status status="PASS" starttime="20230726 00:20:21.909" endtime="20230726 00:20:21.910"/>
</kw>
<status status="PASS" starttime="20230726 00:20:21.905" endtime="20230726 00:20:21.910"/>
</kw>
<kw name="Select Product" library="app_keywords">
<arg>${product_1}</arg>
<kw name="Wait Until Element Is Visible" library="SeleniumLibrary">
<arg>${product_locator}</arg>
<doc>Waits until the element ``locator`` is visible.</doc>
<status status="PASS" starttime="20230726 00:20:21.910" endtime="20230726 00:20:21.941"/>
</kw>
<kw name="Click Element" library="SeleniumLibrary">
<arg>${product_locator}</arg>
<doc>Click the element identified by ``locator``.</doc>
<msg timestamp="20230726 00:20:21.942" level="INFO">Clicking element '//div[normalize-space()="Sauce Labs Backpack"]'.</msg>
<status status="PASS" starttime="20230726 00:20:21.941" endtime="20230726 00:20:22.007"/>
</kw>
<status status="PASS" starttime="20230726 00:20:21.910" endtime="20230726 00:20:22.007"/>
</kw>
<kw name="Add Product To Cart" library="app_keywords">
<arg>${Add_to_cart_product_1}</arg>
<kw name="Wait Until Element Is Visible" library="SeleniumLibrary">
<arg>${add_to_cart_button_locator}</arg>
<doc>Waits until the element ``locator`` is visible.</doc>
<status status="PASS" starttime="20230726 00:20:22.008" endtime="20230726 00:20:22.050"/>
</kw>
<kw name="Click Element" library="SeleniumLibrary">
<arg>${add_to_cart_button_locator}</arg>
<doc>Click the element identified by ``locator``.</doc>
<msg timestamp="20230726 00:20:22.051" level="INFO">Clicking element '//button[@id="add-to-cart-sauce-labs-backpack"]'.</msg>
<status status="PASS" starttime="20230726 00:20:22.050" endtime="20230726 00:20:22.095"/>
</kw>
<status status="PASS" starttime="20230726 00:20:22.007" endtime="20230726 00:20:22.095"/>
</kw>
<kw name="Go To Cart Page" library="app_keywords">
<kw name="Set Variable" library="BuiltIn">
<var>${cart_button_locator}</var>
<arg>${cart_button_locator}</arg>
<doc>Returns the given values which can then be assigned to a variables.</doc>
<msg timestamp="20230726 00:20:22.097" level="INFO">${cart_button_locator} = //a[@class="shopping_cart_link"]</msg>
<status status="PASS" starttime="20230726 00:20:22.097" endtime="20230726 00:20:22.098"/>
</kw>
<kw name="Wait Until Element Is Visible" library="SeleniumLibrary">
<arg>${cart_button_locator}</arg>
<doc>Waits until the element ``locator`` is visible.</doc>
<status status="PASS" starttime="20230726 00:20:22.098" endtime="20230726 00:20:22.123"/>
</kw>
<kw name="Click Element" library="SeleniumLibrary">
<arg>${cart_button_locator}</arg>
<doc>Click the element identified by ``locator``.</doc>
<msg timestamp="20230726 00:20:22.124" level="INFO">Clicking element '//a[@class="shopping_cart_link"]'.</msg>
<status status="PASS" starttime="20230726 00:20:22.123" endtime="20230726 00:20:22.165"/>
</kw>
<status status="PASS" starttime="20230726 00:20:22.095" endtime="20230726 00:20:22.165"/>
</kw>
<kw name="Remove Product From Cart" library="app_keywords">
<arg>${Remove_from_cart_product_1}</arg>
<kw name="Click Element" library="SeleniumLibrary">
<arg>${remove_button_locator}</arg>
<doc>Click the element identified by ``locator``.</doc>
<msg timestamp="20230726 00:20:22.166" level="INFO">Clicking element '//button[@id="remove-sauce-labs-backpack"]'.</msg>
<status status="PASS" starttime="20230726 00:20:22.166" endtime="20230726 00:20:22.212"/>
</kw>
<status status="PASS" starttime="20230726 00:20:22.165" endtime="20230726 00:20:22.212"/>
</kw>
<kw name="Is Product In Cart" library="app_keywords">
<var>${product_in_cart}</var>
<arg>${product_1}</arg>
<kw name="Run Keyword And Return Status" library="BuiltIn">
<var>${product_in_cart}</var>
<arg>Element Should Be Visible</arg>
<arg>${product_locator}</arg>
<doc>Runs the given keyword with given arguments and returns the status as a Boolean value.</doc>
<kw name="Element Should Be Visible" library="SeleniumLibrary">
<arg>${product_locator}</arg>
<doc>Verifies that the element identified by ``locator`` is visible.</doc>
<msg timestamp="20230726 00:20:22.384" level="INFO" html="true">&lt;/td&gt;&lt;/tr&gt;&lt;tr&gt;&lt;td colspan="3"&gt;&lt;a href="selenium-screenshot-1.png"&gt;&lt;img src="selenium-screenshot-1.png" width="800px"&gt;&lt;/a&gt;</msg>
<msg timestamp="20230726 00:20:22.384" level="FAIL">Element with locator '//div[normalize-space()="Sauce Labs Backpack"]' not found.</msg>
<status status="FAIL" starttime="20230726 00:20:22.214" endtime="20230726 00:20:22.388"/>
</kw>
<msg timestamp="20230726 00:20:22.388" level="INFO">${product_in_cart} = False</msg>
<status status="PASS" starttime="20230726 00:20:22.213" endtime="20230726 00:20:22.389"/>
</kw>
<msg timestamp="20230726 00:20:22.389" level="INFO">${product_in_cart} = False</msg>
<status status="PASS" starttime="20230726 00:20:22.212" endtime="20230726 00:20:22.389"/>
</kw>
<kw name="Should Not Be True" library="BuiltIn">
<arg>${product_in_cart}</arg>
<doc>Fails if the given condition is true.</doc>
<status status="PASS" starttime="20230726 00:20:22.389" endtime="20230726 00:20:22.389"/>
</kw>
<kw name="Log Message" library="app_keywords">
<arg>Test removing a product from the cart finished</arg>
<kw name="Get Current Date" library="DateTime">
<var>${timestamp}</var>
<arg>result_format=%Y-%m-%d %H:%M:%S</arg>
<doc>Returns current local or UTC time with an optional increment.</doc>
<msg timestamp="20230726 00:20:22.390" level="INFO">${timestamp} = 2023-07-26 00:20:22</msg>
<status status="PASS" starttime="20230726 00:20:22.390" endtime="20230726 00:20:22.390"/>
</kw>
<kw name="Log" library="BuiltIn">
<arg>${timestamp} - ${level} - ${message}</arg>
<doc>Logs the given message with the given level.</doc>
<msg timestamp="20230726 00:20:22.391" level="INFO">2023-07-26 00:20:22 - INFO - Test removing a product from the cart finished</msg>
<status status="PASS" starttime="20230726 00:20:22.390" endtime="20230726 00:20:22.391"/>
</kw>
<kw name="Run Keyword And Return Status" library="BuiltIn">
<var>${status}</var>
<arg>Write Log To File</arg>
<arg>C:/Users/Admin/PycharmProjects/SauceDemoAssignment/utils/log.txt</arg>
<arg>${timestamp} - ${level} - ${message}</arg>
<doc>Runs the given keyword with given arguments and returns the status as a Boolean value.</doc>
<kw name="Write Log To File" library="app_keywords">
<arg>C:/Users/Admin/PycharmProjects/SauceDemoAssignment/utils/log.txt</arg>
<arg>${timestamp} - ${level} - ${message}</arg>
<kw name="Append To File" library="OperatingSystem">
<arg>${file_path}</arg>
<arg>${message}\n</arg>
<doc>Appends the given content to the specified file.</doc>
<msg timestamp="20230726 00:20:22.393" level="INFO" html="true">Appended to file '&lt;a href="file://C:\Users\Admin\PycharmProjects\SauceDemoAssignment\utils\log.txt"&gt;C:\Users\Admin\PycharmProjects\SauceDemoAssignment\utils\log.txt&lt;/a&gt;'.</msg>
<status status="PASS" starttime="20230726 00:20:22.392" endtime="20230726 00:20:22.393"/>
</kw>
<status status="PASS" starttime="20230726 00:20:22.391" endtime="20230726 00:20:22.393"/>
</kw>
<msg timestamp="20230726 00:20:22.393" level="INFO">${status} = True</msg>
<status status="PASS" starttime="20230726 00:20:22.391" endtime="20230726 00:20:22.393"/>
</kw>
<kw name="Run Keyword If" library="BuiltIn">
<arg>'${status}'=='FAIL'</arg>
<arg>Log</arg>
<arg>Writing log to file failed</arg>
<doc>Runs the given keyword with the given arguments, if ``condition`` is true.</doc>
<status status="PASS" starttime="20230726 00:20:22.393" endtime="20230726 00:20:22.394"/>
</kw>
<status status="PASS" starttime="20230726 00:20:22.389" endtime="20230726 00:20:22.394"/>
</kw>
<kw name="Run Keywords" library="BuiltIn" type="TEARDOWN">
<arg>Capture Screenshot If Failed</arg>
<arg>AND</arg>
<arg>Close Application</arg>
<doc>Executes all the given keywords in a sequence.</doc>
<kw name="Capture Screenshot If Failed" library="app_keywords">
<kw name="Run Keyword If Test Failed" library="BuiltIn">
<arg>Capture Page Screenshot</arg>
<arg>filename=screenshots/${SUITE NAME}_${TEST NAME}_fail.png</arg>
<doc>Runs the given keyword with the given arguments, if the test failed.</doc>
<status status="PASS" starttime="20230726 00:20:22.395" endtime="20230726 00:20:22.396"/>
</kw>
<status status="PASS" starttime="20230726 00:20:22.395" endtime="20230726 00:20:22.397"/>
</kw>
<kw name="Close Application" library="app_keywords">
<kw name="Close Browser" library="SeleniumLibrary">
<doc>Closes the current browser.</doc>
<status status="PASS" starttime="20230726 00:20:22.397" endtime="20230726 00:20:25.103"/>
</kw>
<status status="PASS" starttime="20230726 00:20:22.397" endtime="20230726 00:20:25.104"/>
</kw>
<status status="PASS" starttime="20230726 00:20:22.394" endtime="20230726 00:20:25.104"/>
</kw>
<doc>Test removing a product from the cart (TC102.1).</doc>
<tag>cart</tag>
<tag>TC102.1</tag>
<tag>TS102</tag>
<status status="PASS" starttime="20230726 00:20:14.386" endtime="20230726 00:20:25.104"/>
</test>
<test id="s1-s1-t3" name="Verify the cart count is updated when a product is added" line="37">
<kw name="Setup Test For Cart" library="app_keywords" type="SETUP">
<kw name="Open Application" library="app_keywords">
<kw name="Open Browser" library="SeleniumLibrary">
<arg>${BASE_URL}</arg>
<arg>${BROWSER}</arg>
<doc>Opens a new browser instance to the optional ``url``.</doc>
<msg timestamp="20230726 00:20:25.112" level="INFO">Opening browser 'Chrome' to base url 'https://www.saucedemo.com/'.</msg>
<status status="PASS" starttime="20230726 00:20:25.110" endtime="20230726 00:20:32.389"/>
</kw>
<kw name="Maximize Browser Window" library="SeleniumLibrary">
<doc>Maximizes current browser window.</doc>
<status status="PASS" starttime="20230726 00:20:32.390" endtime="20230726 00:20:32.510"/>
</kw>
<status status="PASS" starttime="20230726 00:20:25.109" endtime="20230726 00:20:32.510"/>
</kw>
<kw name="Login" library="app_keywords">
<arg>${standard_user}</arg>
<arg>${password}</arg>
<kw name="Input Text" library="SeleniumLibrary">
<arg>${username_locator}</arg>
<arg>${username}</arg>
<doc>Types the given ``text`` into the text field identified by ``locator``.</doc>
<msg timestamp="20230726 00:20:32.511" level="INFO">Typing text 'standard_user' into text field '//input[@data-test="username"]'.</msg>
<status status="PASS" starttime="20230726 00:20:32.511" endtime="20230726 00:20:32.652"/>
</kw>
<kw name="Input Text" library="SeleniumLibrary">
<arg>${password_locator}</arg>
<arg>${password}</arg>
<doc>Types the given ``text`` into the text field identified by ``locator``.</doc>
<msg timestamp="20230726 00:20:32.653" level="INFO">Typing text 'secret_sauce' into text field '//input[@data-test="password"]'.</msg>
<status status="PASS" starttime="20230726 00:20:32.652" endtime="20230726 00:20:32.777"/>
</kw>
<kw name="Click Button" library="SeleniumLibrary">
<arg>${login_button_locator}</arg>
<doc>Clicks the button identified by ``locator``.</doc>
<msg timestamp="20230726 00:20:32.778" level="INFO">Clicking button '//input[@data-test="login-button"]'.</msg>
<status status="PASS" starttime="20230726 00:20:32.778" endtime="20230726 00:20:32.894"/>
</kw>
<status status="PASS" starttime="20230726 00:20:32.510" endtime="20230726 00:20:32.894"/>
</kw>
<status status="PASS" starttime="20230726 00:20:25.108" endtime="20230726 00:20:32.894"/>
</kw>
<kw name="Log Message" library="app_keywords">
<arg>Test updating cart count when a product is added started</arg>
<kw name="Get Current Date" library="DateTime">
<var>${timestamp}</var>
<arg>result_format=%Y-%m-%d %H:%M:%S</arg>
<doc>Returns current local or UTC time with an optional increment.</doc>
<msg timestamp="20230726 00:20:32.895" level="INFO">${timestamp} = 2023-07-26 00:20:32</msg>
<status status="PASS" starttime="20230726 00:20:32.895" endtime="20230726 00:20:32.896"/>
</kw>
<kw name="Log" library="BuiltIn">
<arg>${timestamp} - ${level} - ${message}</arg>
<doc>Logs the given message with the given level.</doc>
<msg timestamp="20230726 00:20:32.896" level="INFO">2023-07-26 00:20:32 - INFO - Test updating cart count when a product is added started</msg>
<status status="PASS" starttime="20230726 00:20:32.896" endtime="20230726 00:20:32.896"/>
</kw>
<kw name="Run Keyword And Return Status" library="BuiltIn">
<var>${status}</var>
<arg>Write Log To File</arg>
<arg>C:/Users/Admin/PycharmProjects/SauceDemoAssignment/utils/log.txt</arg>
<arg>${timestamp} - ${level} - ${message}</arg>
<doc>Runs the given keyword with given arguments and returns the status as a Boolean value.</doc>
<kw name="Write Log To File" library="app_keywords">
<arg>C:/Users/Admin/PycharmProjects/SauceDemoAssignment/utils/log.txt</arg>
<arg>${timestamp} - ${level} - ${message}</arg>
<kw name="Append To File" library="OperatingSystem">
<arg>${file_path}</arg>
<arg>${message}\n</arg>
<doc>Appends the given content to the specified file.</doc>
<msg timestamp="20230726 00:20:32.898" level="INFO" html="true">Appended to file '&lt;a href="file://C:\Users\Admin\PycharmProjects\SauceDemoAssignment\utils\log.txt"&gt;C:\Users\Admin\PycharmProjects\SauceDemoAssignment\utils\log.txt&lt;/a&gt;'.</msg>
<status status="PASS" starttime="20230726 00:20:32.897" endtime="20230726 00:20:32.899"/>
</kw>
<status status="PASS" starttime="20230726 00:20:32.897" endtime="20230726 00:20:32.899"/>
</kw>
<msg timestamp="20230726 00:20:32.899" level="INFO">${status} = True</msg>
<status status="PASS" starttime="20230726 00:20:32.897" endtime="20230726 00:20:32.899"/>
</kw>
<kw name="Run Keyword If" library="BuiltIn">
<arg>'${status}'=='FAIL'</arg>
<arg>Log</arg>
<arg>Writing log to file failed</arg>
<doc>Runs the given keyword with the given arguments, if ``condition`` is true.</doc>
<status status="PASS" starttime="20230726 00:20:32.899" endtime="20230726 00:20:32.899"/>
</kw>
<status status="PASS" starttime="20230726 00:20:32.895" endtime="20230726 00:20:32.900"/>
</kw>
<kw name="Select Product" library="app_keywords">
<arg>${product_1}</arg>
<kw name="Wait Until Element Is Visible" library="SeleniumLibrary">
<arg>${product_locator}</arg>
<doc>Waits until the element ``locator`` is visible.</doc>
<status status="PASS" starttime="20230726 00:20:32.900" endtime="20230726 00:20:32.934"/>
</kw>
<kw name="Click Element" library="SeleniumLibrary">
<arg>${product_locator}</arg>
<doc>Click the element identified by ``locator``.</doc>
<msg timestamp="20230726 00:20:32.935" level="INFO">Clicking element '//div[normalize-space()="Sauce Labs Backpack"]'.</msg>
<status status="PASS" starttime="20230726 00:20:32.934" endtime="20230726 00:20:32.994"/>
</kw>
<status status="PASS" starttime="20230726 00:20:32.900" endtime="20230726 00:20:32.995"/>
</kw>
<kw name="Add Product To Cart" library="app_keywords">
<arg>${Add_to_cart_product_1}</arg>
<kw name="Wait Until Element Is Visible" library="SeleniumLibrary">
<arg>${add_to_cart_button_locator}</arg>
<doc>Waits until the element ``locator`` is visible.</doc>
<status status="PASS" starttime="20230726 00:20:32.995" endtime="20230726 00:20:33.025"/>
</kw>
<kw name="Click Element" library="SeleniumLibrary">
<arg>${add_to_cart_button_locator}</arg>
<doc>Click the element identified by ``locator``.</doc>
<msg timestamp="20230726 00:20:33.026" level="INFO">Clicking element '//button[@id="add-to-cart-sauce-labs-backpack"]'.</msg>
<status status="PASS" starttime="20230726 00:20:33.026" endtime="20230726 00:20:33.075"/>
</kw>
<status status="PASS" starttime="20230726 00:20:32.995" endtime="20230726 00:20:33.075"/>
</kw>
<kw name="Get Cart Count" library="app_keywords">
<var>${cart_count}</var>
<kw name="Get Text" library="SeleniumLibrary">
<var>${cart_count}</var>
<arg>${cart_count_locator}</arg>
<doc>Returns the text value of the element identified by ``locator``.</doc>
<msg timestamp="20230726 00:20:33.102" level="INFO">${cart_count} = 1</msg>
<status status="PASS" starttime="20230726 00:20:33.076" endtime="20230726 00:20:33.102"/>
</kw>
<msg timestamp="20230726 00:20:33.103" level="INFO">${cart_count} = 1</msg>
<status status="PASS" starttime="20230726 00:20:33.075" endtime="20230726 00:20:33.103"/>
</kw>
<kw name="Should Be Equal As Integers" library="BuiltIn">
<arg>${cart_count}</arg>
<arg>1</arg>
<doc>Fails if objects are unequal after converting them to integers.</doc>
<status status="PASS" starttime="20230726 00:20:33.103" endtime="20230726 00:20:33.103"/>
</kw>
<kw name="Log Message" library="app_keywords">
<arg>Test updating cart count when a product is added finished</arg>
<kw name="Get Current Date" library="DateTime">
<var>${timestamp}</var>
<arg>result_format=%Y-%m-%d %H:%M:%S</arg>
<doc>Returns current local or UTC time with an optional increment.</doc>
<msg timestamp="20230726 00:20:33.104" level="INFO">${timestamp} = 2023-07-26 00:20:33</msg>
<status status="PASS" starttime="20230726 00:20:33.104" endtime="20230726 00:20:33.104"/>
</kw>
<kw name="Log" library="BuiltIn">
<arg>${timestamp} - ${level} - ${message}</arg>
<doc>Logs the given message with the given level.</doc>
<msg timestamp="20230726 00:20:33.105" level="INFO">2023-07-26 00:20:33 - INFO - Test updating cart count when a product is added finished</msg>
<status status="PASS" starttime="20230726 00:20:33.104" endtime="20230726 00:20:33.105"/>
</kw>
<kw name="Run Keyword And Return Status" library="BuiltIn">
<var>${status}</var>
<arg>Write Log To File</arg>
<arg>C:/Users/Admin/PycharmProjects/SauceDemoAssignment/utils/log.txt</arg>
<arg>${timestamp} - ${level} - ${message}</arg>
<doc>Runs the given keyword with given arguments and returns the status as a Boolean value.</doc>
<kw name="Write Log To File" library="app_keywords">
<arg>C:/Users/Admin/PycharmProjects/SauceDemoAssignment/utils/log.txt</arg>
<arg>${timestamp} - ${level} - ${message}</arg>
<kw name="Append To File" library="OperatingSystem">
<arg>${file_path}</arg>
<arg>${message}\n</arg>
<doc>Appends the given content to the specified file.</doc>
<msg timestamp="20230726 00:20:33.106" level="INFO" html="true">Appended to file '&lt;a href="file://C:\Users\Admin\PycharmProjects\SauceDemoAssignment\utils\log.txt"&gt;C:\Users\Admin\PycharmProjects\SauceDemoAssignment\utils\log.txt&lt;/a&gt;'.</msg>
<status status="PASS" starttime="20230726 00:20:33.105" endtime="20230726 00:20:33.107"/>
</kw>
<status status="PASS" starttime="20230726 00:20:33.105" endtime="20230726 00:20:33.107"/>
</kw>
<msg timestamp="20230726 00:20:33.107" level="INFO">${status} = True</msg>
<status status="PASS" starttime="20230726 00:20:33.105" endtime="20230726 00:20:33.107"/>
</kw>
<kw name="Run Keyword If" library="BuiltIn">
<arg>'${status}'=='FAIL'</arg>
<arg>Log</arg>
<arg>Writing log to file failed</arg>
<doc>Runs the given keyword with the given arguments, if ``condition`` is true.</doc>
<status status="PASS" starttime="20230726 00:20:33.107" endtime="20230726 00:20:33.107"/>
</kw>
<status status="PASS" starttime="20230726 00:20:33.104" endtime="20230726 00:20:33.107"/>
</kw>
<kw name="Run Keywords" library="BuiltIn" type="TEARDOWN">
<arg>Capture Screenshot If Failed</arg>
<arg>AND</arg>
<arg>Close Application</arg>
<doc>Executes all the given keywords in a sequence.</doc>
<kw name="Capture Screenshot If Failed" library="app_keywords">
<kw name="Run Keyword If Test Failed" library="BuiltIn">
<arg>Capture Page Screenshot</arg>
<arg>filename=screenshots/${SUITE NAME}_${TEST NAME}_fail.png</arg>
<doc>Runs the given keyword with the given arguments, if the test failed.</doc>
<status status="PASS" starttime="20230726 00:20:33.108" endtime="20230726 00:20:33.109"/>
</kw>
<status status="PASS" starttime="20230726 00:20:33.108" endtime="20230726 00:20:33.109"/>
</kw>
<kw name="Close Application" library="app_keywords">
<kw name="Close Browser" library="SeleniumLibrary">
<doc>Closes the current browser.</doc>
<status status="PASS" starttime="20230726 00:20:33.109" endtime="20230726 00:20:35.847"/>
</kw>
<status status="PASS" starttime="20230726 00:20:33.109" endtime="20230726 00:20:35.848"/>
</kw>
<status status="PASS" starttime="20230726 00:20:33.108" endtime="20230726 00:20:35.848"/>
</kw>
<doc>Test updating cart count when a product is added (TC103.1).</doc>
<tag>cart</tag>
<tag>TC103.1</tag>
<tag>TS103</tag>
<status status="PASS" starttime="20230726 00:20:25.106" endtime="20230726 00:20:35.848"/>
</test>
<test id="s1-s1-t4" name="Verify user can checkout with products in the cart" line="47">
<kw name="Setup Test For Cart" library="app_keywords" type="SETUP">
<kw name="Open Application" library="app_keywords">
<kw name="Open Browser" library="SeleniumLibrary">
<arg>${BASE_URL}</arg>
<arg>${BROWSER}</arg>
<doc>Opens a new browser instance to the optional ``url``.</doc>
<msg timestamp="20230726 00:20:35.850" level="INFO">Opening browser 'Chrome' to base url 'https://www.saucedemo.com/'.</msg>
<status status="PASS" starttime="20230726 00:20:35.849" endtime="20230726 00:20:40.075"/>
</kw>
<kw name="Maximize Browser Window" library="SeleniumLibrary">
<doc>Maximizes current browser window.</doc>
<status status="PASS" starttime="20230726 00:20:40.075" endtime="20230726 00:20:40.195"/>
</kw>
<status status="PASS" starttime="20230726 00:20:35.849" endtime="20230726 00:20:40.196"/>
</kw>
<kw name="Login" library="app_keywords">
<arg>${standard_user}</arg>
<arg>${password}</arg>
<kw name="Input Text" library="SeleniumLibrary">
<arg>${username_locator}</arg>
<arg>${username}</arg>
<doc>Types the given ``text`` into the text field identified by ``locator``.</doc>
<msg timestamp="20230726 00:20:40.199" level="INFO">Typing text 'standard_user' into text field '//input[@data-test="username"]'.</msg>
<status status="PASS" starttime="20230726 00:20:40.197" endtime="20230726 00:20:40.342"/>
</kw>
<kw name="Input Text" library="SeleniumLibrary">
<arg>${password_locator}</arg>
<arg>${password}</arg>
<doc>Types the given ``text`` into the text field identified by ``locator``.</doc>
<msg timestamp="20230726 00:20:40.343" level="INFO">Typing text 'secret_sauce' into text field '//input[@data-test="password"]'.</msg>
<status status="PASS" starttime="20230726 00:20:40.343" endtime="20230726 00:20:40.449"/>
</kw>
<kw name="Click Button" library="SeleniumLibrary">
<arg>${login_button_locator}</arg>
<doc>Clicks the button identified by ``locator``.</doc>
<msg timestamp="20230726 00:20:40.449" level="INFO">Clicking button '//input[@data-test="login-button"]'.</msg>
<status status="PASS" starttime="20230726 00:20:40.449" endtime="20230726 00:20:40.559"/>
</kw>
<status status="PASS" starttime="20230726 00:20:40.196" endtime="20230726 00:20:40.559"/>
</kw>
<status status="PASS" starttime="20230726 00:20:35.849" endtime="20230726 00:20:40.559"/>
</kw>
<kw name="Log Message" library="app_keywords">
<arg>Test checking out with products in the cart started</arg>
<kw name="Get Current Date" library="DateTime">
<var>${timestamp}</var>
<arg>result_format=%Y-%m-%d %H:%M:%S</arg>
<doc>Returns current local or UTC time with an optional increment.</doc>
<msg timestamp="20230726 00:20:40.561" level="INFO">${timestamp} = 2023-07-26 00:20:40</msg>
<status status="PASS" starttime="20230726 00:20:40.560" endtime="20230726 00:20:40.561"/>
</kw>
<kw name="Log" library="BuiltIn">
<arg>${timestamp} - ${level} - ${message}</arg>
<doc>Logs the given message with the given level.</doc>
<msg timestamp="20230726 00:20:40.562" level="INFO">2023-07-26 00:20:40 - INFO - Test checking out with products in the cart started</msg>
<status status="PASS" starttime="20230726 00:20:40.562" endtime="20230726 00:20:40.562"/>
</kw>
<kw name="Run Keyword And Return Status" library="BuiltIn">
<var>${status}</var>
<arg>Write Log To File</arg>
<arg>C:/Users/Admin/PycharmProjects/SauceDemoAssignment/utils/log.txt</arg>
<arg>${timestamp} - ${level} - ${message}</arg>
<doc>Runs the given keyword with given arguments and returns the status as a Boolean value.</doc>
<kw name="Write Log To File" library="app_keywords">
<arg>C:/Users/Admin/PycharmProjects/SauceDemoAssignment/utils/log.txt</arg>
<arg>${timestamp} - ${level} - ${message}</arg>
<kw name="Append To File" library="OperatingSystem">
<arg>${file_path}</arg>
<arg>${message}\n</arg>
<doc>Appends the given content to the specified file.</doc>
<msg timestamp="20230726 00:20:40.567" level="INFO" html="true">Appended to file '&lt;a href="file://C:\Users\Admin\PycharmProjects\SauceDemoAssignment\utils\log.txt"&gt;C:\Users\Admin\PycharmProjects\SauceDemoAssignment\utils\log.txt&lt;/a&gt;'.</msg>
<status status="PASS" starttime="20230726 00:20:40.565" endtime="20230726 00:20:40.568"/>
</kw>
<status status="PASS" starttime="20230726 00:20:40.564" endtime="20230726 00:20:40.568"/>
</kw>
<msg timestamp="20230726 00:20:40.568" level="INFO">${status} = True</msg>
<status status="PASS" starttime="20230726 00:20:40.563" endtime="20230726 00:20:40.568"/>
</kw>
<kw name="Run Keyword If" library="BuiltIn">
<arg>'${status}'=='FAIL'</arg>
<arg>Log</arg>
<arg>Writing log to file failed</arg>
<doc>Runs the given keyword with the given arguments, if ``condition`` is true.</doc>
<status status="PASS" starttime="20230726 00:20:40.568" endtime="20230726 00:20:40.568"/>
</kw>
<status status="PASS" starttime="20230726 00:20:40.560" endtime="20230726 00:20:40.569"/>
</kw>
<kw name="Select Product" library="app_keywords">
<arg>${product_1}</arg>
<kw name="Wait Until Element Is Visible" library="SeleniumLibrary">
<arg>${product_locator}</arg>
<doc>Waits until the element ``locator`` is visible.</doc>
<status status="PASS" starttime="20230726 00:20:40.569" endtime="20230726 00:20:40.696"/>
</kw>
<kw name="Click Element" library="SeleniumLibrary">
<arg>${product_locator}</arg>
<doc>Click the element identified by ``locator``.</doc>
<msg timestamp="20230726 00:20:40.698" level="INFO">Clicking element '//div[normalize-space()="Sauce Labs Backpack"]'.</msg>
<status status="PASS" starttime="20230726 00:20:40.697" endtime="20230726 00:20:40.847"/>
</kw>
<status status="PASS" starttime="20230726 00:20:40.569" endtime="20230726 00:20:40.847"/>
</kw>
<kw name="Add Product To Cart" library="app_keywords">
<arg>${Add_to_cart_product_1}</arg>
<kw name="Wait Until Element Is Visible" library="SeleniumLibrary">
<arg>${add_to_cart_button_locator}</arg>
<doc>Waits until the element ``locator`` is visible.</doc>
<status status="PASS" starttime="20230726 00:20:40.848" endtime="20230726 00:20:40.894"/>
</kw>
<kw name="Click Element" library="SeleniumLibrary">
<arg>${add_to_cart_button_locator}</arg>
<doc>Click the element identified by ``locator``.</doc>
<msg timestamp="20230726 00:20:40.895" level="INFO">Clicking element '//button[@id="add-to-cart-sauce-labs-backpack"]'.</msg>
<status status="PASS" starttime="20230726 00:20:40.894" endtime="20230726 00:20:40.996"/>
</kw>
<status status="PASS" starttime="20230726 00:20:40.847" endtime="20230726 00:20:40.997"/>
</kw>
<kw name="Go To Cart Page" library="app_keywords">
<kw name="Set Variable" library="BuiltIn">
<var>${cart_button_locator}</var>
<arg>${cart_button_locator}</arg>
<doc>Returns the given values which can then be assigned to a variables.</doc>
<msg timestamp="20230726 00:20:40.999" level="INFO">${cart_button_locator} = //a[@class="shopping_cart_link"]</msg>
<status status="PASS" starttime="20230726 00:20:40.998" endtime="20230726 00:20:40.999"/>
</kw>
<kw name="Wait Until Element Is Visible" library="SeleniumLibrary">
<arg>${cart_button_locator}</arg>
<doc>Waits until the element ``locator`` is visible.</doc>
<status status="PASS" starttime="20230726 00:20:40.999" endtime="20230726 00:20:41.020"/>
</kw>
<kw name="Click Element" library="SeleniumLibrary">
<arg>${cart_button_locator}</arg>
<doc>Click the element identified by ``locator``.</doc>
<msg timestamp="20230726 00:20:41.021" level="INFO">Clicking element '//a[@class="shopping_cart_link"]'.</msg>
<status status="PASS" starttime="20230726 00:20:41.020" endtime="20230726 00:20:41.059"/>
</kw>
<status status="PASS" starttime="20230726 00:20:40.997" endtime="20230726 00:20:41.059"/>
</kw>
<kw name="Proceed To Checkout" library="app_keywords">
<kw name="Set Variable" library="BuiltIn">
<var>${checkout_button_locator}</var>
<arg>${checkout_button}</arg>
<doc>Returns the given values which can then be assigned to a variables.</doc>
<msg timestamp="20230726 00:20:41.060" level="INFO">${checkout_button_locator} = //button[@id="checkout"]</msg>
<status status="PASS" starttime="20230726 00:20:41.060" endtime="20230726 00:20:41.060"/>
</kw>
<kw name="Wait Until Element Is Visible" library="SeleniumLibrary">
<arg>${checkout_button_locator}</arg>
<doc>Waits until the element ``locator`` is visible.</doc>
<status status="PASS" starttime="20230726 00:20:41.061" endtime="20230726 00:20:41.084"/>
</kw>
<kw name="Click Element" library="SeleniumLibrary">
<arg>${checkout_button_locator}</arg>
<doc>Click the element identified by ``locator``.</doc>
<msg timestamp="20230726 00:20:41.085" level="INFO">Clicking element '//button[@id="checkout"]'.</msg>
<status status="PASS" starttime="20230726 00:20:41.085" endtime="20230726 00:20:41.159"/>
</kw>
<status status="PASS" starttime="20230726 00:20:41.060" endtime="20230726 00:20:41.159"/>
</kw>
<kw name="Fill In Checkout Info" library="app_keywords">
<arg>Test</arg>
<arg>User</arg>
<arg>12345</arg>
<kw name="Input Text" library="SeleniumLibrary">
<arg>${first_name_locator}</arg>
<arg>${first_name}</arg>
<doc>Types the given ``text`` into the text field identified by ``locator``.</doc>
<msg timestamp="20230726 00:20:41.161" level="INFO">Typing text 'Test' into text field 'first-name'.</msg>
<status status="PASS" starttime="20230726 00:20:41.160" endtime="20230726 00:20:41.300"/>
</kw>
<kw name="Input Text" library="SeleniumLibrary">
<arg>${last_name_locator}</arg>
<arg>${last_name}</arg>
<doc>Types the given ``text`` into the text field identified by ``locator``.</doc>
<msg timestamp="20230726 00:20:41.303" level="INFO">Typing text 'User' into text field 'last-name'.</msg>
<status status="PASS" starttime="20230726 00:20:41.301" endtime="20230726 00:20:41.410"/>
</kw>
<kw name="Input Text" library="SeleniumLibrary">
<arg>${postal_code_locator}</arg>
<arg>${postal_code}</arg>
<doc>Types the given ``text`` into the text field identified by ``locator``.</doc>
<msg timestamp="20230726 00:20:41.411" level="INFO">Typing text '12345' into text field 'postal-code'.</msg>
<status status="PASS" starttime="20230726 00:20:41.410" endtime="20230726 00:20:41.711"/>
</kw>
<status status="PASS" starttime="20230726 00:20:41.160" endtime="20230726 00:20:41.711"/>
</kw>
<kw name="Continue Checkout" library="app_keywords">
<kw name="Click Button" library="SeleniumLibrary">
<arg>${Continue_button}</arg>
<doc>Clicks the button identified by ``locator``.</doc>
<msg timestamp="20230726 00:20:41.713" level="INFO">Clicking button '//input[@id="continue"]'.</msg>
<status status="PASS" starttime="20230726 00:20:41.712" endtime="20230726 00:20:41.880"/>
</kw>
<status status="PASS" starttime="20230726 00:20:41.711" endtime="20230726 00:20:41.880"/>
</kw>
<kw name="Element Text Should Be" library="SeleniumLibrary">
<arg>${checkout_overview}</arg>
<arg>Checkout: Overview</arg>
<doc>Verifies that element ``locator`` contains exact the text ``expected``.</doc>
<msg timestamp="20230726 00:20:41.883" level="INFO">Verifying element '//span[@class="title"]' contains exact text 'Checkout: Overview'.</msg>
<status status="PASS" starttime="20230726 00:20:41.881" endtime="20230726 00:20:41.926"/>
</kw>
<kw name="Log Message" library="app_keywords">
<arg>Test checking out with products in the cart finished</arg>
<kw name="Get Current Date" library="DateTime">
<var>${timestamp}</var>
<arg>result_format=%Y-%m-%d %H:%M:%S</arg>
<doc>Returns current local or UTC time with an optional increment.</doc>
<msg timestamp="20230726 00:20:41.928" level="INFO">${timestamp} = 2023-07-26 00:20:41</msg>
<status status="PASS" starttime="20230726 00:20:41.927" endtime="20230726 00:20:41.928"/>
</kw>
<kw name="Log" library="BuiltIn">
<arg>${timestamp} - ${level} - ${message}</arg>
<doc>Logs the given message with the given level.</doc>
<msg timestamp="20230726 00:20:41.929" level="INFO">2023-07-26 00:20:41 - INFO - Test checking out with products in the cart finished</msg>
<status status="PASS" starttime="20230726 00:20:41.928" endtime="20230726 00:20:41.929"/>
</kw>
<kw name="Run Keyword And Return Status" library="BuiltIn">
<var>${status}</var>
<arg>Write Log To File</arg>
<arg>C:/Users/Admin/PycharmProjects/SauceDemoAssignment/utils/log.txt</arg>
<arg>${timestamp} - ${level} - ${message}</arg>
<doc>Runs the given keyword with given arguments and returns the status as a Boolean value.</doc>
<kw name="Write Log To File" library="app_keywords">
<arg>C:/Users/Admin/PycharmProjects/SauceDemoAssignment/utils/log.txt</arg>
<arg>${timestamp} - ${level} - ${message}</arg>
<kw name="Append To File" library="OperatingSystem">
<arg>${file_path}</arg>
<arg>${message}\n</arg>
<doc>Appends the given content to the specified file.</doc>
<msg timestamp="20230726 00:20:41.934" level="INFO" html="true">Appended to file '&lt;a href="file://C:\Users\Admin\PycharmProjects\SauceDemoAssignment\utils\log.txt"&gt;C:\Users\Admin\PycharmProjects\SauceDemoAssignment\utils\log.txt&lt;/a&gt;'.</msg>
<status status="PASS" starttime="20230726 00:20:41.932" endtime="20230726 00:20:41.934"/>
</kw>
<status status="PASS" starttime="20230726 00:20:41.930" endtime="20230726 00:20:41.934"/>
</kw>
<msg timestamp="20230726 00:20:41.935" level="INFO">${status} = True</msg>
<status status="PASS" starttime="20230726 00:20:41.929" endtime="20230726 00:20:41.935"/>
</kw>
<kw name="Run Keyword If" library="BuiltIn">
<arg>'${status}'=='FAIL'</arg>
<arg>Log</arg>
<arg>Writing log to file failed</arg>
<doc>Runs the given keyword with the given arguments, if ``condition`` is true.</doc>
<status status="PASS" starttime="20230726 00:20:41.935" endtime="20230726 00:20:41.936"/>
</kw>
<status status="PASS" starttime="20230726 00:20:41.926" endtime="20230726 00:20:41.936"/>
</kw>
<kw name="Run Keywords" library="BuiltIn" type="TEARDOWN">
<arg>Capture Screenshot If Failed</arg>
<arg>AND</arg>
<arg>Close Application</arg>
<doc>Executes all the given keywords in a sequence.</doc>
<kw name="Capture Screenshot If Failed" library="app_keywords">
<kw name="Run Keyword If Test Failed" library="BuiltIn">
<arg>Capture Page Screenshot</arg>
<arg>filename=screenshots/${SUITE NAME}_${TEST NAME}_fail.png</arg>
<doc>Runs the given keyword with the given arguments, if the test failed.</doc>
<status status="PASS" starttime="20230726 00:20:41.937" endtime="20230726 00:20:41.938"/>
</kw>
<status status="PASS" starttime="20230726 00:20:41.937" endtime="20230726 00:20:41.938"/>
</kw>
<kw name="Close Application" library="app_keywords">
<kw name="Close Browser" library="SeleniumLibrary">
<doc>Closes the current browser.</doc>
<status status="PASS" starttime="20230726 00:20:41.939" endtime="20230726 00:20:44.395"/>
</kw>
<status status="PASS" starttime="20230726 00:20:41.938" endtime="20230726 00:20:44.395"/>
</kw>
<status status="PASS" starttime="20230726 00:20:41.936" endtime="20230726 00:20:44.395"/>
</kw>
<doc>Test checking out with products in the cart (TC104.1).</doc>
<tag>cart</tag>
<tag>TC104.1</tag>
<tag>TS104</tag>
<status status="PASS" starttime="20230726 00:20:35.848" endtime="20230726 00:20:44.396"/>
</test>
<test id="s1-s1-t5" name="Verify user can checkout when the cart is empty" line="60">
<kw name="Setup Test For Cart" library="app_keywords" type="SETUP">
<kw name="Open Application" library="app_keywords">
<kw name="Open Browser" library="SeleniumLibrary">
<arg>${BASE_URL}</arg>
<arg>${BROWSER}</arg>
<doc>Opens a new browser instance to the optional ``url``.</doc>
<msg timestamp="20230726 00:20:44.398" level="INFO">Opening browser 'Chrome' to base url 'https://www.saucedemo.com/'.</msg>
<status status="PASS" starttime="20230726 00:20:44.397" endtime="20230726 00:20:48.969"/>
</kw>
<kw name="Maximize Browser Window" library="SeleniumLibrary">
<doc>Maximizes current browser window.</doc>
<status status="PASS" starttime="20230726 00:20:48.969" endtime="20230726 00:20:49.089"/>
</kw>
<status status="PASS" starttime="20230726 00:20:44.397" endtime="20230726 00:20:49.090"/>
</kw>
<kw name="Login" library="app_keywords">
<arg>${standard_user}</arg>
<arg>${password}</arg>
<kw name="Input Text" library="SeleniumLibrary">
<arg>${username_locator}</arg>
<arg>${username}</arg>
<doc>Types the given ``text`` into the text field identified by ``locator``.</doc>
<msg timestamp="20230726 00:20:49.094" level="INFO">Typing text 'standard_user' into text field '//input[@data-test="username"]'.</msg>
<status status="PASS" starttime="20230726 00:20:49.092" endtime="20230726 00:20:49.266"/>
</kw>
<kw name="Input Text" library="SeleniumLibrary">
<arg>${password_locator}</arg>
<arg>${password}</arg>
<doc>Types the given ``text`` into the text field identified by ``locator``.</doc>
<msg timestamp="20230726 00:20:49.267" level="INFO">Typing text 'secret_sauce' into text field '//input[@data-test="password"]'.</msg>
<status status="PASS" starttime="20230726 00:20:49.266" endtime="20230726 00:20:49.367"/>
</kw>
<kw name="Click Button" library="SeleniumLibrary">
<arg>${login_button_locator}</arg>
<doc>Clicks the button identified by ``locator``.</doc>
<msg timestamp="20230726 00:20:49.368" level="INFO">Clicking button '//input[@data-test="login-button"]'.</msg>
<status status="PASS" starttime="20230726 00:20:49.367" endtime="20230726 00:20:49.529"/>
</kw>
<status status="PASS" starttime="20230726 00:20:49.090" endtime="20230726 00:20:49.530"/>
</kw>
<status status="PASS" starttime="20230726 00:20:44.397" endtime="20230726 00:20:49.530"/>
</kw>
<kw name="Log Message" library="app_keywords">
<arg>Test checking out with an empty cart started</arg>
<kw name="Get Current Date" library="DateTime">
<var>${timestamp}</var>
<arg>result_format=%Y-%m-%d %H:%M:%S</arg>
<doc>Returns current local or UTC time with an optional increment.</doc>
<msg timestamp="20230726 00:20:49.530" level="INFO">${timestamp} = 2023-07-26 00:20:49</msg>
<status status="PASS" starttime="20230726 00:20:49.530" endtime="20230726 00:20:49.530"/>
</kw>
<kw name="Log" library="BuiltIn">
<arg>${timestamp} - ${level} - ${message}</arg>
<doc>Logs the given message with the given level.</doc>
<msg timestamp="20230726 00:20:49.531" level="INFO">2023-07-26 00:20:49 - INFO - Test checking out with an empty cart started</msg>
<status status="PASS" starttime="20230726 00:20:49.530" endtime="20230726 00:20:49.531"/>
</kw>
<kw name="Run Keyword And Return Status" library="BuiltIn">
<var>${status}</var>
<arg>Write Log To File</arg>
<arg>C:/Users/Admin/PycharmProjects/SauceDemoAssignment/utils/log.txt</arg>
<arg>${timestamp} - ${level} - ${message}</arg>
<doc>Runs the given keyword with given arguments and returns the status as a Boolean value.</doc>
<kw name="Write Log To File" library="app_keywords">
<arg>C:/Users/Admin/PycharmProjects/SauceDemoAssignment/utils/log.txt</arg>
<arg>${timestamp} - ${level} - ${message}</arg>
<kw name="Append To File" library="OperatingSystem">
<arg>${file_path}</arg>
<arg>${message}\n</arg>
<doc>Appends the given content to the specified file.</doc>
<msg timestamp="20230726 00:20:49.534" level="INFO" html="true">Appended to file '&lt;a href="file://C:\Users\Admin\PycharmProjects\SauceDemoAssignment\utils\log.txt"&gt;C:\Users\Admin\PycharmProjects\SauceDemoAssignment\utils\log.txt&lt;/a&gt;'.</msg>
<status status="PASS" starttime="20230726 00:20:49.533" endtime="20230726 00:20:49.534"/>
</kw>
<status status="PASS" starttime="20230726 00:20:49.532" endtime="20230726 00:20:49.534"/>
</kw>
<msg timestamp="20230726 00:20:49.534" level="INFO">${status} = True</msg>
<status status="PASS" starttime="20230726 00:20:49.531" endtime="20230726 00:20:49.534"/>
</kw>
<kw name="Run Keyword If" library="BuiltIn">
<arg>'${status}'=='FAIL'</arg>
<arg>Log</arg>
<arg>Writing log to file failed</arg>
<doc>Runs the given keyword with the given arguments, if ``condition`` is true.</doc>
<status status="PASS" starttime="20230726 00:20:49.535" endtime="20230726 00:20:49.535"/>
</kw>
<status status="PASS" starttime="20230726 00:20:49.530" endtime="20230726 00:20:49.536"/>
</kw>
<kw name="Go To Cart Page" library="app_keywords">
<kw name="Set Variable" library="BuiltIn">
<var>${cart_button_locator}</var>
<arg>${cart_button_locator}</arg>
<doc>Returns the given values which can then be assigned to a variables.</doc>
<msg timestamp="20230726 00:20:49.536" level="INFO">${cart_button_locator} = //a[@class="shopping_cart_link"]</msg>
<status status="PASS" starttime="20230726 00:20:49.536" endtime="20230726 00:20:49.536"/>
</kw>
<kw name="Wait Until Element Is Visible" library="SeleniumLibrary">
<arg>${cart_button_locator}</arg>
<doc>Waits until the element ``locator`` is visible.</doc>
<status status="PASS" starttime="20230726 00:20:49.536" endtime="20230726 00:20:49.700"/>
</kw>
<kw name="Click Element" library="SeleniumLibrary">
<arg>${cart_button_locator}</arg>
<doc>Click the element identified by ``locator``.</doc>
<msg timestamp="20230726 00:20:49.702" level="INFO">Clicking element '//a[@class="shopping_cart_link"]'.</msg>
<status status="PASS" starttime="20230726 00:20:49.701" endtime="20230726 00:20:49.800"/>
</kw>
<status status="PASS" starttime="20230726 00:20:49.536" endtime="20230726 00:20:49.800"/>
</kw>
<kw name="Is Checkout Button Enabled" library="app_keywords">
<var>${checkout_button_enabled}</var>
<kw name="Set Variable" library="BuiltIn">
<var>${checkout_button_locator}</var>
<arg>${checkout_button}</arg>
<doc>Returns the given values which can then be assigned to a variables.</doc>
<msg timestamp="20230726 00:20:49.801" level="INFO">${checkout_button_locator} = //button[@id="checkout"]</msg>
<status status="PASS" starttime="20230726 00:20:49.801" endtime="20230726 00:20:49.801"/>
</kw>
<kw name="Run Keyword And Return Status" library="BuiltIn">
<var>${checkout_button_enabled}</var>
<arg>Element Should Be Visible</arg>
<arg>${checkout_button_locator}</arg>
<doc>Runs the given keyword with given arguments and returns the status as a Boolean value.</doc>
<kw name="Element Should Be Visible" library="SeleniumLibrary">
<arg>${checkout_button_locator}</arg>
<doc>Verifies that the element identified by ``locator`` is visible.</doc>
<msg timestamp="20230726 00:20:49.841" level="INFO">Element '//button[@id="checkout"]' is displayed.</msg>
<status status="PASS" starttime="20230726 00:20:49.802" endtime="20230726 00:20:49.841"/>
</kw>
<msg timestamp="20230726 00:20:49.842" level="INFO">${checkout_button_enabled} = True</msg>
<status status="PASS" starttime="20230726 00:20:49.801" endtime="20230726 00:20:49.842"/>
</kw>
<msg timestamp="20230726 00:20:49.843" level="INFO">${checkout_button_enabled} = True</msg>
<status status="PASS" starttime="20230726 00:20:49.800" endtime="20230726 00:20:49.843"/>
</kw>
<kw name="Should Be True" library="BuiltIn">
<arg>${checkout_button_enabled}</arg>
<doc>Fails if the given condition is not true.</doc>
<status status="PASS" starttime="20230726 00:20:49.843" endtime="20230726 00:20:49.844"/>
</kw>
<kw name="Log Message" library="app_keywords">
<arg>Test checking out with an empty cart finished</arg>
<kw name="Get Current Date" library="DateTime">
<var>${timestamp}</var>
<arg>result_format=%Y-%m-%d %H:%M:%S</arg>
<doc>Returns current local or UTC time with an optional increment.</doc>
<msg timestamp="20230726 00:20:49.846" level="INFO">${timestamp} = 2023-07-26 00:20:49</msg>
<status status="PASS" starttime="20230726 00:20:49.846" endtime="20230726 00:20:49.846"/>
</kw>
<kw name="Log" library="BuiltIn">
<arg>${timestamp} - ${level} - ${message}</arg>
<doc>Logs the given message with the given level.</doc>
<msg timestamp="20230726 00:20:49.847" level="INFO">2023-07-26 00:20:49 - INFO - Test checking out with an empty cart finished</msg>
<status status="PASS" starttime="20230726 00:20:49.847" endtime="20230726 00:20:49.848"/>
</kw>
<kw name="Run Keyword And Return Status" library="BuiltIn">
<var>${status}</var>
<arg>Write Log To File</arg>
<arg>C:/Users/Admin/PycharmProjects/SauceDemoAssignment/utils/log.txt</arg>
<arg>${timestamp} - ${level} - ${message}</arg>
<doc>Runs the given keyword with given arguments and returns the status as a Boolean value.</doc>
<kw name="Write Log To File" library="app_keywords">
<arg>C:/Users/Admin/PycharmProjects/SauceDemoAssignment/utils/log.txt</arg>
<arg>${timestamp} - ${level} - ${message}</arg>
<kw name="Append To File" library="OperatingSystem">
<arg>${file_path}</arg>
<arg>${message}\n</arg>
<doc>Appends the given content to the specified file.</doc>
<msg timestamp="20230726 00:20:49.853" level="INFO" html="true">Appended to file '&lt;a href="file://C:\Users\Admin\PycharmProjects\SauceDemoAssignment\utils\log.txt"&gt;C:\Users\Admin\PycharmProjects\SauceDemoAssignment\utils\log.txt&lt;/a&gt;'.</msg>
<status status="PASS" starttime="20230726 00:20:49.850" endtime="20230726 00:20:49.853"/>
</kw>
<status status="PASS" starttime="20230726 00:20:49.849" endtime="20230726 00:20:49.853"/>
</kw>
<msg timestamp="20230726 00:20:49.854" level="INFO">${status} = True</msg>
<status status="PASS" starttime="20230726 00:20:49.848" endtime="20230726 00:20:49.854"/>
</kw>
<kw name="Run Keyword If" library="BuiltIn">
<arg>'${status}'=='FAIL'</arg>
<arg>Log</arg>
<arg>Writing log to file failed</arg>
<doc>Runs the given keyword with the given arguments, if ``condition`` is true.</doc>
<status status="PASS" starttime="20230726 00:20:49.854" endtime="20230726 00:20:49.854"/>
</kw>
<status status="PASS" starttime="20230726 00:20:49.845" endtime="20230726 00:20:49.855"/>
</kw>
<kw name="Run Keywords" library="BuiltIn" type="TEARDOWN">
<arg>Capture Screenshot If Failed</arg>
<arg>AND</arg>
<arg>Close Application</arg>
<doc>Executes all the given keywords in a sequence.</doc>
<kw name="Capture Screenshot If Failed" library="app_keywords">
<kw name="Run Keyword If Test Failed" library="BuiltIn">
<arg>Capture Page Screenshot</arg>
<arg>filename=screenshots/${SUITE NAME}_${TEST NAME}_fail.png</arg>
<doc>Runs the given keyword with the given arguments, if the test failed.</doc>
<status status="PASS" starttime="20230726 00:20:49.856" endtime="20230726 00:20:49.857"/>
</kw>
<status status="PASS" starttime="20230726 00:20:49.856" endtime="20230726 00:20:49.857"/>
</kw>
<kw name="Close Application" library="app_keywords">
<kw name="Close Browser" library="SeleniumLibrary">
<doc>Closes the current browser.</doc>
<status status="PASS" starttime="20230726 00:20:49.859" endtime="20230726 00:20:53.343"/>
</kw>
<status status="PASS" starttime="20230726 00:20:49.858" endtime="20230726 00:20:53.344"/>
</kw>
<status status="PASS" starttime="20230726 00:20:49.855" endtime="20230726 00:20:53.344"/>
</kw>
<doc>Test checking out with an empty cart (TC105.1).</doc>
<tag>cart</tag>
<tag>TC105.1</tag>
<tag>TS105</tag>
<status status="PASS" starttime="20230726 00:20:44.396" endtime="20230726 00:20:53.344"/>
</test>
<test id="s1-s1-t6" name="Verify the cart is empty when no products are added" line="69">
<kw name="Setup Test For Cart" library="app_keywords" type="SETUP">
<kw name="Open Application" library="app_keywords">
<kw name="Open Browser" library="SeleniumLibrary">
<arg>${BASE_URL}</arg>
<arg>${BROWSER}</arg>
<doc>Opens a new browser instance to the optional ``url``.</doc>
<msg timestamp="20230726 00:20:53.348" level="INFO">Opening browser 'Chrome' to base url 'https://www.saucedemo.com/'.</msg>
<status status="PASS" starttime="20230726 00:20:53.347" endtime="20230726 00:20:58.641"/>
</kw>
<kw name="Maximize Browser Window" library="SeleniumLibrary">
<doc>Maximizes current browser window.</doc>
<status status="PASS" starttime="20230726 00:20:58.642" endtime="20230726 00:20:58.823"/>
</kw>
<status status="PASS" starttime="20230726 00:20:53.347" endtime="20230726 00:20:58.824"/>
</kw>
<kw name="Login" library="app_keywords">
<arg>${standard_user}</arg>
<arg>${password}</arg>
<kw name="Input Text" library="SeleniumLibrary">
<arg>${username_locator}</arg>
<arg>${username}</arg>
<doc>Types the given ``text`` into the text field identified by ``locator``.</doc>
<msg timestamp="20230726 00:20:58.826" level="INFO">Typing text 'standard_user' into text field '//input[@data-test="username"]'.</msg>
<status status="PASS" starttime="20230726 00:20:58.825" endtime="20230726 00:20:59.041"/>
</kw>
<kw name="Input Text" library="SeleniumLibrary">
<arg>${password_locator}</arg>
<arg>${password}</arg>
<doc>Types the given ``text`` into the text field identified by ``locator``.</doc>
<msg timestamp="20230726 00:20:59.042" level="INFO">Typing text 'secret_sauce' into text field '//input[@data-test="password"]'.</msg>
<status status="PASS" starttime="20230726 00:20:59.041" endtime="20230726 00:20:59.378"/>
</kw>
<kw name="Click Button" library="SeleniumLibrary">
<arg>${login_button_locator}</arg>
<doc>Clicks the button identified by ``locator``.</doc>
<msg timestamp="20230726 00:20:59.379" level="INFO">Clicking button '//input[@data-test="login-button"]'.</msg>
<status status="PASS" starttime="20230726 00:20:59.378" endtime="20230726 00:20:59.580"/>
</kw>
<status status="PASS" starttime="20230726 00:20:58.824" endtime="20230726 00:20:59.580"/>
</kw>
<status status="PASS" starttime="20230726 00:20:53.346" endtime="20230726 00:20:59.582"/>
</kw>
<kw name="Log Message" library="app_keywords">
<arg>Test checking cart when no products are added started</arg>
<kw name="Get Current Date" library="DateTime">
<var>${timestamp}</var>
<arg>result_format=%Y-%m-%d %H:%M:%S</arg>
<doc>Returns current local or UTC time with an optional increment.</doc>
<msg timestamp="20230726 00:20:59.585" level="INFO">${timestamp} = 2023-07-26 00:20:59</msg>
<status status="PASS" starttime="20230726 00:20:59.585" endtime="20230726 00:20:59.585"/>
</kw>
<kw name="Log" library="BuiltIn">
<arg>${timestamp} - ${level} - ${message}</arg>
<doc>Logs the given message with the given level.</doc>
<msg timestamp="20230726 00:20:59.586" level="INFO">2023-07-26 00:20:59 - INFO - Test checking cart when no products are added started</msg>
<status status="PASS" starttime="20230726 00:20:59.586" endtime="20230726 00:20:59.587"/>
</kw>
<kw name="Run Keyword And Return Status" library="BuiltIn">
<var>${status}</var>
<arg>Write Log To File</arg>
<arg>C:/Users/Admin/PycharmProjects/SauceDemoAssignment/utils/log.txt</arg>
<arg>${timestamp} - ${level} - ${message}</arg>
<doc>Runs the given keyword with given arguments and returns the status as a Boolean value.</doc>
<kw name="Write Log To File" library="app_keywords">
<arg>C:/Users/Admin/PycharmProjects/SauceDemoAssignment/utils/log.txt</arg>
<arg>${timestamp} - ${level} - ${message}</arg>
<kw name="Append To File" library="OperatingSystem">
<arg>${file_path}</arg>
<arg>${message}\n</arg>
<doc>Appends the given content to the specified file.</doc>
<msg timestamp="20230726 00:20:59.592" level="INFO" html="true">Appended to file '&lt;a href="file://C:\Users\Admin\PycharmProjects\SauceDemoAssignment\utils\log.txt"&gt;C:\Users\Admin\PycharmProjects\SauceDemoAssignment\utils\log.txt&lt;/a&gt;'.</msg>
<status status="PASS" starttime="20230726 00:20:59.589" endtime="20230726 00:20:59.592"/>
</kw>
<status status="PASS" starttime="20230726 00:20:59.588" endtime="20230726 00:20:59.593"/>
</kw>
<msg timestamp="20230726 00:20:59.593" level="INFO">${status} = True</msg>
<status status="PASS" starttime="20230726 00:20:59.587" endtime="20230726 00:20:59.593"/>
</kw>
<kw name="Run Keyword If" library="BuiltIn">
<arg>'${status}'=='FAIL'</arg>
<arg>Log</arg>
<arg>Writing log to file failed</arg>
<doc>Runs the given keyword with the given arguments, if ``condition`` is true.</doc>
<status status="PASS" starttime="20230726 00:20:59.594" endtime="20230726 00:20:59.595"/>
</kw>
<status status="PASS" starttime="20230726 00:20:59.583" endtime="20230726 00:20:59.595"/>
</kw>
<kw name="Go To Cart Page" library="app_keywords">
<kw name="Set Variable" library="BuiltIn">
<var>${cart_button_locator}</var>
<arg>${cart_button_locator}</arg>
<doc>Returns the given values which can then be assigned to a variables.</doc>
<msg timestamp="20230726 00:20:59.597" level="INFO">${cart_button_locator} = //a[@class="shopping_cart_link"]</msg>
<status status="PASS" starttime="20230726 00:20:59.596" endtime="20230726 00:20:59.597"/>
</kw>
<kw name="Wait Until Element Is Visible" library="SeleniumLibrary">
<arg>${cart_button_locator}</arg>
<doc>Waits until the element ``locator`` is visible.</doc>
<status status="PASS" starttime="20230726 00:20:59.597" endtime="20230726 00:20:59.647"/>
</kw>
<kw name="Click Element" library="SeleniumLibrary">
<arg>${cart_button_locator}</arg>
<doc>Click the element identified by ``locator``.</doc>
<msg timestamp="20230726 00:20:59.648" level="INFO">Clicking element '//a[@class="shopping_cart_link"]'.</msg>
<status status="PASS" starttime="20230726 00:20:59.647" endtime="20230726 00:20:59.724"/>
</kw>
<status status="PASS" starttime="20230726 00:20:59.595" endtime="20230726 00:20:59.724"/>
</kw>
<kw name="Is Product In Cart" library="app_keywords">
<var>${product_in_cart}</var>
<arg>${product_1}</arg>
<kw name="Run Keyword And Return Status" library="BuiltIn">
<var>${product_in_cart}</var>
<arg>Element Should Be Visible</arg>
<arg>${product_locator}</arg>
<doc>Runs the given keyword with given arguments and returns the status as a Boolean value.</doc>
<kw name="Element Should Be Visible" library="SeleniumLibrary">
<arg>${product_locator}</arg>
<doc>Verifies that the element identified by ``locator`` is visible.</doc>
<msg timestamp="20230726 00:20:59.968" level="INFO" html="true">&lt;/td&gt;&lt;/tr&gt;&lt;tr&gt;&lt;td colspan="3"&gt;&lt;a href="selenium-screenshot-2.png"&gt;&lt;img src="selenium-screenshot-2.png" width="800px"&gt;&lt;/a&gt;</msg>
<msg timestamp="20230726 00:20:59.968" level="FAIL">Element with locator '//div[normalize-space()="Sauce Labs Backpack"]' not found.</msg>
<status status="FAIL" starttime="20230726 00:20:59.727" endtime="20230726 00:20:59.972"/>
</kw>
<msg timestamp="20230726 00:20:59.972" level="INFO">${product_in_cart} = False</msg>
<status status="PASS" starttime="20230726 00:20:59.725" endtime="20230726 00:20:59.973"/>
</kw>
<msg timestamp="20230726 00:20:59.973" level="INFO">${product_in_cart} = False</msg>
<status status="PASS" starttime="20230726 00:20:59.724" endtime="20230726 00:20:59.973"/>
</kw>
<kw name="Should Not Be True" library="BuiltIn">
<arg>${product_in_cart}</arg>
<doc>Fails if the given condition is true.</doc>
<status status="PASS" starttime="20230726 00:20:59.973" endtime="20230726 00:20:59.973"/>
</kw>
<kw name="Log Message" library="app_keywords">
<arg>Test checking cart when no products are added finished</arg>
<kw name="Get Current Date" library="DateTime">
<var>${timestamp}</var>
<arg>result_format=%Y-%m-%d %H:%M:%S</arg>
<doc>Returns current local or UTC time with an optional increment.</doc>
<msg timestamp="20230726 00:20:59.974" level="INFO">${timestamp} = 2023-07-26 00:20:59</msg>
<status status="PASS" starttime="20230726 00:20:59.974" endtime="20230726 00:20:59.974"/>
</kw>
<kw name="Log" library="BuiltIn">
<arg>${timestamp} - ${level} - ${message}</arg>
<doc>Logs the given message with the given level.</doc>
<msg timestamp="20230726 00:20:59.975" level="INFO">2023-07-26 00:20:59 - INFO - Test checking cart when no products are added finished</msg>
<status status="PASS" starttime="20230726 00:20:59.974" endtime="20230726 00:20:59.975"/>
</kw>
<kw name="Run Keyword And Return Status" library="BuiltIn">
<var>${status}</var>
<arg>Write Log To File</arg>
<arg>C:/Users/Admin/PycharmProjects/SauceDemoAssignment/utils/log.txt</arg>
<arg>${timestamp} - ${level} - ${message}</arg>
<doc>Runs the given keyword with given arguments and returns the status as a Boolean value.</doc>
<kw name="Write Log To File" library="app_keywords">
<arg>C:/Users/Admin/PycharmProjects/SauceDemoAssignment/utils/log.txt</arg>
<arg>${timestamp} - ${level} - ${message}</arg>
<kw name="Append To File" library="OperatingSystem">
<arg>${file_path}</arg>
<arg>${message}\n</arg>
<doc>Appends the given content to the specified file.</doc>
<msg timestamp="20230726 00:20:59.977" level="INFO" html="true">Appended to file '&lt;a href="file://C:\Users\Admin\PycharmProjects\SauceDemoAssignment\utils\log.txt"&gt;C:\Users\Admin\PycharmProjects\SauceDemoAssignment\utils\log.txt&lt;/a&gt;'.</msg>
<status status="PASS" starttime="20230726 00:20:59.976" endtime="20230726 00:20:59.977"/>
</kw>
<status status="PASS" starttime="20230726 00:20:59.975" endtime="20230726 00:20:59.977"/>
</kw>
<msg timestamp="20230726 00:20:59.977" level="INFO">${status} = True</msg>
<status status="PASS" starttime="20230726 00:20:59.975" endtime="20230726 00:20:59.977"/>
</kw>
<kw name="Run Keyword If" library="BuiltIn">
<arg>'${status}'=='FAIL'</arg>
<arg>Log</arg>
<arg>Writing log to file failed</arg>
<doc>Runs the given keyword with the given arguments, if ``condition`` is true.</doc>
<status status="PASS" starttime="20230726 00:20:59.977" endtime="20230726 00:20:59.978"/>
</kw>
<status status="PASS" starttime="20230726 00:20:59.973" endtime="20230726 00:20:59.978"/>
</kw>
<kw name="Run Keywords" library="BuiltIn" type="TEARDOWN">
<arg>Capture Screenshot If Failed</arg>
<arg>AND</arg>
<arg>Close Application</arg>
<doc>Executes all the given keywords in a sequence.</doc>
<kw name="Capture Screenshot If Failed" library="app_keywords">
<kw name="Run Keyword If Test Failed" library="BuiltIn">
<arg>Capture Page Screenshot</arg>
<arg>filename=screenshots/${SUITE NAME}_${TEST NAME}_fail.png</arg>
<doc>Runs the given keyword with the given arguments, if the test failed.</doc>
<status status="PASS" starttime="20230726 00:20:59.978" endtime="20230726 00:20:59.979"/>
</kw>
<status status="PASS" starttime="20230726 00:20:59.978" endtime="20230726 00:20:59.979"/>
</kw>
<kw name="Close Application" library="app_keywords">
<kw name="Close Browser" library="SeleniumLibrary">
<doc>Closes the current browser.</doc>
<status status="PASS" starttime="20230726 00:20:59.979" endtime="20230726 00:21:02.821"/>
</kw>
<status status="PASS" starttime="20230726 00:20:59.979" endtime="20230726 00:21:02.821"/>
</kw>
<status status="PASS" starttime="20230726 00:20:59.978" endtime="20230726 00:21:02.821"/>
</kw>
<doc>Test checking cart when no products are added (TC106.1).</doc>
<tag>cart</tag>
<tag>TC106.1</tag>
<tag>TS106</tag>
<status status="PASS" starttime="20230726 00:20:53.345" endtime="20230726 00:21:02.821"/>
</test>
<test id="s1-s1-t7" name="Verify the cart retains products when user logs out and logs back in" line="78">
<kw name="Setup Test For Cart" library="app_keywords" type="SETUP">
<kw name="Open Application" library="app_keywords">
<kw name="Open Browser" library="SeleniumLibrary">
<arg>${BASE_URL}</arg>
<arg>${BROWSER}</arg>
<doc>Opens a new browser instance to the optional ``url``.</doc>
<msg timestamp="20230726 00:21:02.825" level="INFO">Opening browser 'Chrome' to base url 'https://www.saucedemo.com/'.</msg>
<status status="PASS" starttime="20230726 00:21:02.824" endtime="20230726 00:21:08.235"/>
</kw>
<kw name="Maximize Browser Window" library="SeleniumLibrary">
<doc>Maximizes current browser window.</doc>
<status status="PASS" starttime="20230726 00:21:08.235" endtime="20230726 00:21:08.350"/>
</kw>
<status status="PASS" starttime="20230726 00:21:02.824" endtime="20230726 00:21:08.350"/>
</kw>
<kw name="Login" library="app_keywords">
<arg>${standard_user}</arg>
<arg>${password}</arg>
<kw name="Input Text" library="SeleniumLibrary">
<arg>${username_locator}</arg>
<arg>${username}</arg>
<doc>Types the given ``text`` into the text field identified by ``locator``.</doc>
<msg timestamp="20230726 00:21:08.353" level="INFO">Typing text 'standard_user' into text field '//input[@data-test="username"]'.</msg>
<status status="PASS" starttime="20230726 00:21:08.352" endtime="20230726 00:21:08.500"/>
</kw>
<kw name="Input Text" library="SeleniumLibrary">
<arg>${password_locator}</arg>
<arg>${password}</arg>
<doc>Types the given ``text`` into the text field identified by ``locator``.</doc>
<msg timestamp="20230726 00:21:08.501" level="INFO">Typing text 'secret_sauce' into text field '//input[@data-test="password"]'.</msg>
<status status="PASS" starttime="20230726 00:21:08.500" endtime="20230726 00:21:08.579"/>
</kw>
<kw name="Click Button" library="SeleniumLibrary">
<arg>${login_button_locator}</arg>
<doc>Clicks the button identified by ``locator``.</doc>
<msg timestamp="20230726 00:21:08.580" level="INFO">Clicking button '//input[@data-test="login-button"]'.</msg>
<status status="PASS" starttime="20230726 00:21:08.579" endtime="20230726 00:21:08.669"/>
</kw>
<status status="PASS" starttime="20230726 00:21:08.351" endtime="20230726 00:21:08.669"/>
</kw>
<status status="PASS" starttime="20230726 00:21:02.823" endtime="20230726 00:21:08.669"/>
</kw>
<kw name="Log Message" library="app_keywords">
<arg>Test retaining products in cart after logout and login started</arg>
<kw name="Get Current Date" library="DateTime">
<var>${timestamp}</var>
<arg>result_format=%Y-%m-%d %H:%M:%S</arg>
<doc>Returns current local or UTC time with an optional increment.</doc>
<msg timestamp="20230726 00:21:08.670" level="INFO">${timestamp} = 2023-07-26 00:21:08</msg>
<status status="PASS" starttime="20230726 00:21:08.670" endtime="20230726 00:21:08.670"/>
</kw>
<kw name="Log" library="BuiltIn">
<arg>${timestamp} - ${level} - ${message}</arg>
<doc>Logs the given message with the given level.</doc>
<msg timestamp="20230726 00:21:08.671" level="INFO">2023-07-26 00:21:08 - INFO - Test retaining products in cart after logout and login started</msg>
<status status="PASS" starttime="20230726 00:21:08.670" endtime="20230726 00:21:08.671"/>
</kw>
<kw name="Run Keyword And Return Status" library="BuiltIn">
<var>${status}</var>
<arg>Write Log To File</arg>
<arg>C:/Users/Admin/PycharmProjects/SauceDemoAssignment/utils/log.txt</arg>
<arg>${timestamp} - ${level} - ${message}</arg>
<doc>Runs the given keyword with given arguments and returns the status as a Boolean value.</doc>
<kw name="Write Log To File" library="app_keywords">
<arg>C:/Users/Admin/PycharmProjects/SauceDemoAssignment/utils/log.txt</arg>
<arg>${timestamp} - ${level} - ${message}</arg>
<kw name="Append To File" library="OperatingSystem">
<arg>${file_path}</arg>
<arg>${message}\n</arg>
<doc>Appends the given content to the specified file.</doc>
<msg timestamp="20230726 00:21:08.674" level="INFO" html="true">Appended to file '&lt;a href="file://C:\Users\Admin\PycharmProjects\SauceDemoAssignment\utils\log.txt"&gt;C:\Users\Admin\PycharmProjects\SauceDemoAssignment\utils\log.txt&lt;/a&gt;'.</msg>
<status status="PASS" starttime="20230726 00:21:08.672" endtime="20230726 00:21:08.674"/>
</kw>
<status status="PASS" starttime="20230726 00:21:08.672" endtime="20230726 00:21:08.674"/>
</kw>
<msg timestamp="20230726 00:21:08.675" level="INFO">${status} = True</msg>
<status status="PASS" starttime="20230726 00:21:08.671" endtime="20230726 00:21:08.675"/>
</kw>
<kw name="Run Keyword If" library="BuiltIn">
<arg>'${status}'=='FAIL'</arg>
<arg>Log</arg>
<arg>Writing log to file failed</arg>
<doc>Runs the given keyword with the given arguments, if ``condition`` is true.</doc>
[...]
<doc>Waits until the element ``locator`` is visible.</doc>
<status status="PASS" starttime="20230726 00:21:08.824" endtime="20230726 00:21:09.066"/>
</kw>
<kw name="Click Link" library="SeleniumLibrary">
<arg>${logout_link_locator}</arg>
<doc>Clicks a link identified by ``locator``.</doc>
<msg timestamp="20230726 00:21:09.067" level="INFO">Clicking link '//a[@id="logout_sidebar_link"]'.</msg>
<status status="PASS" starttime="20230726 00:21:09.067" endtime="20230726 00:21:09.116"/>
</kw>
<status status="PASS" starttime="20230726 00:21:08.745" endtime="20230726 00:21:09.116"/>
</kw>
<kw name="Login" library="app_keywords">
<arg>${standard_user}</arg>
<arg>${password}</arg>
<kw name="Input Text" library="SeleniumLibrary">
<arg>${username_locator}</arg>
<arg>${username}</arg>
<doc>Types the given ``text`` into the text field identified by ``locator``.</doc>
<msg timestamp="20230726 00:21:09.118" level="INFO">Typing text 'standard_user' into text field '//input[@data-test="username"]'.</msg>
<status status="PASS" starttime="20230726 00:21:09.117" endtime="20230726 00:21:09.230"/>
</kw>
<kw name="Input Text" library="SeleniumLibrary">
<arg>${password_locator}</arg>
<arg>${password}</arg>
<doc>Types the given ``text`` into the text field identified by ``locator``.</doc>
<msg timestamp="20230726 00:21:09.231" level="INFO">Typing text 'secret_sauce' into text field '//input[@data-test="password"]'.</msg>
<status status="PASS" starttime="20230726 00:21:09.230" endtime="20230726 00:21:09.329"/>
</kw>
<kw name="Click Button" library="SeleniumLibrary">
<arg>${login_button_locator}</arg>
<doc>Clicks the button identified by ``locator``.</doc>
<msg timestamp="20230726 00:21:09.330" level="INFO">Clicking button '//input[@data-test="login-button"]'.</msg>
<status status="PASS" starttime="20230726 00:21:09.329" endtime="20230726 00:21:09.383"/>
</kw>
<status status="PASS" starttime="20230726 00:21:09.117" endtime="20230726 00:21:09.383"/>
</kw>
<kw name="Go To Cart Page" library="app_keywords">
<kw name="Set Variable" library="BuiltIn">
<var>${cart_button_locator}</var>
<arg>${cart_button_locator}</arg>
<doc>Returns the given values which can then be assigned to a variables.</doc>
<msg timestamp="20230726 00:21:09.384" level="INFO">${cart_button_locator} = //a[@class="shopping_cart_link"]</msg>
<status status="PASS" starttime="20230726 00:21:09.384" endtime="20230726 00:21:09.384"/>
</kw>
<kw name="Wait Until Element Is Visible" library="SeleniumLibrary">
<arg>${cart_button_locator}</arg>
<doc>Waits until the element ``locator`` is visible.</doc>
<status status="PASS" starttime="20230726 00:21:09.385" endtime="20230726 00:21:09.410"/>
</kw>
<kw name="Click Element" library="SeleniumLibrary">
<arg>${cart_button_locator}</arg>
<doc>Click the element identified by ``locator``.</doc>
<msg timestamp="20230726 00:21:09.410" level="INFO">Clicking element '//a[@class="shopping_cart_link"]'.</msg>
<status status="PASS" starttime="20230726 00:21:09.410" endtime="20230726 00:21:09.449"/>
</kw>
<status status="PASS" starttime="20230726 00:21:09.383" endtime="20230726 00:21:09.449"/>
</kw>
<kw name="Get Cart Count" library="app_keywords">
<var>${cart_count}</var>
<kw name="Get Text" library="SeleniumLibrary">
<var>${cart_count}</var>
<arg>${cart_count_locator}</arg>
<doc>Returns the text value of the element identified by ``locator``.</doc>
<msg timestamp="20230726 00:21:09.477" level="INFO">${cart_count} = 1</msg>
<status status="PASS" starttime="20230726 00:21:09.450" endtime="20230726 00:21:09.477"/>
</kw>
<msg timestamp="20230726 00:21:09.477" level="INFO">${cart_count} = 1</msg>
<status status="PASS" starttime="20230726 00:21:09.449" endtime="20230726 00:21:09.477"/>
</kw>
<kw name="Should Be Equal As Integers" library="BuiltIn">
<arg>${cart_count}</arg>
<arg>1</arg>
<doc>Fails if objects are unequal after converting them to integers.</doc>
<status status="PASS" starttime="20230726 00:21:09.478" endtime="20230726 00:21:09.478"/>
</kw>
<kw name="Log Message" library="app_keywords">
<arg>Test retaining products in cart after logout and login finished</arg>
<kw name="Get Current Date" library="DateTime">
<var>${timestamp}</var>
<arg>result_format=%Y-%m-%d %H:%M:%S</arg>
<doc>Returns current local or UTC time with an optional increment.</doc>
<msg timestamp="20230726 00:21:09.479" level="INFO">${timestamp} = 2023-07-26 00:21:09</msg>
<status status="PASS" starttime="20230726 00:21:09.478" endtime="20230726 00:21:09.479"/>
</kw>
<kw name="Log" library="BuiltIn">
<arg>${timestamp} - ${level} - ${message}</arg>
<doc>Logs the given message with the given level.</doc>
<msg timestamp="20230726 00:21:09.479" level="INFO">2023-07-26 00:21:09 - INFO - Test retaining products in cart after logout and login finished</msg>
<status status="PASS" starttime="20230726 00:21:09.479" endtime="20230726 00:21:09.479"/>
</kw>
<kw name="Run Keyword And Return Status" library="BuiltIn">
<var>${status}</var>
<arg>Write Log To File</arg>
<arg>C:/Users/Admin/PycharmProjects/SauceDemoAssignment/utils/log.txt</arg>
<arg>${timestamp} - ${level} - ${message}</arg>
<doc>Runs the given keyword with given arguments and returns the status as a Boolean value.</doc>
<kw name="Write Log To File" library="app_keywords">
<arg>C:/Users/Admin/PycharmProjects/SauceDemoAssignment/utils/log.txt</arg>
<arg>${timestamp} - ${level} - ${message}</arg>
<kw name="Append To File" library="OperatingSystem">
<arg>${file_path}</arg>
<arg>${message}\n</arg>
<doc>Appends the given content to the specified file.</doc>
<msg timestamp="20230726 00:21:09.521" level="INFO" html="true">Appended to file '&lt;a href="file://C:\Users\Admin\PycharmProjects\SauceDemoAssignment\utils\log.txt"&gt;C:\Users\Admin\PycharmProjects\SauceDemoAssignment\utils\log.txt&lt;/a&gt;'.</msg>
<status status="PASS" starttime="20230726 00:21:09.480" endtime="20230726 00:21:09.521"/>
</kw>
<status status="PASS" starttime="20230726 00:21:09.480" endtime="20230726 00:21:09.522"/>
</kw>
<msg timestamp="20230726 00:21:09.523" level="INFO">${status} = True</msg>
<status status="PASS" starttime="20230726 00:21:09.479" endtime="20230726 00:21:09.523"/>
</kw>
<kw name="Run Keyword If" library="BuiltIn">
<arg>'${status}'=='FAIL'</arg>
<arg>Log</arg>
<arg>Writing log to file failed</arg>
<doc>Runs the given keyword with the given arguments, if ``condition`` is true.</doc>
<status status="PASS" starttime="20230726 00:21:09.523" endtime="20230726 00:21:09.525"/>
</kw>
<status status="PASS" starttime="20230726 00:21:09.478" endtime="20230726 00:21:09.525"/>
</kw>
<kw name="Run Keywords" library="BuiltIn" type="TEARDOWN">
<arg>Capture Screenshot If Failed</arg>
<arg>AND</arg>
<arg>Close Application</arg>
<doc>Executes all the given keywords in a sequence.</doc>
<kw name="Capture Screenshot If Failed" library="app_keywords">
<kw name="Run Keyword If Test Failed" library="BuiltIn">
<arg>Capture Page Screenshot</arg>
<arg>filename=screenshots/${SUITE NAME}_${TEST NAME}_fail.png</arg>
<doc>Runs the given keyword with the given arguments, if the test failed.</doc>
<status status="PASS" starttime="20230726 00:21:09.528" endtime="20230726 00:21:09.529"/>
</kw>
<status status="PASS" starttime="20230726 00:21:09.527" endtime="20230726 00:21:09.530"/>
</kw>
<kw name="Close Application" library="app_keywords">
<kw name="Close Browser" library="SeleniumLibrary">
<doc>Closes the current browser.</doc>
<status status="PASS" starttime="20230726 00:21:09.530" endtime="20230726 00:21:12.085"/>
</kw>
<status status="PASS" starttime="20230726 00:21:09.530" endtime="20230726 00:21:12.086"/>
</kw>
<status status="PASS" starttime="20230726 00:21:09.526" endtime="20230726 00:21:12.086"/>
</kw>
<doc>Test retaining products in cart after logout and login (TC107.1).</doc>
<tag>cart</tag>
<tag>TC107.1</tag>
<tag>TS107</tag>
<status status="PASS" starttime="20230726 00:21:02.822" endtime="20230726 00:21:12.086"/>
</test>
<test id="s1-s1-t8" name="Verify user can continue shopping from the cart" line="90">
<kw name="Setup Test For Cart" library="app_keywords" type="SETUP">
<kw name="Open Application" library="app_keywords">
<kw name="Open Browser" library="SeleniumLibrary">
<arg>${BASE_URL}</arg>
<arg>${BROWSER}</arg>
<doc>Opens a new browser instance to the optional ``url``.</doc>
<msg timestamp="20230726 00:21:12.091" level="INFO">Opening browser 'Chrome' to base url 'https://www.saucedemo.com/'.</msg>
<status status="PASS" starttime="20230726 00:21:12.090" endtime="20230726 00:21:15.653"/>
</kw>
<kw name="Maximize Browser Window" library="SeleniumLibrary">
<doc>Maximizes current browser window.</doc>
<status status="PASS" starttime="20230726 00:21:15.653" endtime="20230726 00:21:15.769"/>
</kw>
<status status="PASS" starttime="20230726 00:21:12.088" endtime="20230726 00:21:15.770"/>
</kw>
<kw name="Login" library="app_keywords">
<arg>${standard_user}</arg>
<arg>${password}</arg>
<kw name="Input Text" library="SeleniumLibrary">
<arg>${username_locator}</arg>
<arg>${username}</arg>
<doc>Types the given ``text`` into the text field identified by ``locator``.</doc>
<msg timestamp="20230726 00:21:15.774" level="INFO">Typing text 'standard_user' into text field '//input[@data-test="username"]'.</msg>
<status status="PASS" starttime="20230726 00:21:15.772" endtime="20230726 00:21:15.918"/>
</kw>
<kw name="Input Text" library="SeleniumLibrary">
<arg>${password_locator}</arg>
<arg>${password}</arg>
<doc>Types the given ``text`` into the text field identified by ``locator``.</doc>
<msg timestamp="20230726 00:21:15.919" level="INFO">Typing text 'secret_sauce' into text field '//input[@data-test="password"]'.</msg>
<status status="PASS" starttime="20230726 00:21:15.919" endtime="20230726 00:21:15.999"/>
</kw>
<kw name="Click Button" library="SeleniumLibrary">
<arg>${login_button_locator}</arg>
<doc>Clicks the button identified by ``locator``.</doc>
<msg timestamp="20230726 00:21:16.000" level="INFO">Clicking button '//input[@data-test="login-button"]'.</msg>
<status status="PASS" starttime="20230726 00:21:16.000" endtime="20230726 00:21:16.090"/>
</kw>
<status status="PASS" starttime="20230726 00:21:15.770" endtime="20230726 00:21:16.090"/>
</kw>
<status status="PASS" starttime="20230726 00:21:12.087" endtime="20230726 00:21:16.091"/>
</kw>
<kw name="Log Message" library="app_keywords">
<arg>Test continuing shopping from the cart started</arg>
<kw name="Get Current Date" library="DateTime">
<var>${timestamp}</var>
<arg>result_format=%Y-%m-%d %H:%M:%S</arg>
<doc>Returns current local or UTC time with an optional increment.</doc>
<msg timestamp="20230726 00:21:16.092" level="INFO">${timestamp} = 2023-07-26 00:21:16</msg>
<status status="PASS" starttime="20230726 00:21:16.091" endtime="20230726 00:21:16.092"/>
</kw>
<kw name="Log" library="BuiltIn">
<arg>${timestamp} - ${level} - ${message}</arg>
<doc>Logs the given message with the given level.</doc>
<msg timestamp="20230726 00:21:16.092" level="INFO">2023-07-26 00:21:16 - INFO - Test continuing shopping from the cart started</msg>
<status status="PASS" starttime="20230726 00:21:16.092" endtime="20230726 00:21:16.092"/>
</kw>
<kw name="Run Keyword And Return Status" library="BuiltIn">
<var>${status}</var>
<arg>Write Log To File</arg>
<arg>C:/Users/Admin/PycharmProjects/SauceDemoAssignment/utils/log.txt</arg>
<arg>${timestamp} - ${level} - ${message}</arg>
<doc>Runs the given keyword with given arguments and returns the status as a Boolean value.</doc>
<kw name="Write Log To File" library="app_keywords">
<arg>C:/Users/Admin/PycharmProjects/SauceDemoAssignment/utils/log.txt</arg>
<arg>${timestamp} - ${level} - ${message}</arg>
<kw name="Append To File" library="OperatingSystem">
<arg>${file_path}</arg>
<arg>${message}\n</arg>
<doc>Appends the given content to the specified file.</doc>
<msg timestamp="20230726 00:21:16.094" level="INFO" html="true">Appended to file '&lt;a href="file://C:\Users\Admin\PycharmProjects\SauceDemoAssignment\utils\log.txt"&gt;C:\Users\Admin\PycharmProjects\SauceDemoAssignment\utils\log.txt&lt;/a&gt;'.</msg>
<status status="PASS" starttime="20230726 00:21:16.093" endtime="20230726 00:21:16.094"/>
</kw>
<status status="PASS" starttime="20230726 00:21:16.093" endtime="20230726 00:21:16.094"/>
</kw>
<msg timestamp="20230726 00:21:16.095" level="INFO">${status} = True</msg>
<status status="PASS" starttime="20230726 00:21:16.092" endtime="20230726 00:21:16.095"/>
</kw>
<kw name="Run Keyword If" library="BuiltIn">
<arg>'${status}'=='FAIL'</arg>
<arg>Log</arg>
<arg>Writing log to file failed</arg>
<doc>Runs the given keyword with the given arguments, if ``condition`` is true.</doc>
<status status="PASS" starttime="20230726 00:21:16.095" endtime="20230726 00:21:16.095"/>
</kw>
<status status="PASS" starttime="20230726 00:21:16.091" endtime="20230726 00:21:16.095"/>
</kw>
<kw name="Go To Cart Page" library="app_keywords">
<kw name="Set Variable" library="BuiltIn">
<var>${cart_button_locator}</var>
<arg>${cart_button_locator}</arg>
<doc>Returns the given values which can then be assigned to a variables.</doc>
<msg timestamp="20230726 00:21:16.096" level="INFO">${cart_button_locator} = //a[@class="shopping_cart_link"]</msg>
<status status="PASS" starttime="20230726 00:21:16.096" endtime="20230726 00:21:16.096"/>
</kw>
<kw name="Wait Until Element Is Visible" library="SeleniumLibrary">
<arg>${cart_button_locator}</arg>
<doc>Waits until the element ``locator`` is visible.</doc>
<status status="PASS" starttime="20230726 00:21:16.096" endtime="20230726 00:21:16.123"/>
</kw>
<kw name="Click Element" library="SeleniumLibrary">
<arg>${cart_button_locator}</arg>
<doc>Click the element identified by ``locator``.</doc>
<msg timestamp="20230726 00:21:16.124" level="INFO">Clicking element '//a[@class="shopping_cart_link"]'.</msg>
<status status="PASS" starttime="20230726 00:21:16.123" endtime="20230726 00:21:16.173"/>
</kw>
<status status="PASS" starttime="20230726 00:21:16.095" endtime="20230726 00:21:16.173"/>
</kw>
<kw name="Continue Shopping" library="app_keywords">
<kw name="Click Button" library="SeleniumLibrary">
<arg>${continue_shopping_button_locator}</arg>
<doc>Clicks the button identified by ``locator``.</doc>
<msg timestamp="20230726 00:21:16.175" level="INFO">Clicking button 'continue-shopping'.</msg>
<status status="PASS" starttime="20230726 00:21:16.174" endtime="20230726 00:21:16.243"/>
</kw>
<status status="PASS" starttime="20230726 00:21:16.174" endtime="20230726 00:21:16.243"/>
</kw>
<kw name="Wait Until Page Contains Element" library="SeleniumLibrary">
<arg>${logout_link_locator}</arg>
<arg>10</arg>
<doc>Waits until the element ``locator`` appears on the current page.</doc>
<status status="PASS" starttime="20230726 00:21:16.243" endtime="20230726 00:21:16.257"/>
</kw>
<kw name="Log Message" library="app_keywords">
<arg>Test continuing shopping from the cart finished</arg>
<kw name="Get Current Date" library="DateTime">
<var>${timestamp}</var>
<arg>result_format=%Y-%m-%d %H:%M:%S</arg>
<doc>Returns current local or UTC time with an optional increment.</doc>
<msg timestamp="20230726 00:21:16.258" level="INFO">${timestamp} = 2023-07-26 00:21:16</msg>
<status status="PASS" starttime="20230726 00:21:16.258" endtime="20230726 00:21:16.258"/>
</kw>
<kw name="Log" library="BuiltIn">
<arg>${timestamp} - ${level} - ${message}</arg>
<doc>Logs the given message with the given level.</doc>
<msg timestamp="20230726 00:21:16.259" level="INFO">2023-07-26 00:21:16 - INFO - Test continuing shopping from the cart finished</msg>
<status status="PASS" starttime="20230726 00:21:16.259" endtime="20230726 00:21:16.259"/>
</kw>
<kw name="Run Keyword And Return Status" library="BuiltIn">
<var>${status}</var>
<arg>Write Log To File</arg>
<arg>C:/Users/Admin/PycharmProjects/SauceDemoAssignment/utils/log.txt</arg>
<arg>${timestamp} - ${level} - ${message}</arg>
<doc>Runs the given keyword with given arguments and returns the status as a Boolean value.</doc>
<kw name="Write Log To File" library="app_keywords">
<arg>C:/Users/Admin/PycharmProjects/SauceDemoAssignment/utils/log.txt</arg>
<arg>${timestamp} - ${level} - ${message}</arg>
<kw name="Append To File" library="OperatingSystem">
<arg>${file_path}</arg>
<arg>${message}\n</arg>
<doc>Appends the given content to the specified file.</doc>
<msg timestamp="20230726 00:21:16.261" level="INFO" html="true">Appended to file '&lt;a href="file://C:\Users\Admin\PycharmProjects\SauceDemoAssignment\utils\log.txt"&gt;C:\Users\Admin\PycharmProjects\SauceDemoAssignment\utils\log.txt&lt;/a&gt;'.</msg>
<status status="PASS" starttime="20230726 00:21:16.260" endtime="20230726 00:21:16.261"/>
</kw>
<status status="PASS" starttime="20230726 00:21:16.260" endtime="20230726 00:21:16.261"/>
</kw>
<msg timestamp="20230726 00:21:16.261" level="INFO">${status} = True</msg>
<status status="PASS" starttime="20230726 00:21:16.259" endtime="20230726 00:21:16.261"/>
</kw>
<kw name="Run Keyword If" library="BuiltIn">
<arg>'${status}'=='FAIL'</arg>
<arg>Log</arg>
<arg>Writing log to file failed</arg>
<doc>Runs the given keyword with the given arguments, if ``condition`` is true.</doc>
<status status="PASS" starttime="20230726 00:21:16.261" endtime="20230726 00:21:16.261"/>
</kw>
<status status="PASS" starttime="20230726 00:21:16.257" endtime="20230726 00:21:16.262"/>
</kw>
<kw name="Run Keywords" library="BuiltIn" type="TEARDOWN">
<arg>Capture Screenshot If Failed</arg>
<arg>AND</arg>
<arg>Close Application</arg>
<doc>Executes all the given keywords in a sequence.</doc>
<kw name="Capture Screenshot If Failed" library="app_keywords">
<kw name="Run Keyword If Test Failed" library="BuiltIn">
<arg>Capture Page Screenshot</arg>
<arg>filename=screenshots/${SUITE NAME}_${TEST NAME}_fail.png</arg>
<doc>Runs the given keyword with the given arguments, if the test failed.</doc>
<status status="PASS" starttime="20230726 00:21:16.262" endtime="20230726 00:21:16.263"/>
</kw>
<status status="PASS" starttime="20230726 00:21:16.262" endtime="20230726 00:21:16.263"/>
</kw>
<kw name="Close Application" library="app_keywords">
<kw name="Close Browser" library="SeleniumLibrary">
<doc>Closes the current browser.</doc>
<status status="PASS" starttime="20230726 00:21:16.263" endtime="20230726 00:21:19.550"/>
</kw>
<status status="PASS" starttime="20230726 00:21:16.263" endtime="20230726 00:21:19.550"/>
</kw>
<status status="PASS" starttime="20230726 00:21:16.262" endtime="20230726 00:21:19.551"/>
</kw>
<doc>Test continuing shopping from the cart (TC108.1).</doc>
<tag>cart</tag>
<tag>TC108.1</tag>
<tag>TS108</tag>
<status status="PASS" starttime="20230726 00:21:12.086" endtime="20230726 00:21:19.552"/>
</test>
<doc>A test suite with tests for cart functionality.</doc>
<status status="PASS" starttime="20230726 00:20:04.570" endtime="20230726 00:21:19.555"/>
</suite>
<status status="PASS" starttime="20230726 00:20:04.554" endtime="20230726 00:21:19.562"/>
</suite>
<statistics>
<total>
<stat pass="8" fail="0" skip="0">All Tests</stat>
</total>
<tag>
<stat pass="8" fail="0" skip="0">cart</stat>
<stat pass="1" fail="0" skip="0">TC101.1</stat>
<stat pass="1" fail="0" skip="0">TC102.1</stat>
<stat pass="1" fail="0" skip="0">TC103.1</stat>
<stat pass="1" fail="0" skip="0">TC104.1</stat>
<stat pass="1" fail="0" skip="0">TC105.1</stat>
<stat pass="1" fail="0" skip="0">TC106.1</stat>
<stat pass="1" fail="0" skip="0">TC107.1</stat>
<stat pass="1" fail="0" skip="0">TC108.1</stat>
<stat pass="1" fail="0" skip="0">TS101</stat>
<stat pass="1" fail="0" skip="0">TS102</stat>
<stat pass="1" fail="0" skip="0">TS103</stat>
<stat pass="1" fail="0" skip="0">TS104</stat>
<stat pass="1" fail="0" skip="0">TS105</stat>
<stat pass="1" fail="0" skip="0">TS106</stat>
<stat pass="1" fail="0" skip="0">TS107</stat>
<stat pass="1" fail="0" skip="0">TS108</stat>
</tag>
<suite>
<stat pass="8" fail="0" skip="0" id="s1" name="Tests">Tests</stat>
<stat pass="8" fail="0" skip="0" id="s1-s1" name="Cart Tests">Tests.Cart Tests</stat>
</suite>
</statistics>
<errors>
</errors>
</robot>
