<?xml version="1.0" encoding="UTF-8"?>
<robot generator="Robot 6.1 (Python 3.11.4 on win32)" generated="20230726 00:20:04.544" rpa="false" schemaversion="4">
<suite id="s1" name="Tests" source="C:\Users\Admin\PycharmProjects\SauceDemoAssignment\tests">
<suite id="s1-s1" name="Checkout Tests" source="C:\Users\Admin\PycharmProjects\SauceDemoAssignment\tests\checkout_tests.robot">
<test id="s1-s1-t1" name="Checkout With Valid Inputs" line="14">
<kw name="Setup Test For Checkout" library="app_keywords" type="SETUP">
<kw name="Open Application" library="app_keywords">
<kw name="Open Browser" library="SeleniumLibrary">
<arg>${BASE_URL}</arg>
<arg>${BROWSER}</arg>
<doc>Opens a new browser instance to the optional ``url``.</doc>
<msg timestamp="20230726 00:20:04.806" level="INFO">Opening browser 'Chrome' to base url 'https://www.saucedemo.com/'.</msg>
<status status="PASS" starttime="20230726 00:20:04.804" endtime="20230726 00:20:11.104"/>
</kw>
<kw name="Maximize Browser Window" library="SeleniumLibrary">
<doc>Maximizes current browser window.</doc>
<status status="PASS" starttime="20230726 00:20:11.105" endtime="20230726 00:20:11.257"/>
</kw>
<status status="PASS" starttime="20230726 00:20:04.804" endtime="20230726 00:20:11.258"/>
</kw>
<kw name="Login" library="app_keywords">
<arg>${standard_user}</arg>
<arg>${password}</arg>
<kw name="Input Text" library="SeleniumLibrary">
<arg>${username_locator}</arg>
<arg>${username}</arg>
<doc>Types the given ``text`` into the text field identified by ``locator``.</doc>
<msg timestamp="20230726 00:20:11.262" level="INFO">Typing text 'standard_user' into text field '//input[@data-test="username"]'.</msg>
<status status="PASS" starttime="20230726 00:20:11.261" endtime="20230726 00:20:11.452"/>
</kw>
<kw name="Input Text" library="SeleniumLibrary">
<arg>${password_locator}</arg>
<arg>${password}</arg>
<doc>Types the given ``text`` into the text field identified by ``locator``.</doc>
<msg timestamp="20230726 00:20:11.455" level="INFO">Typing text 'secret_sauce' into text field '//input[@data-test="password"]'.</msg>
<status status="PASS" starttime="20230726 00:20:11.453" endtime="20230726 00:20:11.546"/>
</kw>
<kw name="Click Button" library="SeleniumLibrary">
<arg>${login_button_locator}</arg>
<doc>Clicks the button identified by ``locator``.</doc>
<msg timestamp="20230726 00:20:11.547" level="INFO">Clicking button '//input[@data-test="login-button"]'.</msg>
<status status="PASS" starttime="20230726 00:20:11.546" endtime="20230726 00:20:11.663"/>
</kw>
<status status="PASS" starttime="20230726 00:20:11.258" endtime="20230726 00:20:11.663"/>
</kw>
<kw name="Add Product To Cart" library="app_keywords">
<arg>${Add_to_cart_product_1}</arg>
<kw name="Wait Until Element Is Visible" library="SeleniumLibrary">
<arg>${add_to_cart_button_locator}</arg>
<doc>Waits until the element ``locator`` is visible.</doc>
<status status="PASS" starttime="20230726 00:20:11.664" endtime="20230726 00:20:11.699"/>
</kw>
<kw name="Click Element" library="SeleniumLibrary">
<arg>${add_to_cart_button_locator}</arg>
<doc>Click the element identified by ``locator``.</doc>
<msg timestamp="20230726 00:20:11.700" level="INFO">Clicking element '//button[@id="add-to-cart-sauce-labs-backpack"]'.</msg>
<status status="PASS" starttime="20230726 00:20:11.699" endtime="20230726 00:20:11.742"/>
</kw>
<status status="PASS" starttime="20230726 00:20:11.663" endtime="20230726 00:20:11.742"/>
</kw>
<kw name="Go To Cart Page" library="app_keywords">
<kw name="Set Variable" library="BuiltIn">
<var>${cart_button_locator}</var>
<arg>${cart_button_locator}</arg>
<doc>Returns the given values which can then be assigned to a variables.</doc>
<msg timestamp="20230726 00:20:11.743" level="INFO">${cart_button_locator} = //a[@class="shopping_cart_link"]</msg>
<status status="PASS" starttime="20230726 00:20:11.743" endtime="20230726 00:20:11.743"/>
</kw>
<kw name="Wait Until Element Is Visible" library="SeleniumLibrary">
<arg>${cart_button_locator}</arg>
<doc>Waits until the element ``locator`` is visible.</doc>
<status status="PASS" starttime="20230726 00:20:11.743" endtime="20230726 00:20:11.765"/>
</kw>
<kw name="Click Element" library="SeleniumLibrary">
<arg>${cart_button_locator}</arg>
<doc>Click the element identified by ``locator``.</doc>
<msg timestamp="20230726 00:20:11.765" level="INFO">Clicking element '//a[@class="shopping_cart_link"]'.</msg>
<status status="PASS" starttime="20230726 00:20:11.765" endtime="20230726 00:20:11.828"/>
</kw>
<status status="PASS" starttime="20230726 00:20:11.742" endtime="20230726 00:20:11.828"/>
</kw>
<kw name="Go To Checkout" library="app_keywords">
<kw name="Click Button" library="SeleniumLibrary">
<arg>${checkout_button}</arg>
<doc>Clicks the button identified by ``locator``.</doc>
<msg timestamp="20230726 00:20:11.830" level="INFO">Clicking button '//button[@id="checkout"]'.</msg>
<status status="PASS" starttime="20230726 00:20:11.829" endtime="20230726 00:20:11.926"/>
</kw>
<status status="PASS" starttime="20230726 00:20:11.828" endtime="20230726 00:20:11.926"/>
</kw>
<status status="PASS" starttime="20230726 00:20:04.804" endtime="20230726 00:20:11.927"/>
</kw>
<kw name="Log Message" library="app_keywords">
<arg>Test checkout with valid inputs started</arg>
<kw name="Get Current Date" library="DateTime">
<var>${timestamp}</var>
<arg>result_format=%Y-%m-%d %H:%M:%S</arg>
<doc>Returns current local or UTC time with an optional increment.</doc>
<msg timestamp="20230726 00:20:11.930" level="INFO">${timestamp} = 2023-07-26 00:20:11</msg>
<status status="PASS" starttime="20230726 00:20:11.928" endtime="20230726 00:20:11.930"/>
</kw>
<kw name="Log" library="BuiltIn">
<arg>${timestamp} - ${level} - ${message}</arg>
<doc>Logs the given message with the given level.</doc>
<msg timestamp="20230726 00:20:11.931" level="INFO">2023-07-26 00:20:11 - INFO - Test checkout with valid inputs started</msg>
<status status="PASS" starttime="20230726 00:20:11.931" endtime="20230726 00:20:11.931"/>
</kw>
<kw name="Run Keyword And Return Status" library="BuiltIn">
<var>${status}</var>
<arg>Write Log To File</arg>
<arg>C:/Users/Admin/PycharmProjects/SauceDemoAssignment/utils/log.txt</arg>
<arg>${timestamp} - ${level} - ${message}</arg>
<doc>Runs the given keyword with given arguments and returns the status as a Boolean value.</doc>
<kw name="Write Log To File" library="app_keywords">
<arg>C:/Users/Admin/PycharmProjects/SauceDemoAssignment/utils/log.txt</arg>
<arg>${timestamp} - ${level} - ${message}</arg>
<kw name="Append To File" library="OperatingSystem">
<arg>${file_path}</arg>
<arg>${message}\n</arg>
<doc>Appends the given content to the specified file.</doc>
<msg timestamp="20230726 00:20:11.934" level="INFO" html="true">Appended to file '&lt;a href="file://C:\Users\Admin\PycharmProjects\SauceDemoAssignment\utils\log.txt"&gt;C:\Users\Admin\PycharmProjects\SauceDemoAssignment\utils\log.txt&lt;/a&gt;'.</msg>
<status status="PASS" starttime="20230726 00:20:11.932" endtime="20230726 00:20:11.934"/>
</kw>
<status status="PASS" starttime="20230726 00:20:11.931" endtime="20230726 00:20:11.934"/>
</kw>
<msg timestamp="20230726 00:20:11.934" level="INFO">${status} = True</msg>
<status status="PASS" starttime="20230726 00:20:11.931" endtime="20230726 00:20:11.934"/>
</kw>
<kw name="Run Keyword If" library="BuiltIn">
<arg>'${status}'=='FAIL'</arg>
<arg>Log</arg>
<arg>Writing log to file failed</arg>
<doc>Runs the given keyword with the given arguments, if ``condition`` is true.</doc>
<status status="PASS" starttime="20230726 00:20:11.935" endtime="20230726 00:20:11.935"/>
</kw>
<status status="PASS" starttime="20230726 00:20:11.927" endtime="20230726 00:20:11.935"/>
</kw>
<kw name="Enter Shipping Info" library="app_keywords">
<arg>${valid_first_name}</arg>
<arg>${valid_last_name}</arg>
<arg>${valid_postal_code}</arg>
<kw name="Input Text" library="SeleniumLibrary">
<arg>${first_name_locator}</arg>
<arg>${first_name}</arg>
<doc>Types the given ``text`` into the text field identified by ``locator``.</doc>
<msg timestamp="20230726 00:20:11.936" level="INFO">Typing text 'Santosh' into text field 'first-name'.</msg>
<status status="PASS" starttime="20230726 00:20:11.936" endtime="20230726 00:20:12.063"/>
</kw>
<kw name="Input Text" library="SeleniumLibrary">
<arg>${last_name_locator}</arg>
<arg>${last_name}</arg>
<doc>Types the given ``text`` into the text field identified by ``locator``.</doc>
<msg timestamp="20230726 00:20:12.066" level="INFO">Typing text 'Karad' into text field 'last-name'.</msg>
<status status="PASS" starttime="20230726 00:20:12.064" endtime="20230726 00:20:12.213"/>
</kw>
<kw name="Input Text" library="SeleniumLibrary">
<arg>${postal_code_locator}</arg>
<arg>${postal_code}</arg>
<doc>Types the given ``text`` into the text field identified by ``locator``.</doc>
<msg timestamp="20230726 00:20:12.215" level="INFO">Typing text '411028' into text field 'postal-code'.</msg>
<status status="PASS" starttime="20230726 00:20:12.214" endtime="20230726 00:20:12.318"/>
</kw>
<status status="PASS" starttime="20230726 00:20:11.935" endtime="20230726 00:20:12.318"/>
</kw>
<kw name="Continue Checkout" library="app_keywords">
<kw name="Click Button" library="SeleniumLibrary">
<arg>${Continue_button}</arg>
<doc>Clicks the button identified by ``locator``.</doc>
<msg timestamp="20230726 00:20:12.320" level="INFO">Clicking button '//input[@id="continue"]'.</msg>
<status status="PASS" starttime="20230726 00:20:12.318" endtime="20230726 00:20:12.378"/>
</kw>
<status status="PASS" starttime="20230726 00:20:12.318" endtime="20230726 00:20:12.378"/>
</kw>
<kw name="Finish Checkout" library="app_keywords">
<kw name="Click Button" library="SeleniumLibrary">
<arg>${finish_button}</arg>
<doc>Clicks the button identified by ``locator``.</doc>
<msg timestamp="20230726 00:20:12.380" level="INFO">Clicking button '//button[@id="finish"]'.</msg>
<status status="PASS" starttime="20230726 00:20:12.379" endtime="20230726 00:20:12.437"/>
</kw>
<status status="PASS" starttime="20230726 00:20:12.379" endtime="20230726 00:20:12.437"/>
</kw>
<kw name="Is Order Confirmation Message Displayed" library="app_keywords">
<var>${confirmation_message_displayed}</var>
<kw name="Set Variable" library="BuiltIn">
<var>${confirmation_message_locator}</var>
<arg>${confirmation_message}</arg>
<doc>Returns the given values which can then be assigned to a variables.</doc>
<msg timestamp="20230726 00:20:12.438" level="INFO">${confirmation_message_locator} = checkout_complete_container</msg>
<status status="PASS" starttime="20230726 00:20:12.438" endtime="20230726 00:20:12.438"/>
</kw>
<kw name="Run Keyword And Return Status" library="BuiltIn">
<var>${confirmation_message_displayed}</var>
<arg>Page Should Contain Element</arg>
<arg>${confirmation_message_locator}</arg>
<doc>Runs the given keyword with given arguments and returns the status as a Boolean value.</doc>
<kw name="Page Should Contain Element" library="SeleniumLibrary">
<arg>${confirmation_message_locator}</arg>
<doc>Verifies that element ``locator`` is found on the current page.</doc>
<msg timestamp="20230726 00:20:12.453" level="INFO">Current page contains element 'checkout_complete_container'.</msg>
<status status="PASS" starttime="20230726 00:20:12.439" endtime="20230726 00:20:12.453"/>
</kw>
<msg timestamp="20230726 00:20:12.453" level="INFO">${confirmation_message_displayed} = True</msg>
<status status="PASS" starttime="20230726 00:20:12.438" endtime="20230726 00:20:12.454"/>
</kw>
<msg timestamp="20230726 00:20:12.454" level="INFO">${confirmation_message_displayed} = True</msg>
<status status="PASS" starttime="20230726 00:20:12.438" endtime="20230726 00:20:12.454"/>
</kw>
<kw name="Should Be True" library="BuiltIn">
<arg>${confirmation_message_displayed}</arg>
<arg>msg=Order confirmation message not displayed</arg>
<doc>Fails if the given condition is not true.</doc>
<status status="PASS" starttime="20230726 00:20:12.454" endtime="20230726 00:20:12.455"/>
</kw>
<kw name="Log Message" library="app_keywords">
<arg>Test checkout with valid inputs finished</arg>
<kw name="Get Current Date" library="DateTime">
<var>${timestamp}</var>
<arg>result_format=%Y-%m-%d %H:%M:%S</arg>
<doc>Returns current local or UTC time with an optional increment.</doc>
<msg timestamp="20230726 00:20:12.456" level="INFO">${timestamp} = 2023-07-26 00:20:12</msg>
<status status="PASS" starttime="20230726 00:20:12.456" endtime="20230726 00:20:12.456"/>
</kw>
<kw name="Log" library="BuiltIn">
<arg>${timestamp} - ${level} - ${message}</arg>
<doc>Logs the given message with the given level.</doc>
<msg timestamp="20230726 00:20:12.456" level="INFO">2023-07-26 00:20:12 - INFO - Test checkout with valid inputs finished</msg>
<status status="PASS" starttime="20230726 00:20:12.456" endtime="20230726 00:20:12.456"/>
</kw>
<kw name="Run Keyword And Return Status" library="BuiltIn">
<var>${status}</var>
<arg>Write Log To File</arg>
<arg>C:/Users/Admin/PycharmProjects/SauceDemoAssignment/utils/log.txt</arg>
<arg>${timestamp} - ${level} - ${message}</arg>
<doc>Runs the given keyword with given arguments and returns the status as a Boolean value.</doc>
<kw name="Write Log To File" library="app_keywords">
<arg>C:/Users/Admin/PycharmProjects/SauceDemoAssignment/utils/log.txt</arg>
<arg>${timestamp} - ${level} - ${message}</arg>
<kw name="Append To File" library="OperatingSystem">
<arg>${file_path}</arg>
<arg>${message}\n</arg>
<doc>Appends the given content to the specified file.</doc>
<msg timestamp="20230726 00:20:12.508" level="INFO" html="true">Appended to file '&lt;a href="file://C:\Users\Admin\PycharmProjects\SauceDemoAssignment\utils\log.txt"&gt;C:\Users\Admin\PycharmProjects\SauceDemoAssignment\utils\log.txt&lt;/a&gt;'.</msg>
<status status="PASS" starttime="20230726 00:20:12.457" endtime="20230726 00:20:12.508"/>
</kw>
<status status="PASS" starttime="20230726 00:20:12.457" endtime="20230726 00:20:12.508"/>
</kw>
<msg timestamp="20230726 00:20:12.509" level="INFO">${status} = True</msg>
<status status="PASS" starttime="20230726 00:20:12.457" endtime="20230726 00:20:12.509"/>
</kw>
<kw name="Run Keyword If" library="BuiltIn">
<arg>'${status}'=='FAIL'</arg>
<arg>Log</arg>
<arg>Writing log to file failed</arg>
<doc>Runs the given keyword with the given arguments, if ``condition`` is true.</doc>
<status status="PASS" starttime="20230726 00:20:12.510" endtime="20230726 00:20:12.510"/>
</kw>
<status status="PASS" starttime="20230726 00:20:12.455" endtime="20230726 00:20:12.510"/>
</kw>
<kw name="Run Keywords" library="BuiltIn" type="TEARDOWN">
<arg>Capture Screenshot If Failed</arg>
<arg>AND</arg>
<arg>Close Application</arg>
<doc>Executes all the given keywords in a sequence.</doc>
<kw name="Capture Screenshot If Failed" library="app_keywords">
<kw name="Run Keyword If Test Failed" library="BuiltIn">
<arg>Capture Page Screenshot</arg>
<arg>filename=screenshots/${SUITE NAME}_${TEST NAME}_fail.png</arg>
<doc>Runs the given keyword with the given arguments, if the test failed.</doc>
<status status="PASS" starttime="20230726 00:20:12.511" endtime="20230726 00:20:12.511"/>
</kw>
<status status="PASS" starttime="20230726 00:20:12.511" endtime="20230726 00:20:12.511"/>
</kw>
<kw name="Close Application" library="app_keywords">
<kw name="Close Browser" library="SeleniumLibrary">
<doc>Closes the current browser.</doc>
<status status="PASS" starttime="20230726 00:20:12.512" endtime="20230726 00:20:14.744"/>
</kw>
<status status="PASS" starttime="20230726 00:20:12.512" endtime="20230726 00:20:14.745"/>
</kw>
<status status="PASS" starttime="20230726 00:20:12.510" endtime="20230726 00:20:14.745"/>
</kw>
<doc>Test checkout process with all valid inputs (TC201.1).</doc>
<tag>checkout_valid</tag>
<tag>TC201.1</tag>
<tag>TS201</tag>
<status status="PASS" starttime="20230726 00:20:04.803" endtime="20230726 00:20:14.745"/>
</test>
<test id="s1-s1-t2" name="Checkout With Missing First Name" line="25">
<kw name="Setup Test For Checkout" library="app_keywords" type="SETUP">
<kw name="Open Application" library="app_keywords">
<kw name="Open Browser" library="SeleniumLibrary">
<arg>${BASE_URL}</arg>
<arg>${BROWSER}</arg>
<doc>Opens a new browser instance to the optional ``url``.</doc>
<msg timestamp="20230726 00:20:14.748" level="INFO">Opening browser 'Chrome' to base url 'https://www.saucedemo.com/'.</msg>
<status status="PASS" starttime="20230726 00:20:14.747" endtime="20230726 00:20:21.841"/>
</kw>
<kw name="Maximize Browser Window" library="SeleniumLibrary">
<doc>Maximizes current browser window.</doc>
<status status="PASS" starttime="20230726 00:20:21.842" endtime="20230726 00:20:21.972"/>
</kw>
<status status="PASS" starttime="20230726 00:20:14.747" endtime="20230726 00:20:21.972"/>
</kw>
<kw name="Login" library="app_keywords">
<arg>${standard_user}</arg>
<arg>${password}</arg>
<kw name="Input Text" library="SeleniumLibrary">
<arg>${username_locator}</arg>
<arg>${username}</arg>
<doc>Types the given ``text`` into the text field identified by ``locator``.</doc>
<msg timestamp="20230726 00:20:21.974" level="INFO">Typing text 'standard_user' into text field '//input[@data-test="username"]'.</msg>
<status status="PASS" starttime="20230726 00:20:21.973" endtime="20230726 00:20:22.117"/>
</kw>
<kw name="Input Text" library="SeleniumLibrary">
<arg>${password_locator}</arg>
<arg>${password}</arg>
<doc>Types the given ``text`` into the text field identified by ``locator``.</doc>
<msg timestamp="20230726 00:20:22.118" level="INFO">Typing text 'secret_sauce' into text field '//input[@data-test="password"]'.</msg>
<status status="PASS" starttime="20230726 00:20:22.117" endtime="20230726 00:20:22.207"/>
</kw>
<kw name="Click Button" library="SeleniumLibrary">
<arg>${login_button_locator}</arg>
<doc>Clicks the button identified by ``locator``.</doc>
<msg timestamp="20230726 00:20:22.208" level="INFO">Clicking button '//input[@data-test="login-button"]'.</msg>
<status status="PASS" starttime="20230726 00:20:22.207" endtime="20230726 00:20:22.302"/>
</kw>
<status status="PASS" starttime="20230726 00:20:21.973" endtime="20230726 00:20:22.302"/>
</kw>
<kw name="Add Product To Cart" library="app_keywords">
<arg>${Add_to_cart_product_1}</arg>
<kw name="Wait Until Element Is Visible" library="SeleniumLibrary">
<arg>${add_to_cart_button_locator}</arg>
<doc>Waits until the element ``locator`` is visible.</doc>
<status status="PASS" starttime="20230726 00:20:22.302" endtime="20230726 00:20:22.327"/>
</kw>
<kw name="Click Element" library="SeleniumLibrary">
<arg>${add_to_cart_button_locator}</arg>
<doc>Click the element identified by ``locator``.</doc>
<msg timestamp="20230726 00:20:22.328" level="INFO">Clicking element '//button[@id="add-to-cart-sauce-labs-backpack"]'.</msg>
<status status="PASS" starttime="20230726 00:20:22.328" endtime="20230726 00:20:22.372"/>
</kw>
<status status="PASS" starttime="20230726 00:20:22.302" endtime="20230726 00:20:22.372"/>
</kw>
<kw name="Go To Cart Page" library="app_keywords">
<kw name="Set Variable" library="BuiltIn">
<var>${cart_button_locator}</var>
<arg>${cart_button_locator}</arg>
<doc>Returns the given values which can then be assigned to a variables.</doc>
<msg timestamp="20230726 00:20:22.374" level="INFO">${cart_button_locator} = //a[@class="shopping_cart_link"]</msg>
<status status="PASS" starttime="20230726 00:20:22.374" endtime="20230726 00:20:22.374"/>
</kw>
<kw name="Wait Until Element Is Visible" library="SeleniumLibrary">
<arg>${cart_button_locator}</arg>
<doc>Waits until the element ``locator`` is visible.</doc>
<status status="PASS" starttime="20230726 00:20:22.374" endtime="20230726 00:20:22.405"/>
</kw>
<kw name="Click Element" library="SeleniumLibrary">
<arg>${cart_button_locator}</arg>
<doc>Click the element identified by ``locator``.</doc>
<msg timestamp="20230726 00:20:22.406" level="INFO">Clicking element '//a[@class="shopping_cart_link"]'.</msg>
<status status="PASS" starttime="20230726 00:20:22.405" endtime="20230726 00:20:22.460"/>
</kw>
<status status="PASS" starttime="20230726 00:20:22.372" endtime="20230726 00:20:22.460"/>
</kw>
<kw name="Go To Checkout" library="app_keywords">
<kw name="Click Button" library="SeleniumLibrary">
<arg>${checkout_button}</arg>
<doc>Clicks the button identified by ``locator``.</doc>
<msg timestamp="20230726 00:20:22.461" level="INFO">Clicking button '//button[@id="checkout"]'.</msg>
<status status="PASS" starttime="20230726 00:20:22.460" endtime="20230726 00:20:22.544"/>
</kw>
<status status="PASS" starttime="20230726 00:20:22.460" endtime="20230726 00:20:22.545"/>
</kw>
<status status="PASS" starttime="20230726 00:20:14.747" endtime="20230726 00:20:22.545"/>
</kw>
<kw name="Log Message" library="app_keywords">
<arg>Test checkout with missing first name started</arg>
<kw name="Get Current Date" library="DateTime">
<var>${timestamp}</var>
<arg>result_format=%Y-%m-%d %H:%M:%S</arg>
<doc>Returns current local or UTC time with an optional increment.</doc>
<msg timestamp="20230726 00:20:22.547" level="INFO">${timestamp} = 2023-07-26 00:20:22</msg>
<status status="PASS" starttime="20230726 00:20:22.546" endtime="20230726 00:20:22.547"/>
</kw>
<kw name="Log" library="BuiltIn">
<arg>${timestamp} - ${level} - ${message}</arg>
<doc>Logs the given message with the given level.</doc>
<msg timestamp="20230726 00:20:22.549" level="INFO">2023-07-26 00:20:22 - INFO - Test checkout with missing first name started</msg>
<status status="PASS" starttime="20230726 00:20:22.548" endtime="20230726 00:20:22.550"/>
</kw>
<kw name="Run Keyword And Return Status" library="BuiltIn">
<var>${status}</var>
<arg>Write Log To File</arg>
<arg>C:/Users/Admin/PycharmProjects/SauceDemoAssignment/utils/log.txt</arg>
<arg>${timestamp} - ${level} - ${message}</arg>
<doc>Runs the given keyword with given arguments and returns the status as a Boolean value.</doc>
<kw name="Write Log To File" library="app_keywords">
<arg>C:/Users/Admin/PycharmProjects/SauceDemoAssignment/utils/log.txt</arg>
<arg>${timestamp} - ${level} - ${message}</arg>
<kw name="Append To File" library="OperatingSystem">
<arg>${file_path}</arg>
<arg>${message}\n</arg>
<doc>Appends the given content to the specified file.</doc>
<msg timestamp="20230726 00:20:22.552" level="INFO" html="true">Appended to file '&lt;a href="file://C:\Users\Admin\PycharmProjects\SauceDemoAssignment\utils\log.txt"&gt;C:\Users\Admin\PycharmProjects\SauceDemoAssignment\utils\log.txt&lt;/a&gt;'.</msg>
<status status="PASS" starttime="20230726 00:20:22.551" endtime="20230726 00:20:22.552"/>
</kw>
<status status="PASS" starttime="20230726 00:20:22.550" endtime="20230726 00:20:22.552"/>
</kw>
<msg timestamp="20230726 00:20:22.552" level="INFO">${status} = True</msg>
<status status="PASS" starttime="20230726 00:20:22.550" endtime="20230726 00:20:22.552"/>
</kw>
<kw name="Run Keyword If" library="BuiltIn">
<arg>'${status}'=='FAIL'</arg>
<arg>Log</arg>
<arg>Writing log to file failed</arg>
<doc>Runs the given keyword with the given arguments, if ``condition`` is true.</doc>
<status status="PASS" starttime="20230726 00:20:22.552" endtime="20230726 00:20:22.553"/>
</kw>
<status status="PASS" starttime="20230726 00:20:22.545" endtime="20230726 00:20:22.553"/>
</kw>
<kw name="Enter Shipping Info" library="app_keywords">
<arg>${EMPTY}</arg>
<arg>${valid_last_name}</arg>
<arg>${valid_postal_code}</arg>
<kw name="Input Text" library="SeleniumLibrary">
<arg>${first_name_locator}</arg>
<arg>${first_name}</arg>
<doc>Types the given ``text`` into the text field identified by ``locator``.</doc>
<msg timestamp="20230726 00:20:22.555" level="INFO">Typing text '' into text field 'first-name'.</msg>
<status status="PASS" starttime="20230726 00:20:22.554" endtime="20230726 00:20:22.640"/>
</kw>
<kw name="Input Text" library="SeleniumLibrary">
<arg>${last_name_locator}</arg>
<arg>${last_name}</arg>
<doc>Types the given ``text`` into the text field identified by ``locator``.</doc>
<msg timestamp="20230726 00:20:22.641" level="INFO">Typing text 'Karad' into text field 'last-name'.</msg>
<status status="PASS" starttime="20230726 00:20:22.640" endtime="20230726 00:20:22.733"/>
</kw>
<kw name="Input Text" library="SeleniumLibrary">
<arg>${postal_code_locator}</arg>
<arg>${postal_code}</arg>
<doc>Types the given ``text`` into the text field identified by ``locator``.</doc>
<msg timestamp="20230726 00:20:22.794" level="INFO">Typing text '411028' into text field 'postal-code'.</msg>
<status status="PASS" starttime="20230726 00:20:22.792" endtime="20230726 00:20:22.903"/>
</kw>
<status status="PASS" starttime="20230726 00:20:22.553" endtime="20230726 00:20:22.903"/>
</kw>
<kw name="Continue Checkout" library="app_keywords">
<kw name="Click Button" library="SeleniumLibrary">
<arg>${Continue_button}</arg>
<doc>Clicks the button identified by ``locator``.</doc>
<msg timestamp="20230726 00:20:22.905" level="INFO">Clicking button '//input[@id="continue"]'.</msg>
<status status="PASS" starttime="20230726 00:20:22.904" endtime="20230726 00:20:22.967"/>
</kw>
<status status="PASS" starttime="20230726 00:20:22.904" endtime="20230726 00:20:22.967"/>
</kw>
<kw name="Get Error Message Text" library="app_keywords">
<var>${error_message_text}</var>
<kw name="Get Text" library="SeleniumLibrary">
<var>${error_message_text}</var>
<arg>${error_message_locator}</arg>
<doc>Returns the text value of the element identified by ``locator``.</doc>
<msg timestamp="20230726 00:20:22.996" level="INFO">${error_message_text} = Error: First Name is required</msg>
<status status="PASS" starttime="20230726 00:20:22.968" endtime="20230726 00:20:22.996"/>
</kw>
<msg timestamp="20230726 00:20:22.996" level="INFO">${error_message_text} = Error: First Name is required</msg>
<status status="PASS" starttime="20230726 00:20:22.967" endtime="20230726 00:20:22.996"/>
</kw>
<kw name="Should Be Equal" library="BuiltIn">
<arg>${error_message_text}</arg>
<arg>Error: First Name is required</arg>
<doc>Fails if the given objects are unequal.</doc>
<status status="PASS" starttime="20230726 00:20:22.996" endtime="20230726 00:20:22.996"/>
</kw>
<kw name="Log Message" library="app_keywords">
<arg>Test checkout with missing first name finished</arg>
<kw name="Get Current Date" library="DateTime">
<var>${timestamp}</var>
<arg>result_format=%Y-%m-%d %H:%M:%S</arg>
<doc>Returns current local or UTC time with an optional increment.</doc>
<msg timestamp="20230726 00:20:22.997" level="INFO">${timestamp} = 2023-07-26 00:20:22</msg>
<status status="PASS" starttime="20230726 00:20:22.997" endtime="20230726 00:20:22.997"/>
</kw>
<kw name="Log" library="BuiltIn">
<arg>${timestamp} - ${level} - ${message}</arg>
<doc>Logs the given message with the given level.</doc>
<msg timestamp="20230726 00:20:22.997" level="INFO">2023-07-26 00:20:22 - INFO - Test checkout with missing first name finished</msg>
<status status="PASS" starttime="20230726 00:20:22.997" endtime="20230726 00:20:22.998"/>
</kw>
<kw name="Run Keyword And Return Status" library="BuiltIn">
<var>${status}</var>
<arg>Write Log To File</arg>
<arg>C:/Users/Admin/PycharmProjects/SauceDemoAssignment/utils/log.txt</arg>
<arg>${timestamp} - ${level} - ${message}</arg>
<doc>Runs the given keyword with given arguments and returns the status as a Boolean value.</doc>
<kw name="Write Log To File" library="app_keywords">
<arg>C:/Users/Admin/PycharmProjects/SauceDemoAssignment/utils/log.txt</arg>
<arg>${timestamp} - ${level} - ${message}</arg>
<kw name="Append To File" library="OperatingSystem">
<arg>${file_path}</arg>
<arg>${message}\n</arg>
<doc>Appends the given content to the specified file.</doc>
<msg timestamp="20230726 00:20:23.016" level="INFO" html="true">Appended to file '&lt;a href="file://C:\Users\Admin\PycharmProjects\SauceDemoAssignment\utils\log.txt"&gt;C:\Users\Admin\PycharmProjects\SauceDemoAssignment\utils\log.txt&lt;/a&gt;'.</msg>
<status status="PASS" starttime="20230726 00:20:22.999" endtime="20230726 00:20:23.016"/>
</kw>
<status status="PASS" starttime="20230726 00:20:22.998" endtime="20230726 00:20:23.016"/>
</kw>
<msg timestamp="20230726 00:20:23.016" level="INFO">${status} = True</msg>
<status status="PASS" starttime="20230726 00:20:22.998" endtime="20230726 00:20:23.017"/>
</kw>
<kw name="Run Keyword If" library="BuiltIn">
<arg>'${status}'=='FAIL'</arg>
<arg>Log</arg>
<arg>Writing log to file failed</arg>
<doc>Runs the given keyword with the given arguments, if ``condition`` is true.</doc>
<status status="PASS" starttime="20230726 00:20:23.017" endtime="20230726 00:20:23.017"/>
</kw>
<status status="PASS" starttime="20230726 00:20:22.997" endtime="20230726 00:20:23.017"/>
</kw>
<kw name="Run Keywords" library="BuiltIn" type="TEARDOWN">
<arg>Capture Screenshot If Failed</arg>
<arg>AND</arg>
<arg>Close Application</arg>
<doc>Executes all the given keywords in a sequence.</doc>
<kw name="Capture Screenshot If Failed" library="app_keywords">
<kw name="Run Keyword If Test Failed" library="BuiltIn">
<arg>Capture Page Screenshot</arg>
<arg>filename=screenshots/${SUITE NAME}_${TEST NAME}_fail.png</arg>
<doc>Runs the given keyword with the given arguments, if the test failed.</doc>
<status status="PASS" starttime="20230726 00:20:23.019" endtime="20230726 00:20:23.019"/>
</kw>
<status status="PASS" starttime="20230726 00:20:23.018" endtime="20230726 00:20:23.019"/>
</kw>
<kw name="Close Application" library="app_keywords">
<kw name="Close Browser" library="SeleniumLibrary">
<doc>Closes the current browser.</doc>
<status status="PASS" starttime="20230726 00:20:23.020" endtime="20230726 00:20:25.259"/>
</kw>
<status status="PASS" starttime="20230726 00:20:23.019" endtime="20230726 00:20:25.259"/>
</kw>
<status status="PASS" starttime="20230726 00:20:23.018" endtime="20230726 00:20:25.259"/>
</kw>
<doc>Test checkout process with missing first name (TC202.1).</doc>
<tag>checkout_invalid</tag>
<tag>TC202.1</tag>
<tag>TS202</tag>
<status status="PASS" starttime="20230726 00:20:14.745" endtime="20230726 00:20:25.260"/>
</test>
<test id="s1-s1-t3" name="Checkout With Missing Last Name" line="35">
<kw name="Setup Test For Checkout" library="app_keywords" type="SETUP">
<kw name="Open Application" library="app_keywords">
<kw name="Open Browser" library="SeleniumLibrary">
<arg>${BASE_URL}</arg>
<arg>${BROWSER}</arg>
<doc>Opens a new browser instance to the optional ``url``.</doc>
<msg timestamp="20230726 00:20:25.264" level="INFO">Opening browser 'Chrome' to base url 'https://www.saucedemo.com/'.</msg>
<status status="PASS" starttime="20230726 00:20:25.263" endtime="20230726 00:20:32.675"/>
</kw>
<kw name="Maximize Browser Window" library="SeleniumLibrary">
<doc>Maximizes current browser window.</doc>
<status status="PASS" starttime="20230726 00:20:32.676" endtime="20230726 00:20:32.802"/>
</kw>
<status status="PASS" starttime="20230726 00:20:25.262" endtime="20230726 00:20:32.802"/>
</kw>
<kw name="Login" library="app_keywords">
<arg>${standard_user}</arg>
<arg>${password}</arg>
<kw name="Input Text" library="SeleniumLibrary">
<arg>${username_locator}</arg>
<arg>${username}</arg>
<doc>Types the given ``text`` into the text field identified by ``locator``.</doc>
<msg timestamp="20230726 00:20:32.805" level="INFO">Typing text 'standard_user' into text field '//input[@data-test="username"]'.</msg>
<status status="PASS" starttime="20230726 00:20:32.803" endtime="20230726 00:20:32.953"/>
</kw>
<kw name="Input Text" library="SeleniumLibrary">
<arg>${password_locator}</arg>
<arg>${password}</arg>
<doc>Types the given ``text`` into the text field identified by ``locator``.</doc>
<msg timestamp="20230726 00:20:32.954" level="INFO">Typing text 'secret_sauce' into text field '//input[@data-test="password"]'.</msg>
<status status="PASS" starttime="20230726 00:20:32.953" endtime="20230726 00:20:33.057"/>
</kw>
<kw name="Click Button" library="SeleniumLibrary">
<arg>${login_button_locator}</arg>
<doc>Clicks the button identified by ``locator``.</doc>
<msg timestamp="20230726 00:20:33.057" level="INFO">Clicking button '//input[@data-test="login-button"]'.</msg>
<status status="PASS" starttime="20230726 00:20:33.057" endtime="20230726 00:20:33.180"/>
</kw>
<status status="PASS" starttime="20230726 00:20:32.802" endtime="20230726 00:20:33.180"/>
</kw>
<kw name="Add Product To Cart" library="app_keywords">
<arg>${Add_to_cart_product_1}</arg>
<kw name="Wait Until Element Is Visible" library="SeleniumLibrary">
<arg>${add_to_cart_button_locator}</arg>
<doc>Waits until the element ``locator`` is visible.</doc>
<status status="PASS" starttime="20230726 00:20:33.181" endtime="20230726 00:20:33.214"/>
</kw>
<kw name="Click Element" library="SeleniumLibrary">
<arg>${add_to_cart_button_locator}</arg>
<doc>Click the element identified by ``locator``.</doc>
<msg timestamp="20230726 00:20:33.215" level="INFO">Clicking element '//button[@id="add-to-cart-sauce-labs-backpack"]'.</msg>
<status status="PASS" starttime="20230726 00:20:33.214" endtime="20230726 00:20:33.263"/>
</kw>
<status status="PASS" starttime="20230726 00:20:33.180" endtime="20230726 00:20:33.263"/>
</kw>
<kw name="Go To Cart Page" library="app_keywords">
<kw name="Set Variable" library="BuiltIn">
<var>${cart_button_locator}</var>
<arg>${cart_button_locator}</arg>
<doc>Returns the given values which can then be assigned to a variables.</doc>
<msg timestamp="20230726 00:20:33.265" level="INFO">${cart_button_locator} = //a[@class="shopping_cart_link"]</msg>
<status status="PASS" starttime="20230726 00:20:33.264" endtime="20230726 00:20:33.265"/>
</kw>
<kw name="Wait Until Element Is Visible" library="SeleniumLibrary">
<arg>${cart_button_locator}</arg>
<doc>Waits until the element ``locator`` is visible.</doc>
<status status="PASS" starttime="20230726 00:20:33.265" endtime="20230726 00:20:33.293"/>
</kw>
<kw name="Click Element" library="SeleniumLibrary">
<arg>${cart_button_locator}</arg>
<doc>Click the element identified by ``locator``.</doc>
<msg timestamp="20230726 00:20:33.294" level="INFO">Clicking element '//a[@class="shopping_cart_link"]'.</msg>
<status status="PASS" starttime="20230726 00:20:33.293" endtime="20230726 00:20:33.343"/>
</kw>
<status status="PASS" starttime="20230726 00:20:33.264" endtime="20230726 00:20:33.343"/>
</kw>
<kw name="Go To Checkout" library="app_keywords">
<kw name="Click Button" library="SeleniumLibrary">
<arg>${checkout_button}</arg>
<doc>Clicks the button identified by ``locator``.</doc>
<msg timestamp="20230726 00:20:33.344" level="INFO">Clicking button '//button[@id="checkout"]'.</msg>
<status status="PASS" starttime="20230726 00:20:33.343" endtime="20230726 00:20:33.413"/>
</kw>
<status status="PASS" starttime="20230726 00:20:33.343" endtime="20230726 00:20:33.413"/>
</kw>
<status status="PASS" starttime="20230726 00:20:25.262" endtime="20230726 00:20:33.413"/>
</kw>
<kw name="Log Message" library="app_keywords">
<arg>Test checkout with missing last name started</arg>
<kw name="Get Current Date" library="DateTime">
<var>${timestamp}</var>
<arg>result_format=%Y-%m-%d %H:%M:%S</arg>
<doc>Returns current local or UTC time with an optional increment.</doc>
<msg timestamp="20230726 00:20:33.417" level="INFO">${timestamp} = 2023-07-26 00:20:33</msg>
<status status="PASS" starttime="20230726 00:20:33.415" endtime="20230726 00:20:33.417"/>
</kw>
<kw name="Log" library="BuiltIn">
<arg>${timestamp} - ${level} - ${message}</arg>
<doc>Logs the given message with the given level.</doc>
<msg timestamp="20230726 00:20:33.418" level="INFO">2023-07-26 00:20:33 - INFO - Test checkout with missing last name started</msg>
<status status="PASS" starttime="20230726 00:20:33.417" endtime="20230726 00:20:33.418"/>
</kw>
<kw name="Run Keyword And Return Status" library="BuiltIn">
<var>${status}</var>
<arg>Write Log To File</arg>
<arg>C:/Users/Admin/PycharmProjects/SauceDemoAssignment/utils/log.txt</arg>
<arg>${timestamp} - ${level} - ${message}</arg>
<doc>Runs the given keyword with given arguments and returns the status as a Boolean value.</doc>
<kw name="Write Log To File" library="app_keywords">
<arg>C:/Users/Admin/PycharmProjects/SauceDemoAssignment/utils/log.txt</arg>
<arg>${timestamp} - ${level} - ${message}</arg>
<kw name="Append To File" library="OperatingSystem">
<arg>${file_path}</arg>
<arg>${message}\n</arg>
<doc>Appends the given content to the specified file.</doc>
<msg timestamp="20230726 00:20:33.578" level="INFO" html="true">Appended to file '&lt;a href="file://C:\Users\Admin\PycharmProjects\SauceDemoAssignment\utils\log.txt"&gt;C:\Users\Admin\PycharmProjects\SauceDemoAssignment\utils\log.txt&lt;/a&gt;'.</msg>
<status status="PASS" starttime="20230726 00:20:33.419" endtime="20230726 00:20:33.578"/>
</kw>
<status status="PASS" starttime="20230726 00:20:33.418" endtime="20230726 00:20:33.579"/>
</kw>
<msg timestamp="20230726 00:20:33.579" level="INFO">${status} = True</msg>
<status status="PASS" starttime="20230726 00:20:33.418" endtime="20230726 00:20:33.579"/>
</kw>
<kw name="Run Keyword If" library="BuiltIn">
<arg>'${status}'=='FAIL'</arg>
<arg>Log</arg>
<arg>Writing log to file failed</arg>
<doc>Runs the given keyword with the given arguments, if ``condition`` is true.</doc>
<status status="PASS" starttime="20230726 00:20:33.580" endtime="20230726 00:20:33.580"/>
</kw>
<status status="PASS" starttime="20230726 00:20:33.414" endtime="20230726 00:20:33.580"/>
</kw>
<kw name="Enter Shipping Info" library="app_keywords">
<arg>${valid_first_name}</arg>
<arg>${EMPTY}</arg>
<arg>${valid_postal_code}</arg>
<kw name="Input Text" library="SeleniumLibrary">
<arg>${first_name_locator}</arg>
<arg>${first_name}</arg>
<doc>Types the given ``text`` into the text field identified by ``locator``.</doc>
<msg timestamp="20230726 00:20:33.582" level="INFO">Typing text 'Santosh' into text field 'first-name'.</msg>
<status status="PASS" starttime="20230726 00:20:33.582" endtime="20230726 00:20:33.677"/>
</kw>
<kw name="Input Text" library="SeleniumLibrary">
<arg>${last_name_locator}</arg>
<arg>${last_name}</arg>
<doc>Types the given ``text`` into the text field identified by ``locator``.</doc>
<msg timestamp="20230726 00:20:33.678" level="INFO">Typing text '' into text field 'last-name'.</msg>
<status status="PASS" starttime="20230726 00:20:33.677" endtime="20230726 00:20:33.762"/>
</kw>
<kw name="Input Text" library="SeleniumLibrary">
<arg>${postal_code_locator}</arg>
<arg>${postal_code}</arg>
<doc>Types the given ``text`` into the text field identified by ``locator``.</doc>
<msg timestamp="20230726 00:20:33.763" level="INFO">Typing text '411028' into text field 'postal-code'.</msg>
<status status="PASS" starttime="20230726 00:20:33.762" endtime="20230726 00:20:33.855"/>
</kw>
<status status="PASS" starttime="20230726 00:20:33.580" endtime="20230726 00:20:33.856"/>
</kw>
<kw name="Continue Checkout" library="app_keywords">
<kw name="Click Button" library="SeleniumLibrary">
<arg>${Continue_button}</arg>
<doc>Clicks the button identified by ``locator``.</doc>
<msg timestamp="20230726 00:20:33.857" level="INFO">Clicking button '//input[@id="continue"]'.</msg>
<status status="PASS" starttime="20230726 00:20:33.856" endtime="20230726 00:20:33.912"/>
</kw>
<status status="PASS" starttime="20230726 00:20:33.856" endtime="20230726 00:20:33.912"/>
</kw>
<kw name="Get Error Message Text" library="app_keywords">
<var>${error_message_text}</var>
<kw name="Get Text" library="SeleniumLibrary">
<var>${error_message_text}</var>
<arg>${error_message_locator}</arg>
<doc>Returns the text value of the element identified by ``locator``.</doc>
<msg timestamp="20230726 00:20:33.944" level="INFO">${error_message_text} = Error: Last Name is required</msg>
<status status="PASS" starttime="20230726 00:20:33.913" endtime="20230726 00:20:33.944"/>
</kw>
<msg timestamp="20230726 00:20:33.944" level="INFO">${error_message_text} = Error: Last Name is required</msg>
<status status="PASS" starttime="20230726 00:20:33.913" endtime="20230726 00:20:33.944"/>
</kw>
<kw name="Should Be Equal" library="BuiltIn">
<arg>${error_message_text}</arg>
<arg>Error: Last Name is required</arg>
<doc>Fails if the given objects are unequal.</doc>
<status status="PASS" starttime="20230726 00:20:33.944" endtime="20230726 00:20:33.945"/>
</kw>
<kw name="Log Message" library="app_keywords">
<arg>Test checkout with missing last name finished</arg>
<kw name="Get Current Date" library="DateTime">
<var>${timestamp}</var>
<arg>result_format=%Y-%m-%d %H:%M:%S</arg>
<doc>Returns current local or UTC time with an optional increment.</doc>
<msg timestamp="20230726 00:20:33.945" level="INFO">${timestamp} = 2023-07-26 00:20:33</msg>
<status status="PASS" starttime="20230726 00:20:33.945" endtime="20230726 00:20:33.945"/>
</kw>
<kw name="Log" library="BuiltIn">
<arg>${timestamp} - ${level} - ${message}</arg>
<doc>Logs the given message with the given level.</doc>
<msg timestamp="20230726 00:20:33.946" level="INFO">2023-07-26 00:20:33 - INFO - Test checkout with missing last name finished</msg>
<status status="PASS" starttime="20230726 00:20:33.946" endtime="20230726 00:20:33.946"/>
</kw>
<kw name="Run Keyword And Return Status" library="BuiltIn">
<var>${status}</var>
<arg>Write Log To File</arg>
<arg>C:/Users/Admin/PycharmProjects/SauceDemoAssignment/utils/log.txt</arg>
<arg>${timestamp} - ${level} - ${message}</arg>
<doc>Runs the given keyword with given arguments and returns the status as a Boolean value.</doc>
<kw name="Write Log To File" library="app_keywords">
<arg>C:/Users/Admin/PycharmProjects/SauceDemoAssignment/utils/log.txt</arg>
<arg>${timestamp} - ${level} - ${message}</arg>
<kw name="Append To File" library="OperatingSystem">
<arg>${file_path}</arg>
<arg>${message}\n</arg>
<doc>Appends the given content to the specified file.</doc>
<msg timestamp="20230726 00:20:33.947" level="INFO" html="true">Appended to file '&lt;a href="file://C:\Users\Admin\PycharmProjects\SauceDemoAssignment\utils\log.txt"&gt;C:\Users\Admin\PycharmProjects\SauceDemoAssignment\utils\log.txt&lt;/a&gt;'.</msg>
<status status="PASS" starttime="20230726 00:20:33.947" endtime="20230726 00:20:33.947"/>
</kw>
<status status="PASS" starttime="20230726 00:20:33.946" endtime="20230726 00:20:33.948"/>
</kw>
<msg timestamp="20230726 00:20:33.948" level="INFO">${status} = True</msg>
<status status="PASS" starttime="20230726 00:20:33.946" endtime="20230726 00:20:33.948"/>
</kw>
<kw name="Run Keyword If" library="BuiltIn">
<arg>'${status}'=='FAIL'</arg>
<arg>Log</arg>
<arg>Writing log to file failed</arg>
<doc>Runs the given keyword with the given arguments, if ``condition`` is true.</doc>
<status status="PASS" starttime="20230726 00:20:33.948" endtime="20230726 00:20:33.948"/>
</kw>
<status status="PASS" starttime="20230726 00:20:33.945" endtime="20230726 00:20:33.948"/>
</kw>
<kw name="Run Keywords" library="BuiltIn" type="TEARDOWN">
<arg>Capture Screenshot If Failed</arg>
<arg>AND</arg>
<arg>Close Application</arg>
<doc>Executes all the given keywords in a sequence.</doc>
<kw name="Capture Screenshot If Failed" library="app_keywords">
<kw name="Run Keyword If Test Failed" library="BuiltIn">
<arg>Capture Page Screenshot</arg>
<arg>filename=screenshots/${SUITE NAME}_${TEST NAME}_fail.png</arg>
<doc>Runs the given keyword with the given arguments, if the test failed.</doc>
<status status="PASS" starttime="20230726 00:20:33.949" endtime="20230726 00:20:33.950"/>
</kw>
<status status="PASS" starttime="20230726 00:20:33.949" endtime="20230726 00:20:33.950"/>
</kw>
<kw name="Close Application" library="app_keywords">
<kw name="Close Browser" library="SeleniumLibrary">
<doc>Closes the current browser.</doc>
<status status="PASS" starttime="20230726 00:20:33.950" endtime="20230726 00:20:36.286"/>
</kw>
<status status="PASS" starttime="20230726 00:20:33.950" endtime="20230726 00:20:36.286"/>
</kw>
<status status="PASS" starttime="20230726 00:20:33.949" endtime="20230726 00:20:36.286"/>
</kw>
<doc>Test checkout process with missing last name (TC202.2).</doc>
<tag>checkout_invalid</tag>
<tag>TC202.2</tag>
<tag>TS202</tag>
<status status="PASS" starttime="20230726 00:20:25.261" endtime="20230726 00:20:36.287"/>
</test>
<test id="s1-s1-t4" name="Checkout With Missing Postal Code" line="45">
<kw name="Setup Test For Checkout" library="app_keywords" type="SETUP">
<kw name="Open Application" library="app_keywords">
<kw name="Open Browser" library="SeleniumLibrary">
<arg>${BASE_URL}</arg>
<arg>${BROWSER}</arg>
<doc>Opens a new browser instance to the optional ``url``.</doc>
<msg timestamp="20230726 00:20:36.289" level="INFO">Opening browser 'Chrome' to base url 'https://www.saucedemo.com/'.</msg>
<status status="PASS" starttime="20230726 00:20:36.288" endtime="20230726 00:20:41.250"/>
</kw>
<kw name="Maximize Browser Window" library="SeleniumLibrary">
<doc>Maximizes current browser window.</doc>
<status status="PASS" starttime="20230726 00:20:41.251" endtime="20230726 00:20:41.402"/>
</kw>
<status status="PASS" starttime="20230726 00:20:36.288" endtime="20230726 00:20:41.402"/>
</kw>
<kw name="Login" library="app_keywords">
<arg>${standard_user}</arg>
<arg>${password}</arg>
<kw name="Input Text" library="SeleniumLibrary">
<arg>${username_locator}</arg>
<arg>${username}</arg>
<doc>Types the given ``text`` into the text field identified by ``locator``.</doc>
<msg timestamp="20230726 00:20:41.403" level="INFO">Typing text 'standard_user' into text field '//input[@data-test="username"]'.</msg>
<status status="PASS" starttime="20230726 00:20:41.403" endtime="20230726 00:20:41.660"/>
</kw>
<kw name="Input Text" library="SeleniumLibrary">
<arg>${password_locator}</arg>
<arg>${password}</arg>
<doc>Types the given ``text`` into the text field identified by ``locator``.</doc>
<msg timestamp="20230726 00:20:41.663" level="INFO">Typing text 'secret_sauce' into text field '//input[@data-test="password"]'.</msg>
<status status="PASS" starttime="20230726 00:20:41.661" endtime="20230726 00:20:41.878"/>
</kw>
<kw name="Click Button" library="SeleniumLibrary">
<arg>${login_button_locator}</arg>
<doc>Clicks the button identified by ``locator``.</doc>
<msg timestamp="20230726 00:20:41.880" level="INFO">Clicking button '//input[@data-test="login-button"]'.</msg>
<status status="PASS" starttime="20230726 00:20:41.878" endtime="20230726 00:20:42.073"/>
</kw>
<status status="PASS" starttime="20230726 00:20:41.402" endtime="20230726 00:20:42.074"/>
</kw>
<kw name="Add Product To Cart" library="app_keywords">
<arg>${Add_to_cart_product_1}</arg>
<kw name="Wait Until Element Is Visible" library="SeleniumLibrary">
<arg>${add_to_cart_button_locator}</arg>
<doc>Waits until the element ``locator`` is visible.</doc>
<status status="PASS" starttime="20230726 00:20:42.074" endtime="20230726 00:20:42.123"/>
</kw>
<kw name="Click Element" library="SeleniumLibrary">
<arg>${add_to_cart_button_locator}</arg>
<doc>Click the element identified by ``locator``.</doc>
<msg timestamp="20230726 00:20:42.125" level="INFO">Clicking element '//button[@id="add-to-cart-sauce-labs-backpack"]'.</msg>
<status status="PASS" starttime="20230726 00:20:42.124" endtime="20230726 00:20:42.180"/>
</kw>
<status status="PASS" starttime="20230726 00:20:42.074" endtime="20230726 00:20:42.180"/>
</kw>
<kw name="Go To Cart Page" library="app_keywords">
<kw name="Set Variable" library="BuiltIn">
<var>${cart_button_locator}</var>
<arg>${cart_button_locator}</arg>
<doc>Returns the given values which can then be assigned to a variables.</doc>
<msg timestamp="20230726 00:20:42.182" level="INFO">${cart_button_locator} = //a[@class="shopping_cart_link"]</msg>
<status status="PASS" starttime="20230726 00:20:42.182" endtime="20230726 00:20:42.182"/>
</kw>
<kw name="Wait Until Element Is Visible" library="SeleniumLibrary">
<arg>${cart_button_locator}</arg>
<doc>Waits until the element ``locator`` is visible.</doc>
<status status="PASS" starttime="20230726 00:20:42.182" endtime="20230726 00:20:42.223"/>
</kw>
<kw name="Click Element" library="SeleniumLibrary">
<arg>${cart_button_locator}</arg>
<doc>Click the element identified by ``locator``.</doc>
<msg timestamp="20230726 00:20:42.224" level="INFO">Clicking element '//a[@class="shopping_cart_link"]'.</msg>
<status status="PASS" starttime="20230726 00:20:42.223" endtime="20230726 00:20:42.278"/>
</kw>
<status status="PASS" starttime="20230726 00:20:42.180" endtime="20230726 00:20:42.278"/>
</kw>
<kw name="Go To Checkout" library="app_keywords">
<kw name="Click Button" library="SeleniumLibrary">
<arg>${checkout_button}</arg>
<doc>Clicks the button identified by ``locator``.</doc>
<msg timestamp="20230726 00:20:42.280" level="INFO">Clicking button '//button[@id="checkout"]'.</msg>
<status status="PASS" starttime="20230726 00:20:42.279" endtime="20230726 00:20:42.343"/>
</kw>
<status status="PASS" starttime="20230726 00:20:42.278" endtime="20230726 00:20:42.343"/>
</kw>
<status status="PASS" starttime="20230726 00:20:36.287" endtime="20230726 00:20:42.344"/>
</kw>
<kw name="Log Message" library="app_keywords">
<arg>Test checkout with missing postal code started</arg>
<kw name="Get Current Date" library="DateTime">
<var>${timestamp}</var>
<arg>result_format=%Y-%m-%d %H:%M:%S</arg>
<doc>Returns current local or UTC time with an optional increment.</doc>
<msg timestamp="20230726 00:20:42.347" level="INFO">${timestamp} = 2023-07-26 00:20:42</msg>
<status status="PASS" starttime="20230726 00:20:42.345" endtime="20230726 00:20:42.347"/>
</kw>
<kw name="Log" library="BuiltIn">
<arg>${timestamp} - ${level} - ${message}</arg>
<doc>Logs the given message with the given level.</doc>
<msg timestamp="20230726 00:20:42.349" level="INFO">2023-07-26 00:20:42 - INFO - Test checkout with missing postal code started</msg>
<status status="PASS" starttime="20230726 00:20:42.347" endtime="20230726 00:20:42.349"/>
</kw>
<kw name="Run Keyword And Return Status" library="BuiltIn">
<var>${status}</var>
<arg>Write Log To File</arg>
<arg>C:/Users/Admin/PycharmProjects/SauceDemoAssignment/utils/log.txt</arg>
<arg>${timestamp} - ${level} - ${message}</arg>
<doc>Runs the given keyword with given arguments and returns the status as a Boolean value.</doc>
<kw name="Write Log To File" library="app_keywords">
<arg>C:/Users/Admin/PycharmProjects/SauceDemoAssignment/utils/log.txt</arg>
<arg>${timestamp} - ${level} - ${message}</arg>
<kw name="Append To File" library="OperatingSystem">
<arg>${file_path}</arg>
<arg>${message}\n</arg>
<doc>Appends the given content to the specified file.</doc>
<msg timestamp="20230726 00:20:42.352" level="INFO" html="true">Appended to file '&lt;a href="file://C:\Users\Admin\PycharmProjects\SauceDemoAssignment\utils\log.txt"&gt;C:\Users\Admin\PycharmProjects\SauceDemoAssignment\utils\log.txt&lt;/a&gt;'.</msg>
<status status="PASS" starttime="20230726 00:20:42.352" endtime="20230726 00:20:42.352"/>
</kw>
<status status="PASS" starttime="20230726 00:20:42.351" endtime="20230726 00:20:42.352"/>
</kw>
<msg timestamp="20230726 00:20:42.352" level="INFO">${status} = True</msg>
<status status="PASS" starttime="20230726 00:20:42.351" endtime="20230726 00:20:42.352"/>
</kw>
<kw name="Run Keyword If" library="BuiltIn">
<arg>'${status}'=='FAIL'</arg>
<arg>Log</arg>
<arg>Writing log to file failed</arg>
<doc>Runs the given keyword with the given arguments, if ``condition`` is true.</doc>
<status status="PASS" starttime="20230726 00:20:42.353" endtime="20230726 00:20:42.354"/>
</kw>
<status status="PASS" starttime="20230726 00:20:42.344" endtime="20230726 00:20:42.354"/>
</kw>
<kw name="Enter Shipping Info" library="app_keywords">
<arg>${valid_first_name}</arg>
<arg>${valid_last_name}</arg>
<arg>${EMPTY}</arg>
<kw name="Input Text" library="SeleniumLibrary">
<arg>${first_name_locator}</arg>
<arg>${first_name}</arg>
<doc>Types the given ``text`` into the text field identified by ``locator``.</doc>
<msg timestamp="20230726 00:20:42.355" level="INFO">Typing text 'Santosh' into text field 'first-name'.</msg>
<status status="PASS" starttime="20230726 00:20:42.354" endtime="20230726 00:20:42.439"/>
</kw>
<kw name="Input Text" library="SeleniumLibrary">
<arg>${last_name_locator}</arg>
<arg>${last_name}</arg>
<doc>Types the given ``text`` into the text field identified by ``locator``.</doc>
<msg timestamp="20230726 00:20:42.439" level="INFO">Typing text 'Karad' into text field 'last-name'.</msg>
<status status="PASS" starttime="20230726 00:20:42.439" endtime="20230726 00:20:42.521"/>
</kw>
<kw name="Input Text" library="SeleniumLibrary">
<arg>${postal_code_locator}</arg>
<arg>${postal_code}</arg>
<doc>Types the given ``text`` into the text field identified by ``locator``.</doc>
<msg timestamp="20230726 00:20:42.522" level="INFO">Typing text '' into text field 'postal-code'.</msg>
<status status="PASS" starttime="20230726 00:20:42.521" endtime="20230726 00:20:42.599"/>
</kw>
<status status="PASS" starttime="20230726 00:20:42.354" endtime="20230726 00:20:42.599"/>
</kw>
<kw name="Continue Checkout" library="app_keywords">
<kw name="Click Button" library="SeleniumLibrary">
<arg>${Continue_button}</arg>
<doc>Clicks the button identified by ``locator``.</doc>
<msg timestamp="20230726 00:20:42.600" level="INFO">Clicking button '//input[@id="continue"]'.</msg>
<status status="PASS" starttime="20230726 00:20:42.600" endtime="20230726 00:20:42.658"/>
</kw>
<status status="PASS" starttime="20230726 00:20:42.600" endtime="20230726 00:20:42.658"/>
</kw>
<kw name="Get Error Message Text" library="app_keywords">
<var>${error_message_text}</var>
<kw name="Get Text" library="SeleniumLibrary">
<var>${error_message_text}</var>
<arg>${error_message_locator}</arg>
<doc>Returns the text value of the element identified by ``locator``.</doc>
<msg timestamp="20230726 00:20:42.685" level="INFO">${error_message_text} = Error: Postal Code is required</msg>
<status status="PASS" starttime="20230726 00:20:42.658" endtime="20230726 00:20:42.685"/>
</kw>
<msg timestamp="20230726 00:20:42.685" level="INFO">${error_message_text} = Error: Postal Code is required</msg>
<status status="PASS" starttime="20230726 00:20:42.658" endtime="20230726 00:20:42.685"/>
</kw>
<kw name="Should Be Equal" library="BuiltIn">
<arg>${error_message_text}</arg>
<arg>Error: Postal Code is required</arg>
<doc>Fails if the given objects are unequal.</doc>
<status status="PASS" starttime="20230726 00:20:42.685" endtime="20230726 00:20:42.686"/>
</kw>
<kw name="Log Message" library="app_keywords">
<arg>Test checkout with missing postal code finished</arg>
<kw name="Get Current Date" library="DateTime">
<var>${timestamp}</var>
<arg>result_format=%Y-%m-%d %H:%M:%S</arg>
<doc>Returns current local or UTC time with an optional increment.</doc>
<msg timestamp="20230726 00:20:42.687" level="INFO">${timestamp} = 2023-07-26 00:20:42</msg>
<status status="PASS" starttime="20230726 00:20:42.686" endtime="20230726 00:20:42.687"/>
</kw>
<kw name="Log" library="BuiltIn">
<arg>${timestamp} - ${level} - ${message}</arg>
<doc>Logs the given message with the given level.</doc>
<msg timestamp="20230726 00:20:42.687" level="INFO">2023-07-26 00:20:42 - INFO - Test checkout with missing postal code finished</msg>
<status status="PASS" starttime="20230726 00:20:42.687" endtime="20230726 00:20:42.687"/>
</kw>
<kw name="Run Keyword And Return Status" library="BuiltIn">
<var>${status}</var>
<arg>Write Log To File</arg>
<arg>C:/Users/Admin/PycharmProjects/SauceDemoAssignment/utils/log.txt</arg>
<arg>${timestamp} - ${level} - ${message}</arg>
<doc>Runs the given keyword with given arguments and returns the status as a Boolean value.</doc>
<kw name="Write Log To File" library="app_keywords">
<arg>C:/Users/Admin/PycharmProjects/SauceDemoAssignment/utils/log.txt</arg>
<arg>${timestamp} - ${level} - ${message}</arg>
<kw name="Append To File" library="OperatingSystem">
<arg>${file_path}</arg>
<arg>${message}\n</arg>
<doc>Appends the given content to the specified file.</doc>
<msg timestamp="20230726 00:20:42.734" level="INFO" html="true">Appended to file '&lt;a href="file://C:\Users\Admin\PycharmProjects\SauceDemoAssignment\utils\log.txt"&gt;C:\Users\Admin\PycharmProjects\SauceDemoAssignment\utils\log.txt&lt;/a&gt;'.</msg>
<status status="PASS" starttime="20230726 00:20:42.688" endtime="20230726 00:20:42.734"/>
</kw>
<status status="PASS" starttime="20230726 00:20:42.688" endtime="20230726 00:20:42.734"/>
</kw>
<msg timestamp="20230726 00:20:42.735" level="INFO">${status} = True</msg>
<status status="PASS" starttime="20230726 00:20:42.687" endtime="20230726 00:20:42.735"/>
</kw>
<kw name="Run Keyword If" library="BuiltIn">
<arg>'${status}'=='FAIL'</arg>
<arg>Log</arg>
<arg>Writing log to file failed</arg>
<doc>Runs the given keyword with the given arguments, if ``condition`` is true.</doc>
<status status="PASS" starttime="20230726 00:20:42.735" endtime="20230726 00:20:42.736"/>
</kw>
<status status="PASS" starttime="20230726 00:20:42.686" endtime="20230726 00:20:42.737"/>
</kw>
<kw name="Run Keywords" library="BuiltIn" type="TEARDOWN">
<arg>Capture Screenshot If Failed</arg>
<arg>AND</arg>
<arg>Close Application</arg>
<doc>Executes all the given keywords in a sequence.</doc>
<kw name="Capture Screenshot If Failed" library="app_keywords">
<kw name="Run Keyword If Test Failed" library="BuiltIn">
<arg>Capture Page Screenshot</arg>
<arg>filename=screenshots/${SUITE NAME}_${TEST NAME}_fail.png</arg>
<doc>Runs the given keyword with the given arguments, if the test failed.</doc>
<status status="PASS" starttime="20230726 00:20:42.738" endtime="20230726 00:20:42.738"/>
</kw>
<status status="PASS" starttime="20230726 00:20:42.738" endtime="20230726 00:20:42.738"/>
</kw>
<kw name="Close Application" library="app_keywords">
<kw name="Close Browser" library="SeleniumLibrary">
<doc>Closes the current browser.</doc>
<status status="PASS" starttime="20230726 00:20:42.739" endtime="20230726 00:20:45.279"/>
</kw>
<status status="PASS" starttime="20230726 00:20:42.739" endtime="20230726 00:20:45.280"/>
</kw>
<status status="PASS" starttime="20230726 00:20:42.737" endtime="20230726 00:20:45.280"/>
</kw>
<doc>Test checkout process with missing postal code (TC202.3).</doc>
<tag>checkout_invalid</tag>
<tag>TC202.3</tag>
<tag>TS202</tag>
<status status="PASS" starttime="20230726 00:20:36.287" endtime="20230726 00:20:45.280"/>
</test>
<test id="s1-s1-t5" name="Checkout With Empty Fields" line="55">
<kw name="Setup Test For Checkout" library="app_keywords" type="SETUP">
<kw name="Open Application" library="app_keywords">
<kw name="Open Browser" library="SeleniumLibrary">
<arg>${BASE_URL}</arg>
<arg>${BROWSER}</arg>
<doc>Opens a new browser instance to the optional ``url``.</doc>
<msg timestamp="20230726 00:20:45.283" level="INFO">Opening browser 'Chrome' to base url 'https://www.saucedemo.com/'.</msg>
<status status="PASS" starttime="20230726 00:20:45.282" endtime="20230726 00:20:50.577"/>
</kw>
<kw name="Maximize Browser Window" library="SeleniumLibrary">
<doc>Maximizes current browser window.</doc>
<status status="PASS" starttime="20230726 00:20:50.577" endtime="20230726 00:20:50.695"/>
</kw>
<status status="PASS" starttime="20230726 00:20:45.282" endtime="20230726 00:20:50.696"/>
</kw>
<kw name="Login" library="app_keywords">
<arg>${standard_user}</arg>
<arg>${password}</arg>
<kw name="Input Text" library="SeleniumLibrary">
<arg>${username_locator}</arg>
<arg>${username}</arg>
<doc>Types the given ``text`` into the text field identified by ``locator``.</doc>
<msg timestamp="20230726 00:20:50.698" level="INFO">Typing text 'standard_user' into text field '//input[@data-test="username"]'.</msg>
<status status="PASS" starttime="20230726 00:20:50.696" endtime="20230726 00:20:50.874"/>
</kw>
<kw name="Input Text" library="SeleniumLibrary">
<arg>${password_locator}</arg>
<arg>${password}</arg>
<doc>Types the given ``text`` into the text field identified by ``locator``.</doc>
<msg timestamp="20230726 00:20:50.875" level="INFO">Typing text 'secret_sauce' into text field '//input[@data-test="password"]'.</msg>
<status status="PASS" starttime="20230726 00:20:50.874" endtime="20230726 00:20:50.991"/>
</kw>
<kw name="Click Button" library="SeleniumLibrary">
<arg>${login_button_locator}</arg>
<doc>Clicks the button identified by ``locator``.</doc>
<msg timestamp="20230726 00:20:50.992" level="INFO">Clicking button '//input[@data-test="login-button"]'.</msg>
<status status="PASS" starttime="20230726 00:20:50.991" endtime="20230726 00:20:51.200"/>
</kw>
<status status="PASS" starttime="20230726 00:20:50.696" endtime="20230726 00:20:51.202"/>
</kw>
<kw name="Add Product To Cart" library="app_keywords">
<arg>${Add_to_cart_product_1}</arg>
<kw name="Wait Until Element Is Visible" library="SeleniumLibrary">
<arg>${add_to_cart_button_locator}</arg>
<doc>Waits until the element ``locator`` is visible.</doc>
<status status="PASS" starttime="20230726 00:20:51.204" endtime="20230726 00:20:51.294"/>
</kw>
<kw name="Click Element" library="SeleniumLibrary">
<arg>${add_to_cart_button_locator}</arg>
<doc>Click the element identified by ``locator``.</doc>
<msg timestamp="20230726 00:20:51.295" level="INFO">Clicking element '//button[@id="add-to-cart-sauce-labs-backpack"]'.</msg>
<status status="PASS" starttime="20230726 00:20:51.294" endtime="20230726 00:20:51.362"/>
</kw>
<status status="PASS" starttime="20230726 00:20:51.202" endtime="20230726 00:20:51.362"/>
</kw>
<kw name="Go To Cart Page" library="app_keywords">
<kw name="Set Variable" library="BuiltIn">
<var>${cart_button_locator}</var>
<arg>${cart_button_locator}</arg>
<doc>Returns the given values which can then be assigned to a variables.</doc>
<msg timestamp="20230726 00:20:51.363" level="INFO">${cart_button_locator} = //a[@class="shopping_cart_link"]</msg>
<status status="PASS" starttime="20230726 00:20:51.363" endtime="20230726 00:20:51.363"/>
</kw>
<kw name="Wait Until Element Is Visible" library="SeleniumLibrary">
<arg>${cart_button_locator}</arg>
<doc>Waits until the element ``locator`` is visible.</doc>
<status status="PASS" starttime="20230726 00:20:51.363" endtime="20230726 00:20:51.404"/>
</kw>
<kw name="Click Element" library="SeleniumLibrary">
<arg>${cart_button_locator}</arg>
<doc>Click the element identified by ``locator``.</doc>
<msg timestamp="20230726 00:20:51.409" level="INFO">Clicking element '//a[@class="shopping_cart_link"]'.</msg>
<status status="PASS" starttime="20230726 00:20:51.405" endtime="20230726 00:20:51.556"/>
</kw>
<status status="PASS" starttime="20230726 00:20:51.362" endtime="20230726 00:20:51.557"/>
</kw>
<kw name="Go To Checkout" library="app_keywords">
<kw name="Click Button" library="SeleniumLibrary">
<arg>${checkout_button}</arg>
<doc>Clicks the button identified by ``locator``.</doc>
<msg timestamp="20230726 00:20:51.564" level="INFO">Clicking button '//button[@id="checkout"]'.</msg>
<status status="PASS" starttime="20230726 00:20:51.562" endtime="20230726 00:20:51.658"/>
</kw>
<status status="PASS" starttime="20230726 00:20:51.558" endtime="20230726 00:20:51.658"/>
</kw>
<status status="PASS" starttime="20230726 00:20:45.281" endtime="20230726 00:20:51.658"/>
</kw>
<kw name="Log Message" library="app_keywords">
<arg>Test checkout with all fields left empty started</arg>
<kw name="Get Current Date" library="DateTime">
<var>${timestamp}</var>
<arg>result_format=%Y-%m-%d %H:%M:%S</arg>
<doc>Returns current local or UTC time with an optional increment.</doc>
<msg timestamp="20230726 00:20:51.659" level="INFO">${timestamp} = 2023-07-26 00:20:51</msg>
<status status="PASS" starttime="20230726 00:20:51.659" endtime="20230726 00:20:51.659"/>
</kw>
<kw name="Log" library="BuiltIn">
<arg>${timestamp} - ${level} - ${message}</arg>
<doc>Logs the given message with the given level.</doc>
<msg timestamp="20230726 00:20:51.661" level="INFO">2023-07-26 00:20:51 - INFO - Test checkout with all fields left empty started</msg>
<status status="PASS" starttime="20230726 00:20:51.660" endtime="20230726 00:20:51.661"/>
</kw>
<kw name="Run Keyword And Return Status" library="BuiltIn">
<var>${status}</var>
<arg>Write Log To File</arg>
<arg>C:/Users/Admin/PycharmProjects/SauceDemoAssignment/utils/log.txt</arg>
<arg>${timestamp} - ${level} - ${message}</arg>
<doc>Runs the given keyword with given arguments and returns the status as a Boolean value.</doc>
<kw name="Write Log To File" library="app_keywords">
<arg>C:/Users/Admin/PycharmProjects/SauceDemoAssignment/utils/log.txt</arg>
<arg>${timestamp} - ${level} - ${message}</arg>
<kw name="Append To File" library="OperatingSystem">
<arg>${file_path}</arg>
<arg>${message}\n</arg>
<doc>Appends the given content to the specified file.</doc>
<msg timestamp="20230726 00:20:51.663" level="INFO" html="true">Appended to file '&lt;a href="file://C:\Users\Admin\PycharmProjects\SauceDemoAssignment\utils\log.txt"&gt;C:\Users\Admin\PycharmProjects\SauceDemoAssignment\utils\log.txt&lt;/a&gt;'.</msg>
<status status="PASS" starttime="20230726 00:20:51.662" endtime="20230726 00:20:51.663"/>
</kw>
<status status="PASS" starttime="20230726 00:20:51.661" endtime="20230726 00:20:51.663"/>
</kw>
<msg timestamp="20230726 00:20:51.664" level="INFO">${status} = True</msg>
<status status="PASS" starttime="20230726 00:20:51.661" endtime="20230726 00:20:51.664"/>
</kw>
<kw name="Run Keyword If" library="BuiltIn">
<arg>'${status}'=='FAIL'</arg>
<arg>Log</arg>
<arg>Writing log to file failed</arg>
<doc>Runs the given keyword with the given arguments, if ``condition`` is true.</doc>
<status status="PASS" starttime="20230726 00:20:51.664" endtime="20230726 00:20:51.664"/>
</kw>
<status status="PASS" starttime="20230726 00:20:51.658" endtime="20230726 00:20:51.664"/>
</kw>
<kw name="Enter Shipping Info" library="app_keywords">
<arg>${EMPTY}</arg>
<arg>${EMPTY}</arg>
<arg>${EMPTY}</arg>
<kw name="Input Text" library="SeleniumLibrary">
<arg>${first_name_locator}</arg>
<arg>${first_name}</arg>
<doc>Types the given ``text`` into the text field identified by ``locator``.</doc>
<msg timestamp="20230726 00:20:51.667" level="INFO">Typing text '' into text field 'first-name'.</msg>
<status status="PASS" starttime="20230726 00:20:51.666" endtime="20230726 00:20:51.777"/>
</kw>
<kw name="Input Text" library="SeleniumLibrary">
<arg>${last_name_locator}</arg>
<arg>${last_name}</arg>
<doc>Types the given ``text`` into the text field identified by ``locator``.</doc>
<msg timestamp="20230726 00:20:51.778" level="INFO">Typing text '' into text field 'last-name'.</msg>
<status status="PASS" starttime="20230726 00:20:51.777" endtime="20230726 00:20:51.881"/>
</kw>
<kw name="Input Text" library="SeleniumLibrary">
<arg>${postal_code_locator}</arg>
<arg>${postal_code}</arg>
<doc>Types the given ``text`` into the text field identified by ``locator``.</doc>
<msg timestamp="20230726 00:20:51.881" level="INFO">Typing text '' into text field 'postal-code'.</msg>
<status status="PASS" starttime="20230726 00:20:51.881" endtime="20230726 00:20:51.980"/>
</kw>
<status status="PASS" starttime="20230726 00:20:51.664" endtime="20230726 00:20:51.980"/>
</kw>
<kw name="Continue Checkout" library="app_keywords">
<kw name="Click Button" library="SeleniumLibrary">
<arg>${Continue_button}</arg>
<doc>Clicks the button identified by ``locator``.</doc>
<msg timestamp="20230726 00:20:51.981" level="INFO">Clicking button '//input[@id="continue"]'.</msg>
<status status="PASS" starttime="20230726 00:20:51.980" endtime="20230726 00:20:52.063"/>
</kw>
<status status="PASS" starttime="20230726 00:20:51.980" endtime="20230726 00:20:52.063"/>
</kw>
<kw name="Get Error Message Text" library="app_keywords">
<var>${error_message_text}</var>
<kw name="Get Text" library="SeleniumLibrary">
<var>${error_message_text}</var>
<arg>${error_message_locator}</arg>
<doc>Returns the text value of the element identified by ``locator``.</doc>
<msg timestamp="20230726 00:20:52.102" level="INFO">${error_message_text} = Error: First Name is required</msg>
<status status="PASS" starttime="20230726 00:20:52.064" endtime="20230726 00:20:52.102"/>
</kw>
<msg timestamp="20230726 00:20:52.102" level="INFO">${error_message_text} = Error: First Name is required</msg>
<status status="PASS" starttime="20230726 00:20:52.064" endtime="20230726 00:20:52.102"/>
</kw>
<kw name="Should Be Equal" library="BuiltIn">
<arg>${error_message_text}</arg>
<arg>Error: First Name is required</arg>
<doc>Fails if the given objects are unequal.</doc>
<status status="PASS" starttime="20230726 00:20:52.102" endtime="20230726 00:20:52.103"/>
</kw>
<kw name="Log Message" library="app_keywords">
<arg>Test checkout with missing first name finished</arg>
<kw name="Get Current Date" library="DateTime">
<var>${timestamp}</var>
<arg>result_format=%Y-%m-%d %H:%M:%S</arg>
<doc>Returns current local or UTC time with an optional increment.</doc>
<msg timestamp="20230726 00:20:52.108" level="INFO">${timestamp} = 2023-07-26 00:20:52</msg>
<status status="PASS" starttime="20230726 00:20:52.104" endtime="20230726 00:20:52.108"/>
</kw>
<kw name="Log" library="BuiltIn">
<arg>${timestamp} - ${level} - ${message}</arg>
<doc>Logs the given message with the given level.</doc>
<msg timestamp="20230726 00:20:52.108" level="INFO">2023-07-26 00:20:52 - INFO - Test checkout with missing first name finished</msg>
<status status="PASS" starttime="20230726 00:20:52.108" endtime="20230726 00:20:52.109"/>
</kw>
<kw name="Run Keyword And Return Status" library="BuiltIn">
<var>${status}</var>
<arg>Write Log To File</arg>
<arg>C:/Users/Admin/PycharmProjects/SauceDemoAssignment/utils/log.txt</arg>
<arg>${timestamp} - ${level} - ${message}</arg>
<doc>Runs the given keyword with given arguments and returns the status as a Boolean value.</doc>
<kw name="Write Log To File" library="app_keywords">
<arg>C:/Users/Admin/PycharmProjects/SauceDemoAssignment/utils/log.txt</arg>
<arg>${timestamp} - ${level} - ${message}</arg>
<kw name="Append To File" library="OperatingSystem">
<arg>${file_path}</arg>
<arg>${message}\n</arg>
<doc>Appends the given content to the specified file.</doc>
<msg timestamp="20230726 00:20:52.110" level="INFO" html="true">Appended to file '&lt;a href="file://C:\Users\Admin\PycharmProjects\SauceDemoAssignment\utils\log.txt"&gt;C:\Users\Admin\PycharmProjects\SauceDemoAssignment\utils\log.txt&lt;/a&gt;'.</msg>
<status status="PASS" starttime="20230726 00:20:52.109" endtime="20230726 00:20:52.111"/>
</kw>
<status status="PASS" starttime="20230726 00:20:52.109" endtime="20230726 00:20:52.111"/>
</kw>
<msg timestamp="20230726 00:20:52.111" level="INFO">${status} = True</msg>
<status status="PASS" starttime="20230726 00:20:52.109" endtime="20230726 00:20:52.111"/>
</kw>
<kw name="Run Keyword If" library="BuiltIn">
<arg>'${status}'=='FAIL'</arg>
<arg>Log</arg>
<arg>Writing log to file failed</arg>
<doc>Runs the given keyword with the given arguments, if ``condition`` is true.</doc>
<status status="PASS" starttime="20230726 00:20:52.111" endtime="20230726 00:20:52.111"/>
</kw>
<status status="PASS" starttime="20230726 00:20:52.103" endtime="20230726 00:20:52.111"/>
</kw>
<kw name="Run Keywords" library="BuiltIn" type="TEARDOWN">
<arg>Capture Screenshot If Failed</arg>
<arg>AND</arg>
<arg>Close Application</arg>
<doc>Executes all the given keywords in a sequence.</doc>
<kw name="Capture Screenshot If Failed" library="app_keywords">
<kw name="Run Keyword If Test Failed" library="BuiltIn">
<arg>Capture Page Screenshot</arg>
<arg>filename=screenshots/${SUITE NAME}_${TEST NAME}_fail.png</arg>
<doc>Runs the given keyword with the given arguments, if the test failed.</doc>
<status status="PASS" starttime="20230726 00:20:52.112" endtime="20230726 00:20:52.112"/>
</kw>
<status status="PASS" starttime="20230726 00:20:52.112" endtime="20230726 00:20:52.112"/>
</kw>
<kw name="Close Application" library="app_keywords">
<kw name="Close Browser" library="SeleniumLibrary">
<doc>Closes the current browser.</doc>
<status status="PASS" starttime="20230726 00:20:52.112" endtime="20230726 00:20:54.593"/>
</kw>
<status status="PASS" starttime="20230726 00:20:52.112" endtime="20230726 00:20:54.594"/>
</kw>
<status status="PASS" starttime="20230726 00:20:52.111" endtime="20230726 00:20:54.594"/>
</kw>
<doc>Test checkout process with all fields left empty (TC205.1).</doc>
<tag>checkout_invalid</tag>
<tag>TC205.1</tag>
<tag>TS205</tag>
<status status="PASS" starttime="20230726 00:20:45.281" endtime="20230726 00:20:54.594"/>
</test>
<test id="s1-s1-t6" name="Verify Order Confirmation After Final Checkout" line="65">
<kw name="Setup Test For Checkout" library="app_keywords" type="SETUP">
<kw name="Open Application" library="app_keywords">
<kw name="Open Browser" library="SeleniumLibrary">
<arg>${BASE_URL}</arg>
<arg>${BROWSER}</arg>
<doc>Opens a new browser instance to the optional ``url``.</doc>
<msg timestamp="20230726 00:20:54.597" level="INFO">Opening browser 'Chrome' to base url 'https://www.saucedemo.com/'.</msg>
<status status="PASS" starttime="20230726 00:20:54.596" endtime="20230726 00:21:00.619"/>
</kw>
<kw name="Maximize Browser Window" library="SeleniumLibrary">
<doc>Maximizes current browser window.</doc>
<status status="PASS" starttime="20230726 00:21:00.619" endtime="20230726 00:21:00.747"/>
</kw>
<status status="PASS" starttime="20230726 00:20:54.596" endtime="20230726 00:21:00.747"/>
</kw>
<kw name="Login" library="app_keywords">
<arg>${standard_user}</arg>
<arg>${password}</arg>
<kw name="Input Text" library="SeleniumLibrary">
<arg>${username_locator}</arg>
<arg>${username}</arg>
<doc>Types the given ``text`` into the text field identified by ``locator``.</doc>
<msg timestamp="20230726 00:21:00.754" level="INFO">Typing text 'standard_user' into text field '//input[@data-test="username"]'.</msg>
<status status="PASS" starttime="20230726 00:21:00.751" endtime="20230726 00:21:00.958"/>
</kw>
<kw name="Input Text" library="SeleniumLibrary">
<arg>${password_locator}</arg>
<arg>${password}</arg>
<doc>Types the given ``text`` into the text field identified by ``locator``.</doc>
<msg timestamp="20230726 00:21:00.959" level="INFO">Typing text 'secret_sauce' into text field '//input[@data-test="password"]'.</msg>
<status status="PASS" starttime="20230726 00:21:00.958" endtime="20230726 00:21:01.075"/>
</kw>
<kw name="Click Button" library="SeleniumLibrary">
<arg>${login_button_locator}</arg>
<doc>Clicks the button identified by ``locator``.</doc>
<msg timestamp="20230726 00:21:01.076" level="INFO">Clicking button '//input[@data-test="login-button"]'.</msg>
<status status="PASS" starttime="20230726 00:21:01.076" endtime="20230726 00:21:01.171"/>
</kw>
<status status="PASS" starttime="20230726 00:21:00.747" endtime="20230726 00:21:01.171"/>
</kw>
<kw name="Add Product To Cart" library="app_keywords">
<arg>${Add_to_cart_product_1}</arg>
<kw name="Wait Until Element Is Visible" library="SeleniumLibrary">
<arg>${add_to_cart_button_locator}</arg>
<doc>Waits until the element ``locator`` is visible.</doc>
<status status="PASS" starttime="20230726 00:21:01.171" endtime="20230726 00:21:01.195"/>
</kw>
<kw name="Click Element" library="SeleniumLibrary">
<arg>${add_to_cart_button_locator}</arg>
<doc>Click the element identified by ``locator``.</doc>
<msg timestamp="20230726 00:21:01.196" level="INFO">Clicking element '//button[@id="add-to-cart-sauce-labs-backpack"]'.</msg>
<status status="PASS" starttime="20230726 00:21:01.195" endtime="20230726 00:21:01.238"/>
</kw>
<status status="PASS" starttime="20230726 00:21:01.171" endtime="20230726 00:21:01.239"/>
</kw>
<kw name="Go To Cart Page" library="app_keywords">
<kw name="Set Variable" library="BuiltIn">
<var>${cart_button_locator}</var>
<arg>${cart_button_locator}</arg>
<doc>Returns the given values which can then be assigned to a variables.</doc>
<msg timestamp="20230726 00:21:01.239" level="INFO">${cart_button_locator} = //a[@class="shopping_cart_link"]</msg>
<status status="PASS" starttime="20230726 00:21:01.239" endtime="20230726 00:21:01.239"/>
</kw>
<kw name="Wait Until Element Is Visible" library="SeleniumLibrary">
<arg>${cart_button_locator}</arg>
<doc>Waits until the element ``locator`` is visible.</doc>
<status status="PASS" starttime="20230726 00:21:01.240" endtime="20230726 00:21:01.263"/>
</kw>
<kw name="Click Element" library="SeleniumLibrary">
<arg>${cart_button_locator}</arg>
<doc>Click the element identified by ``locator``.</doc>
<msg timestamp="20230726 00:21:01.265" level="INFO">Clicking element '//a[@class="shopping_cart_link"]'.</msg>
<status status="PASS" starttime="20230726 00:21:01.264" endtime="20230726 00:21:01.312"/>
</kw>
<status status="PASS" starttime="20230726 00:21:01.239" endtime="20230726 00:21:01.312"/>
</kw>
<kw name="Go To Checkout" library="app_keywords">
<kw name="Click Button" library="SeleniumLibrary">
<arg>${checkout_button}</arg>
<doc>Clicks the button identified by ``locator``.</doc>
<msg timestamp="20230726 00:21:01.315" level="INFO">Clicking button '//button[@id="checkout"]'.</msg>
<status status="PASS" starttime="20230726 00:21:01.314" endtime="20230726 00:21:01.389"/>
</kw>
<status status="PASS" starttime="20230726 00:21:01.313" endtime="20230726 00:21:01.389"/>
</kw>
<status status="PASS" starttime="20230726 00:20:54.595" endtime="20230726 00:21:01.389"/>
</kw>
<kw name="Log Message" library="app_keywords">
<arg>Test order confirmation after final checkout started</arg>
<kw name="Get Current Date" library="DateTime">
<var>${timestamp}</var>
<arg>result_format=%Y-%m-%d %H:%M:%S</arg>
<doc>Returns current local or UTC time with an optional increment.</doc>
<msg timestamp="20230726 00:21:01.390" level="INFO">${timestamp} = 2023-07-26 00:21:01</msg>
<status status="PASS" starttime="20230726 00:21:01.390" endtime="20230726 00:21:01.390"/>
</kw>
<kw name="Log" library="BuiltIn">
<arg>${timestamp} - ${level} - ${message}</arg>
<doc>Logs the given message with the given level.</doc>
<msg timestamp="20230726 00:21:01.391" level="INFO">2023-07-26 00:21:01 - INFO - Test order confirmation after final checkout started</msg>
<status status="PASS" starttime="20230726 00:21:01.391" endtime="20230726 00:21:01.391"/>
</kw>
<kw name="Run Keyword And Return Status" library="BuiltIn">
<var>${status}</var>
<arg>Write Log To File</arg>
<arg>C:/Users/Admin/PycharmProjects/SauceDemoAssignment/utils/log.txt</arg>
<arg>${timestamp} - ${level} - ${message}</arg>
<doc>Runs the given keyword with given arguments and returns the status as a Boolean value.</doc>
<kw name="Write Log To File" library="app_keywords">
<arg>C:/Users/Admin/PycharmProjects/SauceDemoAssignment/utils/log.txt</arg>
<arg>${timestamp} - ${level} - ${message}</arg>
<kw name="Append To File" library="OperatingSystem">
<arg>${file_path}</arg>
<arg>${message}\n</arg>
<doc>Appends the given content to the specified file.</doc>
<msg timestamp="20230726 00:21:01.656" level="INFO" html="true">Appended to file '&lt;a href="file://C:\Users\Admin\PycharmProjects\SauceDemoAssignment\utils\log.txt"&gt;C:\Users\Admin\PycharmProjects\SauceDemoAssignment\utils\log.txt&lt;/a&gt;'.</msg>
<status status="PASS" starttime="20230726 00:21:01.392" endtime="20230726 00:21:01.656"/>
</kw>
<status status="PASS" starttime="20230726 00:21:01.391" endtime="20230726 00:21:01.657"/>
</kw>
<msg timestamp="20230726 00:21:01.657" level="INFO">${status} = True</msg>
<status status="PASS" starttime="20230726 00:21:01.391" endtime="20230726 00:21:01.657"/>
</kw>
<kw name="Run Keyword If" library="BuiltIn">
<arg>'${status}'=='FAIL'</arg>
<arg>Log</arg>
<arg>Writing log to file failed</arg>
<doc>Runs the given keyword with the given arguments, if ``condition`` is true.</doc>
<status status="PASS" starttime="20230726 00:21:01.658" endtime="20230726 00:21:01.659"/>
</kw>
<status status="PASS" starttime="20230726 00:21:01.389" endtime="20230726 00:21:01.659"/>
</kw>
<kw name="Enter Shipping Info" library="app_keywords">
<arg>${valid_first_name}</arg>
<arg>${valid_last_name}</arg>
<arg>${valid_postal_code}</arg>
<kw name="Input Text" library="SeleniumLibrary">
<arg>${first_name_locator}</arg>
<arg>${first_name}</arg>
<doc>Types the given ``text`` into the text field identified by ``locator``.</doc>
[...]
</kw>
<kw name="Page Should Contain Element" library="SeleniumLibrary">
<arg>${finish_button}</arg>
<doc>Verifies that element ``locator`` is found on the current page.</doc>
<msg timestamp="20230726 00:21:47.724" level="INFO">Current page contains element '//button[@id="finish"]'.</msg>
<status status="PASS" starttime="20230726 00:21:47.713" endtime="20230726 00:21:47.725"/>
</kw>
<kw name="Log Message" library="app_keywords">
<arg>Test checkout with numeric values in last name finished</arg>
<kw name="Get Current Date" library="DateTime">
<var>${timestamp}</var>
<arg>result_format=%Y-%m-%d %H:%M:%S</arg>
<doc>Returns current local or UTC time with an optional increment.</doc>
<msg timestamp="20230726 00:21:47.726" level="INFO">${timestamp} = 2023-07-26 00:21:47</msg>
<status status="PASS" starttime="20230726 00:21:47.725" endtime="20230726 00:21:47.726"/>
</kw>
<kw name="Log" library="BuiltIn">
<arg>${timestamp} - ${level} - ${message}</arg>
<doc>Logs the given message with the given level.</doc>
<msg timestamp="20230726 00:21:47.726" level="INFO">2023-07-26 00:21:47 - INFO - Test checkout with numeric values in last name finished</msg>
<status status="PASS" starttime="20230726 00:21:47.726" endtime="20230726 00:21:47.726"/>
</kw>
<kw name="Run Keyword And Return Status" library="BuiltIn">
<var>${status}</var>
<arg>Write Log To File</arg>
<arg>C:/Users/Admin/PycharmProjects/SauceDemoAssignment/utils/log.txt</arg>
<arg>${timestamp} - ${level} - ${message}</arg>
<doc>Runs the given keyword with given arguments and returns the status as a Boolean value.</doc>
<kw name="Write Log To File" library="app_keywords">
<arg>C:/Users/Admin/PycharmProjects/SauceDemoAssignment/utils/log.txt</arg>
<arg>${timestamp} - ${level} - ${message}</arg>
<kw name="Append To File" library="OperatingSystem">
<arg>${file_path}</arg>
<arg>${message}\n</arg>
<doc>Appends the given content to the specified file.</doc>
<msg timestamp="20230726 00:21:47.728" level="INFO" html="true">Appended to file '&lt;a href="file://C:\Users\Admin\PycharmProjects\SauceDemoAssignment\utils\log.txt"&gt;C:\Users\Admin\PycharmProjects\SauceDemoAssignment\utils\log.txt&lt;/a&gt;'.</msg>
<status status="PASS" starttime="20230726 00:21:47.727" endtime="20230726 00:21:47.728"/>
</kw>
<status status="PASS" starttime="20230726 00:21:47.726" endtime="20230726 00:21:47.728"/>
</kw>
<msg timestamp="20230726 00:21:47.728" level="INFO">${status} = True</msg>
<status status="PASS" starttime="20230726 00:21:47.726" endtime="20230726 00:21:47.728"/>
</kw>
<kw name="Run Keyword If" library="BuiltIn">
<arg>'${status}'=='FAIL'</arg>
<arg>Log</arg>
<arg>Writing log to file failed</arg>
<doc>Runs the given keyword with the given arguments, if ``condition`` is true.</doc>
<status status="PASS" starttime="20230726 00:21:47.728" endtime="20230726 00:21:47.728"/>
</kw>
<status status="PASS" starttime="20230726 00:21:47.725" endtime="20230726 00:21:47.728"/>
</kw>
<kw name="Run Keywords" library="BuiltIn" type="TEARDOWN">
<arg>Capture Screenshot If Failed</arg>
<arg>AND</arg>
<arg>Close Application</arg>
<doc>Executes all the given keywords in a sequence.</doc>
<kw name="Capture Screenshot If Failed" library="app_keywords">
<kw name="Run Keyword If Test Failed" library="BuiltIn">
<arg>Capture Page Screenshot</arg>
<arg>filename=screenshots/${SUITE NAME}_${TEST NAME}_fail.png</arg>
<doc>Runs the given keyword with the given arguments, if the test failed.</doc>
<status status="PASS" starttime="20230726 00:21:47.729" endtime="20230726 00:21:47.729"/>
</kw>
<status status="PASS" starttime="20230726 00:21:47.729" endtime="20230726 00:21:47.729"/>
</kw>
<kw name="Close Application" library="app_keywords">
<kw name="Close Browser" library="SeleniumLibrary">
<doc>Closes the current browser.</doc>
<status status="PASS" starttime="20230726 00:21:47.730" endtime="20230726 00:21:49.932"/>
</kw>
<status status="PASS" starttime="20230726 00:21:47.729" endtime="20230726 00:21:49.932"/>
</kw>
<status status="PASS" starttime="20230726 00:21:47.729" endtime="20230726 00:21:49.932"/>
</kw>
<doc>Test checkout process with numeric values in last name (TC208.2).</doc>
<tag>checkout_valid</tag>
<tag>TC208.2</tag>
<tag>TS208</tag>
<status status="PASS" starttime="20230726 00:21:41.461" endtime="20230726 00:21:49.933"/>
</test>
<test id="s1-s1-t12" name="Checkout With Alphabetical Values In PostalCode" line="127">
<kw name="Setup Test For Checkout" library="app_keywords" type="SETUP">
<kw name="Open Application" library="app_keywords">
<kw name="Open Browser" library="SeleniumLibrary">
<arg>${BASE_URL}</arg>
<arg>${BROWSER}</arg>
<doc>Opens a new browser instance to the optional ``url``.</doc>
<msg timestamp="20230726 00:21:49.936" level="INFO">Opening browser 'Chrome' to base url 'https://www.saucedemo.com/'.</msg>
<status status="PASS" starttime="20230726 00:21:49.936" endtime="20230726 00:21:53.449"/>
</kw>
<kw name="Maximize Browser Window" library="SeleniumLibrary">
<doc>Maximizes current browser window.</doc>
<status status="PASS" starttime="20230726 00:21:53.449" endtime="20230726 00:21:53.566"/>
</kw>
<status status="PASS" starttime="20230726 00:21:49.935" endtime="20230726 00:21:53.566"/>
</kw>
<kw name="Login" library="app_keywords">
<arg>${standard_user}</arg>
<arg>${password}</arg>
<kw name="Input Text" library="SeleniumLibrary">
<arg>${username_locator}</arg>
<arg>${username}</arg>
<doc>Types the given ``text`` into the text field identified by ``locator``.</doc>
<msg timestamp="20230726 00:21:53.567" level="INFO">Typing text 'standard_user' into text field '//input[@data-test="username"]'.</msg>
<status status="PASS" starttime="20230726 00:21:53.566" endtime="20230726 00:21:53.682"/>
</kw>
<kw name="Input Text" library="SeleniumLibrary">
<arg>${password_locator}</arg>
<arg>${password}</arg>
<doc>Types the given ``text`` into the text field identified by ``locator``.</doc>
<msg timestamp="20230726 00:21:53.683" level="INFO">Typing text 'secret_sauce' into text field '//input[@data-test="password"]'.</msg>
<status status="PASS" starttime="20230726 00:21:53.682" endtime="20230726 00:21:53.760"/>
</kw>
<kw name="Click Button" library="SeleniumLibrary">
<arg>${login_button_locator}</arg>
<doc>Clicks the button identified by ``locator``.</doc>
<msg timestamp="20230726 00:21:53.761" level="INFO">Clicking button '//input[@data-test="login-button"]'.</msg>
<status status="PASS" starttime="20230726 00:21:53.760" endtime="20230726 00:21:53.841"/>
</kw>
<status status="PASS" starttime="20230726 00:21:53.566" endtime="20230726 00:21:53.841"/>
</kw>
<kw name="Add Product To Cart" library="app_keywords">
<arg>${Add_to_cart_product_1}</arg>
<kw name="Wait Until Element Is Visible" library="SeleniumLibrary">
<arg>${add_to_cart_button_locator}</arg>
<doc>Waits until the element ``locator`` is visible.</doc>
<status status="PASS" starttime="20230726 00:21:53.842" endtime="20230726 00:21:53.869"/>
</kw>
<kw name="Click Element" library="SeleniumLibrary">
<arg>${add_to_cart_button_locator}</arg>
<doc>Click the element identified by ``locator``.</doc>
<msg timestamp="20230726 00:21:53.869" level="INFO">Clicking element '//button[@id="add-to-cart-sauce-labs-backpack"]'.</msg>
<status status="PASS" starttime="20230726 00:21:53.869" endtime="20230726 00:21:53.910"/>
</kw>
<status status="PASS" starttime="20230726 00:21:53.841" endtime="20230726 00:21:53.911"/>
</kw>
<kw name="Go To Cart Page" library="app_keywords">
<kw name="Set Variable" library="BuiltIn">
<var>${cart_button_locator}</var>
<arg>${cart_button_locator}</arg>
<doc>Returns the given values which can then be assigned to a variables.</doc>
<msg timestamp="20230726 00:21:53.912" level="INFO">${cart_button_locator} = //a[@class="shopping_cart_link"]</msg>
<status status="PASS" starttime="20230726 00:21:53.911" endtime="20230726 00:21:53.912"/>
</kw>
<kw name="Wait Until Element Is Visible" library="SeleniumLibrary">
<arg>${cart_button_locator}</arg>
<doc>Waits until the element ``locator`` is visible.</doc>
<status status="PASS" starttime="20230726 00:21:53.912" endtime="20230726 00:21:53.939"/>
</kw>
<kw name="Click Element" library="SeleniumLibrary">
<arg>${cart_button_locator}</arg>
<doc>Click the element identified by ``locator``.</doc>
<msg timestamp="20230726 00:21:53.940" level="INFO">Clicking element '//a[@class="shopping_cart_link"]'.</msg>
<status status="PASS" starttime="20230726 00:21:53.939" endtime="20230726 00:21:53.987"/>
</kw>
<status status="PASS" starttime="20230726 00:21:53.911" endtime="20230726 00:21:53.987"/>
</kw>
<kw name="Go To Checkout" library="app_keywords">
<kw name="Click Button" library="SeleniumLibrary">
<arg>${checkout_button}</arg>
<doc>Clicks the button identified by ``locator``.</doc>
<msg timestamp="20230726 00:21:53.988" level="INFO">Clicking button '//button[@id="checkout"]'.</msg>
<status status="PASS" starttime="20230726 00:21:53.988" endtime="20230726 00:21:54.050"/>
</kw>
<status status="PASS" starttime="20230726 00:21:53.987" endtime="20230726 00:21:54.050"/>
</kw>
<status status="PASS" starttime="20230726 00:21:49.933" endtime="20230726 00:21:54.050"/>
</kw>
<kw name="Log Message" library="app_keywords">
<arg>Test checkout with alphabetical values in postal code started</arg>
<kw name="Get Current Date" library="DateTime">
<var>${timestamp}</var>
<arg>result_format=%Y-%m-%d %H:%M:%S</arg>
<doc>Returns current local or UTC time with an optional increment.</doc>
<msg timestamp="20230726 00:21:54.051" level="INFO">${timestamp} = 2023-07-26 00:21:54</msg>
<status status="PASS" starttime="20230726 00:21:54.050" endtime="20230726 00:21:54.051"/>
</kw>
<kw name="Log" library="BuiltIn">
<arg>${timestamp} - ${level} - ${message}</arg>
<doc>Logs the given message with the given level.</doc>
<msg timestamp="20230726 00:21:54.051" level="INFO">2023-07-26 00:21:54 - INFO - Test checkout with alphabetical values in postal code started</msg>
<status status="PASS" starttime="20230726 00:21:54.051" endtime="20230726 00:21:54.052"/>
</kw>
<kw name="Run Keyword And Return Status" library="BuiltIn">
<var>${status}</var>
<arg>Write Log To File</arg>
<arg>C:/Users/Admin/PycharmProjects/SauceDemoAssignment/utils/log.txt</arg>
<arg>${timestamp} - ${level} - ${message}</arg>
<doc>Runs the given keyword with given arguments and returns the status as a Boolean value.</doc>
<kw name="Write Log To File" library="app_keywords">
<arg>C:/Users/Admin/PycharmProjects/SauceDemoAssignment/utils/log.txt</arg>
<arg>${timestamp} - ${level} - ${message}</arg>
<kw name="Append To File" library="OperatingSystem">
<arg>${file_path}</arg>
<arg>${message}\n</arg>
<doc>Appends the given content to the specified file.</doc>
<msg timestamp="20230726 00:21:54.054" level="INFO" html="true">Appended to file '&lt;a href="file://C:\Users\Admin\PycharmProjects\SauceDemoAssignment\utils\log.txt"&gt;C:\Users\Admin\PycharmProjects\SauceDemoAssignment\utils\log.txt&lt;/a&gt;'.</msg>
<status status="PASS" starttime="20230726 00:21:54.052" endtime="20230726 00:21:54.054"/>
</kw>
<status status="PASS" starttime="20230726 00:21:54.052" endtime="20230726 00:21:54.054"/>
</kw>
<msg timestamp="20230726 00:21:54.054" level="INFO">${status} = True</msg>
<status status="PASS" starttime="20230726 00:21:54.052" endtime="20230726 00:21:54.054"/>
</kw>
<kw name="Run Keyword If" library="BuiltIn">
<arg>'${status}'=='FAIL'</arg>
<arg>Log</arg>
<arg>Writing log to file failed</arg>
<doc>Runs the given keyword with the given arguments, if ``condition`` is true.</doc>
<status status="PASS" starttime="20230726 00:21:54.055" endtime="20230726 00:21:54.055"/>
</kw>
<status status="PASS" starttime="20230726 00:21:54.050" endtime="20230726 00:21:54.056"/>
</kw>
<kw name="Enter Shipping Info" library="app_keywords">
<arg>${valid_first_name}</arg>
<arg>${valid_last_name}</arg>
<arg>${alphabetical_values}</arg>
<kw name="Input Text" library="SeleniumLibrary">
<arg>${first_name_locator}</arg>
<arg>${first_name}</arg>
<doc>Types the given ``text`` into the text field identified by ``locator``.</doc>
<msg timestamp="20230726 00:21:54.057" level="INFO">Typing text 'Santosh' into text field 'first-name'.</msg>
<status status="PASS" starttime="20230726 00:21:54.057" endtime="20230726 00:21:54.160"/>
</kw>
<kw name="Input Text" library="SeleniumLibrary">
<arg>${last_name_locator}</arg>
<arg>${last_name}</arg>
<doc>Types the given ``text`` into the text field identified by ``locator``.</doc>
<msg timestamp="20230726 00:21:54.160" level="INFO">Typing text 'Karad' into text field 'last-name'.</msg>
<status status="PASS" starttime="20230726 00:21:54.160" endtime="20230726 00:21:54.240"/>
</kw>
<kw name="Input Text" library="SeleniumLibrary">
<arg>${postal_code_locator}</arg>
<arg>${postal_code}</arg>
<doc>Types the given ``text`` into the text field identified by ``locator``.</doc>
<msg timestamp="20230726 00:21:54.241" level="INFO">Typing text 'ABCDE' into text field 'postal-code'.</msg>
<status status="PASS" starttime="20230726 00:21:54.240" endtime="20230726 00:21:54.314"/>
</kw>
<status status="PASS" starttime="20230726 00:21:54.056" endtime="20230726 00:21:54.314"/>
</kw>
<kw name="Continue Checkout" library="app_keywords">
<kw name="Click Button" library="SeleniumLibrary">
<arg>${Continue_button}</arg>
<doc>Clicks the button identified by ``locator``.</doc>
<msg timestamp="20230726 00:21:54.316" level="INFO">Clicking button '//input[@id="continue"]'.</msg>
<status status="PASS" starttime="20230726 00:21:54.315" endtime="20230726 00:21:54.369"/>
</kw>
<status status="PASS" starttime="20230726 00:21:54.315" endtime="20230726 00:21:54.369"/>
</kw>
<kw name="Element Text Should Be" library="SeleniumLibrary">
<arg>${checkout_overview}</arg>
<arg>Checkout: Overview</arg>
<doc>Verifies that element ``locator`` contains exact the text ``expected``.</doc>
<msg timestamp="20230726 00:21:54.371" level="INFO">Verifying element '//span[@class="title"]' contains exact text 'Checkout: Overview'.</msg>
<status status="PASS" starttime="20230726 00:21:54.370" endtime="20230726 00:21:54.395"/>
</kw>
<kw name="Page Should Contain Element" library="SeleniumLibrary">
<arg>${finish_button}</arg>
<doc>Verifies that element ``locator`` is found on the current page.</doc>
<msg timestamp="20230726 00:21:54.407" level="INFO">Current page contains element '//button[@id="finish"]'.</msg>
<status status="PASS" starttime="20230726 00:21:54.396" endtime="20230726 00:21:54.407"/>
</kw>
<kw name="Log Message" library="app_keywords">
<arg>Test checkout with alphabetical values in postal code finished</arg>
<kw name="Get Current Date" library="DateTime">
<var>${timestamp}</var>
<arg>result_format=%Y-%m-%d %H:%M:%S</arg>
<doc>Returns current local or UTC time with an optional increment.</doc>
<msg timestamp="20230726 00:21:54.408" level="INFO">${timestamp} = 2023-07-26 00:21:54</msg>
<status status="PASS" starttime="20230726 00:21:54.408" endtime="20230726 00:21:54.408"/>
</kw>
<kw name="Log" library="BuiltIn">
<arg>${timestamp} - ${level} - ${message}</arg>
<doc>Logs the given message with the given level.</doc>
<msg timestamp="20230726 00:21:54.409" level="INFO">2023-07-26 00:21:54 - INFO - Test checkout with alphabetical values in postal code finished</msg>
<status status="PASS" starttime="20230726 00:21:54.409" endtime="20230726 00:21:54.409"/>
</kw>
<kw name="Run Keyword And Return Status" library="BuiltIn">
<var>${status}</var>
<arg>Write Log To File</arg>
<arg>C:/Users/Admin/PycharmProjects/SauceDemoAssignment/utils/log.txt</arg>
<arg>${timestamp} - ${level} - ${message}</arg>
<doc>Runs the given keyword with given arguments and returns the status as a Boolean value.</doc>
<kw name="Write Log To File" library="app_keywords">
<arg>C:/Users/Admin/PycharmProjects/SauceDemoAssignment/utils/log.txt</arg>
<arg>${timestamp} - ${level} - ${message}</arg>
<kw name="Append To File" library="OperatingSystem">
<arg>${file_path}</arg>
<arg>${message}\n</arg>
<doc>Appends the given content to the specified file.</doc>
<msg timestamp="20230726 00:21:54.421" level="INFO" html="true">Appended to file '&lt;a href="file://C:\Users\Admin\PycharmProjects\SauceDemoAssignment\utils\log.txt"&gt;C:\Users\Admin\PycharmProjects\SauceDemoAssignment\utils\log.txt&lt;/a&gt;'.</msg>
<status status="PASS" starttime="20230726 00:21:54.410" endtime="20230726 00:21:54.421"/>
</kw>
<status status="PASS" starttime="20230726 00:21:54.409" endtime="20230726 00:21:54.421"/>
</kw>
<msg timestamp="20230726 00:21:54.422" level="INFO">${status} = True</msg>
<status status="PASS" starttime="20230726 00:21:54.409" endtime="20230726 00:21:54.422"/>
</kw>
<kw name="Run Keyword If" library="BuiltIn">
<arg>'${status}'=='FAIL'</arg>
<arg>Log</arg>
<arg>Writing log to file failed</arg>
<doc>Runs the given keyword with the given arguments, if ``condition`` is true.</doc>
<status status="PASS" starttime="20230726 00:21:54.422" endtime="20230726 00:21:54.422"/>
</kw>
<status status="PASS" starttime="20230726 00:21:54.407" endtime="20230726 00:21:54.422"/>
</kw>
<kw name="Run Keywords" library="BuiltIn" type="TEARDOWN">
<arg>Capture Screenshot If Failed</arg>
<arg>AND</arg>
<arg>Close Application</arg>
<doc>Executes all the given keywords in a sequence.</doc>
<kw name="Capture Screenshot If Failed" library="app_keywords">
<kw name="Run Keyword If Test Failed" library="BuiltIn">
<arg>Capture Page Screenshot</arg>
<arg>filename=screenshots/${SUITE NAME}_${TEST NAME}_fail.png</arg>
<doc>Runs the given keyword with the given arguments, if the test failed.</doc>
<status status="PASS" starttime="20230726 00:21:54.423" endtime="20230726 00:21:54.423"/>
</kw>
<status status="PASS" starttime="20230726 00:21:54.422" endtime="20230726 00:21:54.423"/>
</kw>
<kw name="Close Application" library="app_keywords">
<kw name="Close Browser" library="SeleniumLibrary">
<doc>Closes the current browser.</doc>
<status status="PASS" starttime="20230726 00:21:54.423" endtime="20230726 00:21:56.624"/>
</kw>
<status status="PASS" starttime="20230726 00:21:54.423" endtime="20230726 00:21:56.625"/>
</kw>
<status status="PASS" starttime="20230726 00:21:54.422" endtime="20230726 00:21:56.625"/>
</kw>
<doc>Test checkout process by entering alphabetical values in Zip/Postal Code (TC209.1).</doc>
<tag>checkout_valid</tag>
<tag>TC209.1</tag>
<tag>TS209</tag>
<status status="PASS" starttime="20230726 00:21:49.933" endtime="20230726 00:21:56.626"/>
</test>
<doc>A test suite with tests for checkout functionality.</doc>
<status status="PASS" starttime="20230726 00:20:04.570" endtime="20230726 00:21:56.628"/>
</suite>
<status status="PASS" starttime="20230726 00:20:04.554" endtime="20230726 00:21:56.631"/>
</suite>
<statistics>
<total>
<stat pass="12" fail="0" skip="0">All Tests</stat>
</total>
<tag>
<stat pass="4" fail="0" skip="0">checkout_invalid</stat>
<stat pass="8" fail="0" skip="0">checkout_valid</stat>
<stat pass="1" fail="0" skip="0">TC201.1</stat>
<stat pass="1" fail="0" skip="0">TC202.1</stat>
<stat pass="1" fail="0" skip="0">TC202.2</stat>
<stat pass="1" fail="0" skip="0">TC202.3</stat>
<stat pass="1" fail="0" skip="0">TC205.1</stat>
<stat pass="1" fail="0" skip="0">TC206.1</stat>
<stat pass="1" fail="0" skip="0">TC207.1</stat>
<stat pass="1" fail="0" skip="0">TC207.2</stat>
<stat pass="1" fail="0" skip="0">TC207.3</stat>
<stat pass="1" fail="0" skip="0">TC208.1</stat>
<stat pass="1" fail="0" skip="0">TC208.2</stat>
<stat pass="1" fail="0" skip="0">TC209.1</stat>
<stat pass="1" fail="0" skip="0">TS201</stat>
<stat pass="3" fail="0" skip="0">TS202</stat>
<stat pass="1" fail="0" skip="0">TS205</stat>
<stat pass="1" fail="0" skip="0">TS206</stat>
<stat pass="3" fail="0" skip="0">TS207</stat>
<stat pass="2" fail="0" skip="0">TS208</stat>
<stat pass="1" fail="0" skip="0">TS209</stat>
</tag>
<suite>
<stat pass="12" fail="0" skip="0" id="s1" name="Tests">Tests</stat>
<stat pass="12" fail="0" skip="0" id="s1-s1" name="Checkout Tests">Tests.Checkout Tests</stat>
</suite>
</statistics>
<errors>
</errors>
</robot>
